# JRE version: Java(TM) SE Runtime Environment (8.0_111-b14) (build 1.8.0_111-b14)
# Java VM: Java HotSpot(TM) 64-Bit Server VM (25.111-b14 mixed mode linux-amd64 compressed oops)
Heap:
 PSYoungGen      total 414208K, used 0K [0x00000000e0000000, 0x0000000100000000, 0x0000000100000000)
  eden space 304128K, 0% used [0x00000000e0000000,0x00000000e0000000,0x00000000f2900000)
  from space 110080K, 0% used [0x00000000f2900000,0x00000000f2900000,0x00000000f9480000)
  to   space 103936K, 0% used [0x00000000f9a80000,0x00000000f9a80000,0x0000000100000000)
 ParOldGen       total 477184K, used 450321K [0x00000000a0000000, 0x00000000bd200000, 0x00000000e0000000)
  object space 477184K, 94% used [0x00000000a0000000,0x00000000bb7c46d0,0x00000000bd200000)
 Metaspace       used 63159K, capacity 64568K, committed 64896K, reserved 1105920K
  class space    used 8244K, capacity 8542K, committed 8576K, reserved 1048576K
GC Heap History (10 events):
Event: 117.810 GC heap after
Heap after GC invocations=33 (full 5):
 PSYoungGen      total 435200K, used 57009K [0x00000000e0000000, 0x0000000100000000, 0x0000000100000000)
  eden space 356352K, 0% used [0x00000000e0000000,0x00000000e0000000,0x00000000f5c00000)
  from space 78848K, 72% used [0x00000000fb300000,0x00000000feaac6a0,0x0000000100000000)
  to   space 83968K, 0% used [0x00000000f5c00000,0x00000000f5c00000,0x00000000fae00000)
 ParOldGen       total 307200K, used 257315K [0x00000000a0000000, 0x00000000b2c00000, 0x00000000e0000000)
  object space 307200K, 83% used [0x00000000a0000000,0x00000000afb48f40,0x00000000b2c00000)
 Metaspace       used 63152K, capacity 64568K, committed 64896K, reserved 1105920K
  class space    used 8244K, capacity 8542K, committed 8576K, reserved 1048576K
}
Event: 117.810 GC heap before
{Heap before GC invocations=34 (full 6):
 PSYoungGen      total 435200K, used 57009K [0x00000000e0000000, 0x0000000100000000, 0x0000000100000000)
  eden space 356352K, 0% used [0x00000000e0000000,0x00000000e0000000,0x00000000f5c00000)
  from space 78848K, 72% used [0x00000000fb300000,0x00000000feaac6a0,0x0000000100000000)
  to   space 83968K, 0% used [0x00000000f5c00000,0x00000000f5c00000,0x00000000fae00000)
 ParOldGen       total 307200K, used 257315K [0x00000000a0000000, 0x00000000b2c00000, 0x00000000e0000000)
  object space 307200K, 83% used [0x00000000a0000000,0x00000000afb48f40,0x00000000b2c00000)
 Metaspace       used 63152K, capacity 64568K, committed 64896K, reserved 1105920K
  class space    used 8244K, capacity 8542K, committed 8576K, reserved 1048576K
Event: 120.117 GC heap after
Heap after GC invocations=34 (full 6):
 PSYoungGen      total 435200K, used 0K [0x00000000e0000000, 0x0000000100000000, 0x0000000100000000)
  eden space 356352K, 0% used [0x00000000e0000000,0x00000000e0000000,0x00000000f5c00000)
  from space 78848K, 0% used [0x00000000fb300000,0x00000000fb300000,0x0000000100000000)
  to   space 83968K, 0% used [0x00000000f5c00000,0x00000000f5c00000,0x00000000fae00000)
 ParOldGen       total 477184K, used 306770K [0x00000000a0000000, 0x00000000bd200000, 0x00000000e0000000)
  object space 477184K, 64% used [0x00000000a0000000,0x00000000b2b94b28,0x00000000bd200000)
 Metaspace       used 63152K, capacity 64568K, committed 64896K, reserved 1105920K
  class space    used 8244K, capacity 8542K, committed 8576K, reserved 1048576K
}
Event: 122.102 GC heap before
{Heap before GC invocations=35 (full 6):
 PSYoungGen      total 435200K, used 356352K [0x00000000e0000000, 0x0000000100000000, 0x0000000100000000)
  eden space 356352K, 100% used [0x00000000e0000000,0x00000000f5c00000,0x00000000f5c00000)
  from space 78848K, 0% used [0x00000000fb300000,0x00000000fb300000,0x0000000100000000)
  to   space 83968K, 0% used [0x00000000f5c00000,0x00000000f5c00000,0x00000000fae00000)
 ParOldGen       total 477184K, used 306770K [0x00000000a0000000, 0x00000000bd200000, 0x00000000e0000000)
  object space 477184K, 64% used [0x00000000a0000000,0x00000000b2b94b28,0x00000000bd200000)
 Metaspace       used 63158K, capacity 64568K, committed 64896K, reserved 1105920K
  class space    used 8244K, capacity 8542K, committed 8576K, reserved 1048576K
Event: 122.275 GC heap after
Heap after GC invocations=35 (full 6):
 PSYoungGen      total 413696K, used 56936K [0x00000000e0000000, 0x0000000100000000, 0x0000000100000000)
  eden space 356352K, 0% used [0x00000000e0000000,0x00000000e0000000,0x00000000f5c00000)
  from space 57344K, 99% used [0x00000000f5c00000,0x00000000f939a358,0x00000000f9400000)
  to   space 87552K, 0% used [0x00000000faa80000,0x00000000faa80000,0x0000000100000000)
 ParOldGen       total 477184K, used 306778K [0x00000000a0000000, 0x00000000bd200000, 0x00000000e0000000)
  object space 477184K, 64% used [0x00000000a0000000,0x00000000b2b96b28,0x00000000bd200000)
 Metaspace       used 63158K, capacity 64568K, committed 64896K, reserved 1105920K
  class space    used 8244K, capacity 8542K, committed 8576K, reserved 1048576K
}
Event: 124.291 GC heap before
{Heap before GC invocations=36 (full 6):
 PSYoungGen      total 413696K, used 413288K [0x00000000e0000000, 0x0000000100000000, 0x0000000100000000)
  eden space 356352K, 100% used [0x00000000e0000000,0x00000000f5c00000,0x00000000f5c00000)
  from space 57344K, 99% used [0x00000000f5c00000,0x00000000f939a358,0x00000000f9400000)
  to   space 87552K, 0% used [0x00000000faa80000,0x00000000faa80000,0x0000000100000000)
 ParOldGen       total 477184K, used 306778K [0x00000000a0000000, 0x00000000bd200000, 0x00000000e0000000)
  object space 477184K, 64% used [0x00000000a0000000,0x00000000b2b96b28,0x00000000bd200000)
 Metaspace       used 63158K, capacity 64568K, committed 64896K, reserved 1105920K
  class space    used 8244K, capacity 8542K, committed 8576K, reserved 1048576K
Event: 124.576 GC heap after
Heap after GC invocations=36 (full 6):
 PSYoungGen      total 391680K, used 87538K [0x00000000e0000000, 0x0000000100000000, 0x0000000100000000)
  eden space 304128K, 0% used [0x00000000e0000000,0x00000000e0000000,0x00000000f2900000)
  from space 87552K, 99% used [0x00000000faa80000,0x00000000ffffca50,0x0000000100000000)
  to   space 110080K, 0% used [0x00000000f2900000,0x00000000f2900000,0x00000000f9480000)
 ParOldGen       total 477184K, used 328083K [0x00000000a0000000, 0x00000000bd200000, 0x00000000e0000000)
  object space 477184K, 68% used [0x00000000a0000000,0x00000000b4064f28,0x00000000bd200000)
 Metaspace       used 63158K, capacity 64568K, committed 64896K, reserved 1105920K
  class space    used 8244K, capacity 8542K, committed 8576K, reserved 1048576K
}
Event: 126.137 GC heap before
{Heap before GC invocations=37 (full 6):
 PSYoungGen      total 391680K, used 391666K [0x00000000e0000000, 0x0000000100000000, 0x0000000100000000)
  eden space 304128K, 100% used [0x00000000e0000000,0x00000000f2900000,0x00000000f2900000)
  from space 87552K, 99% used [0x00000000faa80000,0x00000000ffffca50,0x0000000100000000)
  to   space 110080K, 0% used [0x00000000f2900000,0x00000000f2900000,0x00000000f9480000)
 ParOldGen       total 477184K, used 328083K [0x00000000a0000000, 0x00000000bd200000, 0x00000000e0000000)
  object space 477184K, 68% used [0x00000000a0000000,0x00000000b4064f28,0x00000000bd200000)
 Metaspace       used 63159K, capacity 64568K, committed 64896K, reserved 1105920K
  class space    used 8244K, capacity 8542K, committed 8576K, reserved 1048576K
Event: 126.593 GC heap after
Heap after GC invocations=37 (full 6):
 PSYoungGen      total 414208K, used 44116K [0x00000000e0000000, 0x0000000100000000, 0x0000000100000000)
  eden space 304128K, 0% used [0x00000000e0000000,0x00000000e0000000,0x00000000f2900000)
  from space 110080K, 40% used [0x00000000f2900000,0x00000000f5415290,0x00000000f9480000)
  to   space 103936K, 0% used [0x00000000f9a80000,0x00000000f9a80000,0x0000000100000000)
 ParOldGen       total 477184K, used 415792K [0x00000000a0000000, 0x00000000bd200000, 0x00000000e0000000)
  object space 477184K, 87% used [0x00000000a0000000,0x00000000b960c150,0x00000000bd200000)
 Metaspace       used 63159K, capacity 64568K, committed 64896K, reserved 1105920K
  class space    used 8244K, capacity 8542K, committed 8576K, reserved 1048576K
}
Event: 126.594 GC heap before
{Heap before GC invocations=38 (full 7):
 PSYoungGen      total 414208K, used 44116K [0x00000000e0000000, 0x0000000100000000, 0x0000000100000000)
  eden space 304128K, 0% used [0x00000000e0000000,0x00000000e0000000,0x00000000f2900000)
  from space 110080K, 40% used [0x00000000f2900000,0x00000000f5415290,0x00000000f9480000)
  to   space 103936K, 0% used [0x00000000f9a80000,0x00000000f9a80000,0x0000000100000000)
 ParOldGen       total 477184K, used 415792K [0x00000000a0000000, 0x00000000bd200000, 0x00000000e0000000)
  object space 477184K, 87% used [0x00000000a0000000,0x00000000b960c150,0x00000000bd200000)
 Metaspace       used 63159K, capacity 64568K, committed 64896K, reserved 1105920K
  class space    used 8244K, capacity 8542K, committed 8576K, reserved 1048576K

