# JRE version: Java(TM) SE Runtime Environment (8.0_111-b14) (build 1.8.0_111-b14)
# Java VM: Java HotSpot(TM) 64-Bit Server VM (25.111-b14 mixed mode linux-amd64 compressed oops)
Heap:
 PSYoungGen      total 410624K, used 0K [0x00000000e0000000, 0x0000000100000000, 0x0000000100000000)
  eden space 296960K, 0% used [0x00000000e0000000,0x00000000e0000000,0x00000000f2200000)
  from space 113664K, 0% used [0x00000000f2200000,0x00000000f2200000,0x00000000f9100000)
  to   space 113664K, 0% used [0x00000000f9100000,0x00000000f9100000,0x0000000100000000)
 ParOldGen       total 844288K, used 757513K [0x00000000a0000000, 0x00000000d3880000, 0x00000000e0000000)
  object space 844288K, 89% used [0x00000000a0000000,0x00000000ce3c25e0,0x00000000d3880000)
 Metaspace       used 78494K, capacity 81772K, committed 83584K, reserved 1122304K
  class space    used 10046K, capacity 10653K, committed 11392K, reserved 1048576K
GC Heap History (10 events):
Event: 2619.278 GC heap after
Heap after GC invocations=64 (full 10):
 PSYoungGen      total 432640K, used 50804K [0x00000000e0000000, 0x00000000ff780000, 0x0000000100000000)
  eden space 348160K, 0% used [0x00000000e0000000,0x00000000e0000000,0x00000000f5400000)
  from space 84480K, 60% used [0x00000000fa400000,0x00000000fd59d138,0x00000000ff680000)
  to   space 81920K, 0% used [0x00000000f5400000,0x00000000f5400000,0x00000000fa400000)
 ParOldGen       total 582656K, used 542199K [0x00000000a0000000, 0x00000000c3900000, 0x00000000e0000000)
  object space 582656K, 93% used [0x00000000a0000000,0x00000000c117de58,0x00000000c3900000)
 Metaspace       used 78493K, capacity 81772K, committed 83584K, reserved 1122304K
  class space    used 10046K, capacity 10653K, committed 11392K, reserved 1048576K
}
Event: 2619.278 GC heap before
{Heap before GC invocations=65 (full 11):
 PSYoungGen      total 432640K, used 50804K [0x00000000e0000000, 0x00000000ff780000, 0x0000000100000000)
  eden space 348160K, 0% used [0x00000000e0000000,0x00000000e0000000,0x00000000f5400000)
  from space 84480K, 60% used [0x00000000fa400000,0x00000000fd59d138,0x00000000ff680000)
  to   space 81920K, 0% used [0x00000000f5400000,0x00000000f5400000,0x00000000fa400000)
 ParOldGen       total 582656K, used 542199K [0x00000000a0000000, 0x00000000c3900000, 0x00000000e0000000)
  object space 582656K, 93% used [0x00000000a0000000,0x00000000c117de58,0x00000000c3900000)
 Metaspace       used 78493K, capacity 81772K, committed 83584K, reserved 1122304K
  class space    used 10046K, capacity 10653K, committed 11392K, reserved 1048576K
Event: 2623.707 GC heap after
Heap after GC invocations=65 (full 11):
 PSYoungGen      total 432640K, used 3564K [0x00000000e0000000, 0x00000000ff780000, 0x0000000100000000)
  eden space 348160K, 0% used [0x00000000e0000000,0x00000000e0000000,0x00000000f5400000)
  from space 84480K, 4% used [0x00000000fa400000,0x00000000fa77b158,0x00000000ff680000)
  to   space 81920K, 0% used [0x00000000f5400000,0x00000000f5400000,0x00000000fa400000)
 ParOldGen       total 844288K, used 582565K [0x00000000a0000000, 0x00000000d3880000, 0x00000000e0000000)
  object space 844288K, 69% used [0x00000000a0000000,0x00000000c38e9528,0x00000000d3880000)
 Metaspace       used 78493K, capacity 81772K, committed 83584K, reserved 1122304K
  class space    used 10046K, capacity 10653K, committed 11392K, reserved 1048576K
}
Event: 2625.108 GC heap before
{Heap before GC invocations=66 (full 11):
 PSYoungGen      total 432640K, used 351724K [0x00000000e0000000, 0x00000000ff780000, 0x0000000100000000)
  eden space 348160K, 100% used [0x00000000e0000000,0x00000000f5400000,0x00000000f5400000)
  from space 84480K, 4% used [0x00000000fa400000,0x00000000fa77b158,0x00000000ff680000)
  to   space 81920K, 0% used [0x00000000f5400000,0x00000000f5400000,0x00000000fa400000)
 ParOldGen       total 844288K, used 582565K [0x00000000a0000000, 0x00000000d3880000, 0x00000000e0000000)
  object space 844288K, 69% used [0x00000000a0000000,0x00000000c38e9528,0x00000000d3880000)
 Metaspace       used 78494K, capacity 81772K, committed 83584K, reserved 1122304K
  class space    used 10046K, capacity 10653K, committed 11392K, reserved 1048576K
Event: 2625.497 GC heap after
Heap after GC invocations=66 (full 11):
 PSYoungGen      total 430080K, used 81903K [0x00000000e0000000, 0x0000000100000000, 0x0000000100000000)
  eden space 348160K, 0% used [0x00000000e0000000,0x00000000e0000000,0x00000000f5400000)
  from space 81920K, 99% used [0x00000000f5400000,0x00000000fa3fbd70,0x00000000fa400000)
  to   space 94208K, 0% used [0x00000000fa400000,0x00000000fa400000,0x0000000100000000)
 ParOldGen       total 844288K, used 630219K [0x00000000a0000000, 0x00000000d3880000, 0x00000000e0000000)
  object space 844288K, 74% used [0x00000000a0000000,0x00000000c6772d70,0x00000000d3880000)
 Metaspace       used 78494K, capacity 81772K, committed 83584K, reserved 1122304K
  class space    used 10046K, capacity 10653K, committed 11392K, reserved 1048576K
}
Event: 2627.002 GC heap before
{Heap before GC invocations=67 (full 11):
 PSYoungGen      total 430080K, used 430063K [0x00000000e0000000, 0x0000000100000000, 0x0000000100000000)
  eden space 348160K, 100% used [0x00000000e0000000,0x00000000f5400000,0x00000000f5400000)
  from space 81920K, 99% used [0x00000000f5400000,0x00000000fa3fbd70,0x00000000fa400000)
  to   space 94208K, 0% used [0x00000000fa400000,0x00000000fa400000,0x0000000100000000)
 ParOldGen       total 844288K, used 630219K [0x00000000a0000000, 0x00000000d3880000, 0x00000000e0000000)
  object space 844288K, 74% used [0x00000000a0000000,0x00000000c6772d70,0x00000000d3880000)
 Metaspace       used 78494K, capacity 81772K, committed 83584K, reserved 1122304K
  class space    used 10046K, capacity 10653K, committed 11392K, reserved 1048576K
Event: 2627.274 GC heap after
Heap after GC invocations=67 (full 11):
 PSYoungGen      total 391168K, used 81699K [0x00000000e0000000, 0x0000000100000000, 0x0000000100000000)
  eden space 296960K, 0% used [0x00000000e0000000,0x00000000e0000000,0x00000000f2200000)
  from space 94208K, 86% used [0x00000000fa400000,0x00000000ff3c8de0,0x0000000100000000)
  to   space 113664K, 0% used [0x00000000f2200000,0x00000000f2200000,0x00000000f9100000)
 ParOldGen       total 844288K, used 702003K [0x00000000a0000000, 0x00000000d3880000, 0x00000000e0000000)
  object space 844288K, 83% used [0x00000000a0000000,0x00000000cad8cc68,0x00000000d3880000)
 Metaspace       used 78494K, capacity 81772K, committed 83584K, reserved 1122304K
  class space    used 10046K, capacity 10653K, committed 11392K, reserved 1048576K
}
Event: 2628.052 GC heap before
{Heap before GC invocations=68 (full 11):
 PSYoungGen      total 391168K, used 378659K [0x00000000e0000000, 0x0000000100000000, 0x0000000100000000)
  eden space 296960K, 100% used [0x00000000e0000000,0x00000000f2200000,0x00000000f2200000)
  from space 94208K, 86% used [0x00000000fa400000,0x00000000ff3c8de0,0x0000000100000000)
  to   space 113664K, 0% used [0x00000000f2200000,0x00000000f2200000,0x00000000f9100000)
 ParOldGen       total 844288K, used 702003K [0x00000000a0000000, 0x00000000d3880000, 0x00000000e0000000)
  object space 844288K, 83% used [0x00000000a0000000,0x00000000cad8cc68,0x00000000d3880000)
 Metaspace       used 78494K, capacity 81772K, committed 83584K, reserved 1122304K
  class space    used 10046K, capacity 10653K, committed 11392K, reserved 1048576K
Event: 2628.250 GC heap after
Heap after GC invocations=68 (full 11):
 PSYoungGen      total 410624K, used 113643K [0x00000000e0000000, 0x0000000100000000, 0x0000000100000000)
  eden space 296960K, 0% used [0x00000000e0000000,0x00000000e0000000,0x00000000f2200000)
  from space 113664K, 99% used [0x00000000f2200000,0x00000000f90fadf0,0x00000000f9100000)
  to   space 113664K, 0% used [0x00000000f9100000,0x00000000f9100000,0x0000000100000000)
 ParOldGen       total 844288K, used 767446K [0x00000000a0000000, 0x00000000d3880000, 0x00000000e0000000)
  object space 844288K, 90% used [0x00000000a0000000,0x00000000ced759a0,0x00000000d3880000)
 Metaspace       used 78494K, capacity 81772K, committed 83584K, reserved 1122304K
  class space    used 10046K, capacity 10653K, committed 11392K, reserved 1048576K
}
Event: 2628.250 GC heap before
{Heap before GC invocations=69 (full 12):
 PSYoungGen      total 410624K, used 113643K [0x00000000e0000000, 0x0000000100000000, 0x0000000100000000)
  eden space 296960K, 0% used [0x00000000e0000000,0x00000000e0000000,0x00000000f2200000)
  from space 113664K, 99% used [0x00000000f2200000,0x00000000f90fadf0,0x00000000f9100000)
  to   space 113664K, 0% used [0x00000000f9100000,0x00000000f9100000,0x0000000100000000)
 ParOldGen       total 844288K, used 767446K [0x00000000a0000000, 0x00000000d3880000, 0x00000000e0000000)
  object space 844288K, 90% used [0x00000000a0000000,0x00000000ced759a0,0x00000000d3880000)
 Metaspace       used 78494K, capacity 81772K, committed 83584K, reserved 1122304K
  class space    used 10046K, capacity 10653K, committed 11392K, reserved 1048576K

