# JRE version: Java(TM) SE Runtime Environment (8.0_111-b14) (build 1.8.0_111-b14)
# Java VM: Java HotSpot(TM) 64-Bit Server VM (25.111-b14 mixed mode linux-amd64 compressed oops)
Heap:
 PSYoungGen      total 355840K, used 53533K [0x00000000e0000000, 0x0000000100000000, 0x0000000100000000)
  eden space 187392K, 0% used [0x00000000e0000000,0x00000000e0000000,0x00000000eb700000)
  from space 168448K, 31% used [0x00000000eb700000,0x00000000eeb47480,0x00000000f5b80000)
  to   space 165376K, 0% used [0x00000000f5e80000,0x00000000f5e80000,0x0000000100000000)
 ParOldGen       total 718848K, used 718501K [0x00000000a0000000, 0x00000000cbe00000, 0x00000000e0000000)
  object space 718848K, 99% used [0x00000000a0000000,0x00000000cbda9630,0x00000000cbe00000)
 Metaspace       used 52807K, capacity 54174K, committed 54400K, reserved 1095680K
  class space    used 7007K, capacity 7293K, committed 7296K, reserved 1048576K
GC Heap History (10 events):
Event: 155.681 GC heap after
Heap after GC invocations=33 (full 6):
 PSYoungGen      total 420352K, used 6051K [0x00000000e0000000, 0x0000000100000000, 0x0000000100000000)
  eden space 316416K, 0% used [0x00000000e0000000,0x00000000e0000000,0x00000000f3500000)
  from space 103936K, 5% used [0x00000000f3500000,0x00000000f3ae8d20,0x00000000f9a80000)
  to   space 100352K, 0% used [0x00000000f9e00000,0x00000000f9e00000,0x0000000100000000)
 ParOldGen       total 718848K, used 491339K [0x00000000a0000000, 0x00000000cbe00000, 0x00000000e0000000)
  object space 718848K, 68% used [0x00000000a0000000,0x00000000bdfd2fc0,0x00000000cbe00000)
 Metaspace       used 52790K, capacity 54174K, committed 54400K, reserved 1095680K
  class space    used 7005K, capacity 7293K, committed 7296K, reserved 1048576K
}
Event: 157.988 GC heap before
{Heap before GC invocations=34 (full 6):
 PSYoungGen      total 420352K, used 322467K [0x00000000e0000000, 0x0000000100000000, 0x0000000100000000)
  eden space 316416K, 100% used [0x00000000e0000000,0x00000000f3500000,0x00000000f3500000)
  from space 103936K, 5% used [0x00000000f3500000,0x00000000f3ae8d20,0x00000000f9a80000)
  to   space 100352K, 0% used [0x00000000f9e00000,0x00000000f9e00000,0x0000000100000000)
 ParOldGen       total 718848K, used 491339K [0x00000000a0000000, 0x00000000cbe00000, 0x00000000e0000000)
  object space 718848K, 68% used [0x00000000a0000000,0x00000000bdfd2fc0,0x00000000cbe00000)
 Metaspace       used 52801K, capacity 54174K, committed 54400K, reserved 1095680K
  class space    used 7006K, capacity 7293K, committed 7296K, reserved 1048576K
Event: 158.340 GC heap after
Heap after GC invocations=34 (full 6):
 PSYoungGen      total 407552K, used 45312K [0x00000000e0000000, 0x00000000ff380000, 0x0000000100000000)
  eden space 320000K, 0% used [0x00000000e0000000,0x00000000e0000000,0x00000000f3880000)
  from space 87552K, 51% used [0x00000000f9e00000,0x00000000fca400c0,0x00000000ff380000)
  to   space 95744K, 0% used [0x00000000f3880000,0x00000000f3880000,0x00000000f9600000)
 ParOldGen       total 718848K, used 495568K [0x00000000a0000000, 0x00000000cbe00000, 0x00000000e0000000)
  object space 718848K, 68% used [0x00000000a0000000,0x00000000be3f40e8,0x00000000cbe00000)
 Metaspace       used 52801K, capacity 54174K, committed 54400K, reserved 1095680K
  class space    used 7006K, capacity 7293K, committed 7296K, reserved 1048576K
}
Event: 164.501 GC heap before
{Heap before GC invocations=35 (full 6):
 PSYoungGen      total 407552K, used 365312K [0x00000000e0000000, 0x00000000ff380000, 0x0000000100000000)
  eden space 320000K, 100% used [0x00000000e0000000,0x00000000f3880000,0x00000000f3880000)
  from space 87552K, 51% used [0x00000000f9e00000,0x00000000fca400c0,0x00000000ff380000)
  to   space 95744K, 0% used [0x00000000f3880000,0x00000000f3880000,0x00000000f9600000)
 ParOldGen       total 718848K, used 495568K [0x00000000a0000000, 0x00000000cbe00000, 0x00000000e0000000)
  object space 718848K, 68% used [0x00000000a0000000,0x00000000be3f40e8,0x00000000cbe00000)
 Metaspace       used 52806K, capacity 54174K, committed 54400K, reserved 1095680K
  class space    used 7007K, capacity 7293K, committed 7296K, reserved 1048576K
Event: 164.687 GC heap after
Heap after GC invocations=35 (full 6):
 PSYoungGen      total 414208K, used 94154K [0x00000000e0000000, 0x0000000100000000, 0x0000000100000000)
  eden space 320000K, 0% used [0x00000000e0000000,0x00000000e0000000,0x00000000f3880000)
  from space 94208K, 99% used [0x00000000f3880000,0x00000000f9472910,0x00000000f9480000)
  to   space 109568K, 0% used [0x00000000f9500000,0x00000000f9500000,0x0000000100000000)
 ParOldGen       total 718848K, used 495568K [0x00000000a0000000, 0x00000000cbe00000, 0x00000000e0000000)
  object space 718848K, 68% used [0x00000000a0000000,0x00000000be3f40e8,0x00000000cbe00000)
 Metaspace       used 52806K, capacity 54174K, committed 54400K, reserved 1095680K
  class space    used 7007K, capacity 7293K, committed 7296K, reserved 1048576K
}
Event: 166.238 GC heap before
{Heap before GC invocations=36 (full 6):
 PSYoungGen      total 414208K, used 414154K [0x00000000e0000000, 0x0000000100000000, 0x0000000100000000)
  eden space 320000K, 100% used [0x00000000e0000000,0x00000000f3880000,0x00000000f3880000)
  from space 94208K, 99% used [0x00000000f3880000,0x00000000f9472910,0x00000000f9480000)
  to   space 109568K, 0% used [0x00000000f9500000,0x00000000f9500000,0x0000000100000000)
 ParOldGen       total 718848K, used 495568K [0x00000000a0000000, 0x00000000cbe00000, 0x00000000e0000000)
  object space 718848K, 68% used [0x00000000a0000000,0x00000000be3f40e8,0x00000000cbe00000)
 Metaspace       used 52807K, capacity 54174K, committed 54400K, reserved 1095680K
  class space    used 7007K, capacity 7293K, committed 7296K, reserved 1048576K
Event: 166.603 GC heap after
Heap after GC invocations=36 (full 6):
 PSYoungGen      total 296960K, used 109557K [0x00000000e0000000, 0x0000000100000000, 0x0000000100000000)
  eden space 187392K, 0% used [0x00000000e0000000,0x00000000e0000000,0x00000000eb700000)
  from space 109568K, 99% used [0x00000000f9500000,0x00000000ffffd4b8,0x0000000100000000)
  to   space 168448K, 0% used [0x00000000eb700000,0x00000000eb700000,0x00000000f5b80000)
 ParOldGen       total 718848K, used 609898K [0x00000000a0000000, 0x00000000cbe00000, 0x00000000e0000000)
  object space 718848K, 84% used [0x00000000a0000000,0x00000000c539aa78,0x00000000cbe00000)
 Metaspace       used 52807K, capacity 54174K, committed 54400K, reserved 1095680K
  class space    used 7007K, capacity 7293K, committed 7296K, reserved 1048576K
}
Event: 167.067 GC heap before
{Heap before GC invocations=37 (full 6):
 PSYoungGen      total 296960K, used 296949K [0x00000000e0000000, 0x0000000100000000, 0x0000000100000000)
  eden space 187392K, 100% used [0x00000000e0000000,0x00000000eb700000,0x00000000eb700000)
  from space 109568K, 99% used [0x00000000f9500000,0x00000000ffffd4b8,0x0000000100000000)
  to   space 168448K, 0% used [0x00000000eb700000,0x00000000eb700000,0x00000000f5b80000)
 ParOldGen       total 718848K, used 609898K [0x00000000a0000000, 0x00000000cbe00000, 0x00000000e0000000)
  object space 718848K, 84% used [0x00000000a0000000,0x00000000c539aa78,0x00000000cbe00000)
 Metaspace       used 52807K, capacity 54174K, committed 54400K, reserved 1095680K
  class space    used 7007K, capacity 7293K, committed 7296K, reserved 1048576K
Event: 167.370 GC heap after
Heap after GC invocations=37 (full 6):
 PSYoungGen      total 355840K, used 84609K [0x00000000e0000000, 0x0000000100000000, 0x0000000100000000)
  eden space 187392K, 0% used [0x00000000e0000000,0x00000000e0000000,0x00000000eb700000)
  from space 168448K, 50% used [0x00000000eb700000,0x00000000f09a0670,0x00000000f5b80000)
  to   space 165376K, 0% used [0x00000000f5e80000,0x00000000f5e80000,0x0000000100000000)
 ParOldGen       total 718848K, used 698470K [0x00000000a0000000, 0x00000000cbe00000, 0x00000000e0000000)
  object space 718848K, 97% used [0x00000000a0000000,0x00000000caa19a40,0x00000000cbe00000)
 Metaspace       used 52807K, capacity 54174K, committed 54400K, reserved 1095680K
  class space    used 7007K, capacity 7293K, committed 7296K, reserved 1048576K
}
Event: 167.370 GC heap before
{Heap before GC invocations=38 (full 7):
 PSYoungGen      total 355840K, used 84609K [0x00000000e0000000, 0x0000000100000000, 0x0000000100000000)
  eden space 187392K, 0% used [0x00000000e0000000,0x00000000e0000000,0x00000000eb700000)
  from space 168448K, 50% used [0x00000000eb700000,0x00000000f09a0670,0x00000000f5b80000)
  to   space 165376K, 0% used [0x00000000f5e80000,0x00000000f5e80000,0x0000000100000000)
 ParOldGen       total 718848K, used 698470K [0x00000000a0000000, 0x00000000cbe00000, 0x00000000e0000000)
  object space 718848K, 97% used [0x00000000a0000000,0x00000000caa19a40,0x00000000cbe00000)
 Metaspace       used 52807K, capacity 54174K, committed 54400K, reserved 1095680K
  class space    used 7007K, capacity 7293K, committed 7296K, reserved 1048576K

