# JRE version: Java(TM) SE Runtime Environment (8.0_111-b14) (build 1.8.0_111-b14)
# Java VM: Java HotSpot(TM) 64-Bit Server VM (25.111-b14 mixed mode linux-amd64 compressed oops)
Heap:
 PSYoungGen      total 333824K, used 0K [0x00000000e0000000, 0x0000000100000000, 0x0000000100000000)
  eden space 175104K, 0% used [0x00000000e0000000,0x00000000e0000000,0x00000000eab00000)
  from space 158720K, 0% used [0x00000000f6500000,0x00000000f6500000,0x0000000100000000)
  to   space 174592K, 0% used [0x00000000eab00000,0x00000000eab00000,0x00000000f5580000)
 ParOldGen       total 753664K, used 725561K [0x00000000a0000000, 0x00000000ce000000, 0x00000000e0000000)
  object space 753664K, 96% used [0x00000000a0000000,0x00000000cc48e760,0x00000000ce000000)
 Metaspace       used 52629K, capacity 53882K, committed 54144K, reserved 1095680K
  class space    used 6980K, capacity 7261K, committed 7296K, reserved 1048576K
GC Heap History (10 events):
Event: 61.858 GC heap after
Heap after GC invocations=32 (full 6):
 PSYoungGen      total 403456K, used 0K [0x00000000e0000000, 0x0000000100000000, 0x0000000100000000)
  eden space 321536K, 0% used [0x00000000e0000000,0x00000000e0000000,0x00000000f3a00000)
  from space 81920K, 0% used [0x00000000fb000000,0x00000000fb000000,0x0000000100000000)
  to   space 101376K, 0% used [0x00000000f3a00000,0x00000000f3a00000,0x00000000f9d00000)
 ParOldGen       total 753664K, used 516594K [0x00000000a0000000, 0x00000000ce000000, 0x00000000e0000000)
  object space 753664K, 68% used [0x00000000a0000000,0x00000000bf87cb88,0x00000000ce000000)
 Metaspace       used 52615K, capacity 53882K, committed 54144K, reserved 1095680K
  class space    used 6977K, capacity 7261K, committed 7296K, reserved 1048576K
}
Event: 63.081 GC heap before
{Heap before GC invocations=33 (full 6):
 PSYoungGen      total 403456K, used 321536K [0x00000000e0000000, 0x0000000100000000, 0x0000000100000000)
  eden space 321536K, 100% used [0x00000000e0000000,0x00000000f3a00000,0x00000000f3a00000)
  from space 81920K, 0% used [0x00000000fb000000,0x00000000fb000000,0x0000000100000000)
  to   space 101376K, 0% used [0x00000000f3a00000,0x00000000f3a00000,0x00000000f9d00000)
 ParOldGen       total 753664K, used 516594K [0x00000000a0000000, 0x00000000ce000000, 0x00000000e0000000)
  object space 753664K, 68% used [0x00000000a0000000,0x00000000bf87cb88,0x00000000ce000000)
 Metaspace       used 52616K, capacity 53882K, committed 54144K, reserved 1095680K
  class space    used 6977K, capacity 7261K, committed 7296K, reserved 1048576K
Event: 63.179 GC heap after
Heap after GC invocations=33 (full 6):
 PSYoungGen      total 422912K, used 48801K [0x00000000e0000000, 0x0000000100000000, 0x0000000100000000)
  eden space 321536K, 0% used [0x00000000e0000000,0x00000000e0000000,0x00000000f3a00000)
  from space 101376K, 48% used [0x00000000f3a00000,0x00000000f69a87e8,0x00000000f9d00000)
  to   space 97792K, 0% used [0x00000000fa080000,0x00000000fa080000,0x0000000100000000)
 ParOldGen       total 753664K, used 516594K [0x00000000a0000000, 0x00000000ce000000, 0x00000000e0000000)
  object space 753664K, 68% used [0x00000000a0000000,0x00000000bf87cb88,0x00000000ce000000)
 Metaspace       used 52616K, capacity 53882K, committed 54144K, reserved 1095680K
  class space    used 6977K, capacity 7261K, committed 7296K, reserved 1048576K
}
Event: 65.876 GC heap before
{Heap before GC invocations=34 (full 6):
 PSYoungGen      total 422912K, used 370337K [0x00000000e0000000, 0x0000000100000000, 0x0000000100000000)
  eden space 321536K, 100% used [0x00000000e0000000,0x00000000f3a00000,0x00000000f3a00000)
  from space 101376K, 48% used [0x00000000f3a00000,0x00000000f69a87e8,0x00000000f9d00000)
  to   space 97792K, 0% used [0x00000000fa080000,0x00000000fa080000,0x0000000100000000)
 ParOldGen       total 753664K, used 516594K [0x00000000a0000000, 0x00000000ce000000, 0x00000000e0000000)
  object space 753664K, 68% used [0x00000000a0000000,0x00000000bf87cb88,0x00000000ce000000)
 Metaspace       used 52616K, capacity 53882K, committed 54144K, reserved 1095680K
  class space    used 6977K, capacity 7261K, committed 7296K, reserved 1048576K
Event: 66.163 GC heap after
Heap after GC invocations=34 (full 6):
 PSYoungGen      total 330240K, used 97771K [0x00000000e0000000, 0x0000000100000000, 0x0000000100000000)
  eden space 232448K, 0% used [0x00000000e0000000,0x00000000e0000000,0x00000000ee300000)
  from space 97792K, 99% used [0x00000000fa080000,0x00000000ffffad58,0x0000000100000000)
  to   space 145920K, 0% used [0x00000000ee300000,0x00000000ee300000,0x00000000f7180000)
 ParOldGen       total 753664K, used 606289K [0x00000000a0000000, 0x00000000ce000000, 0x00000000e0000000)
  object space 753664K, 80% used [0x00000000a0000000,0x00000000c50145a8,0x00000000ce000000)
 Metaspace       used 52616K, capacity 53882K, committed 54144K, reserved 1095680K
  class space    used 6977K, capacity 7261K, committed 7296K, reserved 1048576K
}
Event: 66.746 GC heap before
{Heap before GC invocations=35 (full 6):
 PSYoungGen      total 330240K, used 330219K [0x00000000e0000000, 0x0000000100000000, 0x0000000100000000)
  eden space 232448K, 100% used [0x00000000e0000000,0x00000000ee300000,0x00000000ee300000)
  from space 97792K, 99% used [0x00000000fa080000,0x00000000ffffad58,0x0000000100000000)
  to   space 145920K, 0% used [0x00000000ee300000,0x00000000ee300000,0x00000000f7180000)
 ParOldGen       total 753664K, used 606289K [0x00000000a0000000, 0x00000000ce000000, 0x00000000e0000000)
  object space 753664K, 80% used [0x00000000a0000000,0x00000000c50145a8,0x00000000ce000000)
 Metaspace       used 52616K, capacity 53882K, committed 54144K, reserved 1095680K
  class space    used 6977K, capacity 7261K, committed 7296K, reserved 1048576K
Event: 67.030 GC heap after
Heap after GC invocations=35 (full 6):
 PSYoungGen      total 348160K, used 115201K [0x00000000e0000000, 0x0000000100000000, 0x0000000100000000)
  eden space 232448K, 0% used [0x00000000e0000000,0x00000000e0000000,0x00000000ee300000)
  from space 115712K, 99% used [0x00000000ee300000,0x00000000f53807c8,0x00000000f5400000)
  to   space 158720K, 0% used [0x00000000f6500000,0x00000000f6500000,0x0000000100000000)
 ParOldGen       total 753664K, used 653842K [0x00000000a0000000, 0x00000000ce000000, 0x00000000e0000000)
  object space 753664K, 86% used [0x00000000a0000000,0x00000000c7e84bd8,0x00000000ce000000)
 Metaspace       used 52616K, capacity 53882K, committed 54144K, reserved 1095680K
  class space    used 6977K, capacity 7261K, committed 7296K, reserved 1048576K
}
Event: 68.791 GC heap before
{Heap before GC invocations=36 (full 6):
 PSYoungGen      total 348160K, used 347649K [0x00000000e0000000, 0x0000000100000000, 0x0000000100000000)
  eden space 232448K, 100% used [0x00000000e0000000,0x00000000ee300000,0x00000000ee300000)
  from space 115712K, 99% used [0x00000000ee300000,0x00000000f53807c8,0x00000000f5400000)
  to   space 158720K, 0% used [0x00000000f6500000,0x00000000f6500000,0x0000000100000000)
 ParOldGen       total 753664K, used 653842K [0x00000000a0000000, 0x00000000ce000000, 0x00000000e0000000)
  object space 753664K, 86% used [0x00000000a0000000,0x00000000c7e84bd8,0x00000000ce000000)
 Metaspace       used 52629K, capacity 53882K, committed 54144K, reserved 1095680K
  class space    used 6980K, capacity 7261K, committed 7296K, reserved 1048576K
Event: 69.069 GC heap after
Heap after GC invocations=36 (full 6):
 PSYoungGen      total 333824K, used 158707K [0x00000000e0000000, 0x0000000100000000, 0x0000000100000000)
  eden space 175104K, 0% used [0x00000000e0000000,0x00000000e0000000,0x00000000eab00000)
  from space 158720K, 99% used [0x00000000f6500000,0x00000000ffffccb0,0x0000000100000000)
  to   space 174592K, 0% used [0x00000000eab00000,0x00000000eab00000,0x00000000f5580000)
 ParOldGen       total 753664K, used 731590K [0x00000000a0000000, 0x00000000ce000000, 0x00000000e0000000)
  object space 753664K, 97% used [0x00000000a0000000,0x00000000cca71988,0x00000000ce000000)
 Metaspace       used 52629K, capacity 53882K, committed 54144K, reserved 1095680K
  class space    used 6980K, capacity 7261K, committed 7296K, reserved 1048576K
}
Event: 69.069 GC heap before
{Heap before GC invocations=37 (full 7):
 PSYoungGen      total 333824K, used 158707K [0x00000000e0000000, 0x0000000100000000, 0x0000000100000000)
  eden space 175104K, 0% used [0x00000000e0000000,0x00000000e0000000,0x00000000eab00000)
  from space 158720K, 99% used [0x00000000f6500000,0x00000000ffffccb0,0x0000000100000000)
  to   space 174592K, 0% used [0x00000000eab00000,0x00000000eab00000,0x00000000f5580000)
 ParOldGen       total 753664K, used 731590K [0x00000000a0000000, 0x00000000ce000000, 0x00000000e0000000)
  object space 753664K, 97% used [0x00000000a0000000,0x00000000cca71988,0x00000000ce000000)
 Metaspace       used 52629K, capacity 53882K, committed 54144K, reserved 1095680K
  class space    used 6980K, capacity 7261K, committed 7296K, reserved 1048576K

