# JRE version: Java(TM) SE Runtime Environment (8.0_111-b14) (build 1.8.0_111-b14)
# Java VM: Java HotSpot(TM) 64-Bit Server VM (25.111-b14 mixed mode linux-amd64 compressed oops)
Heap:
 PSYoungGen      total 305152K, used 40292K [0x00000000e0000000, 0x0000000100000000, 0x0000000100000000)
  eden space 202752K, 0% used [0x00000000e0000000,0x00000000e0000000,0x00000000ec600000)
  from space 102400K, 39% used [0x00000000ec600000,0x00000000eed59140,0x00000000f2a00000)
  to   space 165888K, 0% used [0x00000000f5e00000,0x00000000f5e00000,0x0000000100000000)
 ParOldGen       total 693248K, used 693032K [0x00000000a0000000, 0x00000000ca500000, 0x00000000e0000000)
  object space 693248K, 99% used [0x00000000a0000000,0x00000000ca4ca218,0x00000000ca500000)
 Metaspace       used 52631K, capacity 53886K, committed 54144K, reserved 1095680K
  class space    used 6988K, capacity 7261K, committed 7296K, reserved 1048576K
GC Heap History (10 events):
Event: 60.606 GC heap after
Heap after GC invocations=31 (full 6):
 PSYoungGen      total 418304K, used 0K [0x00000000e0000000, 0x0000000100000000, 0x0000000100000000)
  eden space 312320K, 0% used [0x00000000e0000000,0x00000000e0000000,0x00000000f3100000)
  from space 105984K, 0% used [0x00000000f3100000,0x00000000f3100000,0x00000000f9880000)
  to   space 101888K, 0% used [0x00000000f9c80000,0x00000000f9c80000,0x0000000100000000)
 ParOldGen       total 693248K, used 461990K [0x00000000a0000000, 0x00000000ca500000, 0x00000000e0000000)
  object space 693248K, 66% used [0x00000000a0000000,0x00000000bc329968,0x00000000ca500000)
 Metaspace       used 52617K, capacity 53886K, committed 54144K, reserved 1095680K
  class space    used 6987K, capacity 7261K, committed 7296K, reserved 1048576K
}
Event: 61.768 GC heap before
{Heap before GC invocations=32 (full 6):
 PSYoungGen      total 418304K, used 312320K [0x00000000e0000000, 0x0000000100000000, 0x0000000100000000)
  eden space 312320K, 100% used [0x00000000e0000000,0x00000000f3100000,0x00000000f3100000)
  from space 105984K, 0% used [0x00000000f3100000,0x00000000f3100000,0x00000000f9880000)
  to   space 101888K, 0% used [0x00000000f9c80000,0x00000000f9c80000,0x0000000100000000)
 ParOldGen       total 693248K, used 461990K [0x00000000a0000000, 0x00000000ca500000, 0x00000000e0000000)
  object space 693248K, 66% used [0x00000000a0000000,0x00000000bc329968,0x00000000ca500000)
 Metaspace       used 52630K, capacity 53886K, committed 54144K, reserved 1095680K
  class space    used 6988K, capacity 7261K, committed 7296K, reserved 1048576K
Event: 61.853 GC heap after
Heap after GC invocations=32 (full 6):
 PSYoungGen      total 404992K, used 44051K [0x00000000e0000000, 0x00000000ff300000, 0x0000000100000000)
  eden space 316416K, 0% used [0x00000000e0000000,0x00000000e0000000,0x00000000f3500000)
  from space 88576K, 49% used [0x00000000f9c80000,0x00000000fc784f98,0x00000000ff300000)
  to   space 97280K, 0% used [0x00000000f3500000,0x00000000f3500000,0x00000000f9400000)
 ParOldGen       total 693248K, used 461990K [0x00000000a0000000, 0x00000000ca500000, 0x00000000e0000000)
  object space 693248K, 66% used [0x00000000a0000000,0x00000000bc329968,0x00000000ca500000)
 Metaspace       used 52630K, capacity 53886K, committed 54144K, reserved 1095680K
  class space    used 6988K, capacity 7261K, committed 7296K, reserved 1048576K
}
Event: 63.026 GC heap before
{Heap before GC invocations=33 (full 6):
 PSYoungGen      total 404992K, used 360467K [0x00000000e0000000, 0x00000000ff300000, 0x0000000100000000)
  eden space 316416K, 100% used [0x00000000e0000000,0x00000000f3500000,0x00000000f3500000)
  from space 88576K, 49% used [0x00000000f9c80000,0x00000000fc784f98,0x00000000ff300000)
  to   space 97280K, 0% used [0x00000000f3500000,0x00000000f3500000,0x00000000f9400000)
 ParOldGen       total 693248K, used 461990K [0x00000000a0000000, 0x00000000ca500000, 0x00000000e0000000)
  object space 693248K, 66% used [0x00000000a0000000,0x00000000bc329968,0x00000000ca500000)
 Metaspace       used 52631K, capacity 53886K, committed 54144K, reserved 1095680K
  class space    used 6988K, capacity 7261K, committed 7296K, reserved 1048576K
Event: 63.209 GC heap after
Heap after GC invocations=33 (full 6):
 PSYoungGen      total 413696K, used 90208K [0x00000000e0000000, 0x0000000100000000, 0x0000000100000000)
  eden space 316416K, 0% used [0x00000000e0000000,0x00000000e0000000,0x00000000f3500000)
  from space 97280K, 92% used [0x00000000f3500000,0x00000000f8d180e8,0x00000000f9400000)
  to   space 109568K, 0% used [0x00000000f9500000,0x00000000f9500000,0x0000000100000000)
 ParOldGen       total 693248K, used 461990K [0x00000000a0000000, 0x00000000ca500000, 0x00000000e0000000)
  object space 693248K, 66% used [0x00000000a0000000,0x00000000bc329968,0x00000000ca500000)
 Metaspace       used 52631K, capacity 53886K, committed 54144K, reserved 1095680K
  class space    used 6988K, capacity 7261K, committed 7296K, reserved 1048576K
}
Event: 64.331 GC heap before
{Heap before GC invocations=34 (full 6):
 PSYoungGen      total 413696K, used 406624K [0x00000000e0000000, 0x0000000100000000, 0x0000000100000000)
  eden space 316416K, 100% used [0x00000000e0000000,0x00000000f3500000,0x00000000f3500000)
  from space 97280K, 92% used [0x00000000f3500000,0x00000000f8d180e8,0x00000000f9400000)
  to   space 109568K, 0% used [0x00000000f9500000,0x00000000f9500000,0x0000000100000000)
 ParOldGen       total 693248K, used 461990K [0x00000000a0000000, 0x00000000ca500000, 0x00000000e0000000)
  object space 693248K, 66% used [0x00000000a0000000,0x00000000bc329968,0x00000000ca500000)
 Metaspace       used 52631K, capacity 53886K, committed 54144K, reserved 1095680K
  class space    used 6988K, capacity 7261K, committed 7296K, reserved 1048576K
Event: 64.601 GC heap after
Heap after GC invocations=34 (full 6):
 PSYoungGen      total 312320K, used 109546K [0x00000000e0000000, 0x0000000100000000, 0x0000000100000000)
  eden space 202752K, 0% used [0x00000000e0000000,0x00000000e0000000,0x00000000ec600000)
  from space 109568K, 99% used [0x00000000f9500000,0x00000000ffffabd8,0x0000000100000000)
  to   space 160768K, 0% used [0x00000000ec600000,0x00000000ec600000,0x00000000f6300000)
 ParOldGen       total 693248K, used 553532K [0x00000000a0000000, 0x00000000ca500000, 0x00000000e0000000)
  object space 693248K, 79% used [0x00000000a0000000,0x00000000c1c8f120,0x00000000ca500000)
 Metaspace       used 52631K, capacity 53886K, committed 54144K, reserved 1095680K
  class space    used 6988K, capacity 7261K, committed 7296K, reserved 1048576K
}
Event: 64.950 GC heap before
{Heap before GC invocations=35 (full 6):
 PSYoungGen      total 312320K, used 312298K [0x00000000e0000000, 0x0000000100000000, 0x0000000100000000)
  eden space 202752K, 100% used [0x00000000e0000000,0x00000000ec600000,0x00000000ec600000)
  from space 109568K, 99% used [0x00000000f9500000,0x00000000ffffabd8,0x0000000100000000)
  to   space 160768K, 0% used [0x00000000ec600000,0x00000000ec600000,0x00000000f6300000)
 ParOldGen       total 693248K, used 553532K [0x00000000a0000000, 0x00000000ca500000, 0x00000000e0000000)
  object space 693248K, 79% used [0x00000000a0000000,0x00000000c1c8f120,0x00000000ca500000)
 Metaspace       used 52631K, capacity 53886K, committed 54144K, reserved 1095680K
  class space    used 6988K, capacity 7261K, committed 7296K, reserved 1048576K
Event: 65.315 GC heap after
Heap after GC invocations=35 (full 6):
 PSYoungGen      total 305152K, used 102054K [0x00000000e0000000, 0x0000000100000000, 0x0000000100000000)
  eden space 202752K, 0% used [0x00000000e0000000,0x00000000e0000000,0x00000000ec600000)
  from space 102400K, 99% used [0x00000000ec600000,0x00000000f29a9b28,0x00000000f2a00000)
  to   space 165888K, 0% used [0x00000000f5e00000,0x00000000f5e00000,0x0000000100000000)
 ParOldGen       total 693248K, used 642597K [0x00000000a0000000, 0x00000000ca500000, 0x00000000e0000000)
  object space 693248K, 92% used [0x00000000a0000000,0x00000000c7389688,0x00000000ca500000)
 Metaspace       used 52631K, capacity 53886K, committed 54144K, reserved 1095680K
  class space    used 6988K, capacity 7261K, committed 7296K, reserved 1048576K
}
Event: 65.315 GC heap before
{Heap before GC invocations=36 (full 7):
 PSYoungGen      total 305152K, used 102054K [0x00000000e0000000, 0x0000000100000000, 0x0000000100000000)
  eden space 202752K, 0% used [0x00000000e0000000,0x00000000e0000000,0x00000000ec600000)
  from space 102400K, 99% used [0x00000000ec600000,0x00000000f29a9b28,0x00000000f2a00000)
  to   space 165888K, 0% used [0x00000000f5e00000,0x00000000f5e00000,0x0000000100000000)
 ParOldGen       total 693248K, used 642597K [0x00000000a0000000, 0x00000000ca500000, 0x00000000e0000000)
  object space 693248K, 92% used [0x00000000a0000000,0x00000000c7389688,0x00000000ca500000)
 Metaspace       used 52631K, capacity 53886K, committed 54144K, reserved 1095680K
  class space    used 6988K, capacity 7261K, committed 7296K, reserved 1048576K

