# JRE version: OpenJDK Runtime Environment (8.0_76-b03) (build 1.8.0_76-release-b03)
# Java VM: OpenJDK 64-Bit Server VM (25.76-b03 mixed mode linux-amd64 compressed oops)
Heap:
 PSYoungGen      total 349696K, used 0K [0x00000000e0000000, 0x0000000100000000, 0x0000000100000000)
  eden space 175104K, 0% used [0x00000000e0000000,0x00000000e0000000,0x00000000eab00000)
  from space 174592K, 0% used [0x00000000eab00000,0x00000000eab00000,0x00000000f5580000)
  to   space 174592K, 0% used [0x00000000f5580000,0x00000000f5580000,0x0000000100000000)
 ParOldGen       total 830464K, used 338267K [0x00000000a0000000, 0x00000000d2b00000, 0x00000000e0000000)
  object space 830464K, 40% used [0x00000000a0000000,0x00000000b4a56e90,0x00000000d2b00000)
 Metaspace       used 79814K, capacity 83480K, committed 85120K, reserved 1124352K
  class space    used 10091K, capacity 10756K, committed 11136K, reserved 1048576K
GC Heap History (10 events):
Event: 2160.340 GC heap after
Heap after GC invocations=430 (full 35):
 PSYoungGen      total 349696K, used 30152K [0x00000000e0000000, 0x0000000100000000, 0x0000000100000000)
  eden space 175104K, 0% used [0x00000000e0000000,0x00000000e0000000,0x00000000eab00000)
  from space 174592K, 17% used [0x00000000eab00000,0x00000000ec872370,0x00000000f5580000)
  to   space 174592K, 0% used [0x00000000f5580000,0x00000000f5580000,0x0000000100000000)
 ParOldGen       total 830464K, used 554249K [0x00000000a0000000, 0x00000000d2b00000, 0x00000000e0000000)
  object space 830464K, 66% used [0x00000000a0000000,0x00000000c1d42698,0x00000000d2b00000)
 Metaspace       used 81073K, capacity 84832K, committed 85120K, reserved 1124352K
  class space    used 10310K, capacity 11012K, committed 11136K, reserved 1048576K
}
Event: 2160.563 GC heap before
{Heap before GC invocations=431 (full 35):
 PSYoungGen      total 349696K, used 205256K [0x00000000e0000000, 0x0000000100000000, 0x0000000100000000)
  eden space 175104K, 100% used [0x00000000e0000000,0x00000000eab00000,0x00000000eab00000)
  from space 174592K, 17% used [0x00000000eab00000,0x00000000ec872370,0x00000000f5580000)
  to   space 174592K, 0% used [0x00000000f5580000,0x00000000f5580000,0x0000000100000000)
 ParOldGen       total 830464K, used 554249K [0x00000000a0000000, 0x00000000d2b00000, 0x00000000e0000000)
  object space 830464K, 66% used [0x00000000a0000000,0x00000000c1d42698,0x00000000d2b00000)
 Metaspace       used 81073K, capacity 84832K, committed 85120K, reserved 1124352K
  class space    used 10310K, capacity 11012K, committed 11136K, reserved 1048576K
Event: 2160.639 GC heap after
Heap after GC invocations=431 (full 35):
 PSYoungGen      total 349696K, used 51076K [0x00000000e0000000, 0x0000000100000000, 0x0000000100000000)
  eden space 175104K, 0% used [0x00000000e0000000,0x00000000e0000000,0x00000000eab00000)
  from space 174592K, 29% used [0x00000000f5580000,0x00000000f8761288,0x0000000100000000)
  to   space 174592K, 0% used [0x00000000eab00000,0x00000000eab00000,0x00000000f5580000)
 ParOldGen       total 830464K, used 583116K [0x00000000a0000000, 0x00000000d2b00000, 0x00000000e0000000)
  object space 830464K, 70% used [0x00000000a0000000,0x00000000c3973160,0x00000000d2b00000)
 Metaspace       used 81073K, capacity 84832K, committed 85120K, reserved 1124352K
  class space    used 10310K, capacity 11012K, committed 11136K, reserved 1048576K
}
Event: 2161.023 GC heap before
{Heap before GC invocations=432 (full 35):
 PSYoungGen      total 349696K, used 226180K [0x00000000e0000000, 0x0000000100000000, 0x0000000100000000)
  eden space 175104K, 100% used [0x00000000e0000000,0x00000000eab00000,0x00000000eab00000)
  from space 174592K, 29% used [0x00000000f5580000,0x00000000f8761288,0x0000000100000000)
  to   space 174592K, 0% used [0x00000000eab00000,0x00000000eab00000,0x00000000f5580000)
 ParOldGen       total 830464K, used 583116K [0x00000000a0000000, 0x00000000d2b00000, 0x00000000e0000000)
  object space 830464K, 70% used [0x00000000a0000000,0x00000000c3973160,0x00000000d2b00000)
 Metaspace       used 81073K, capacity 84832K, committed 85120K, reserved 1124352K
  class space    used 10310K, capacity 11012K, committed 11136K, reserved 1048576K
Event: 2161.132 GC heap after
Heap after GC invocations=432 (full 35):
 PSYoungGen      total 349696K, used 63429K [0x00000000e0000000, 0x0000000100000000, 0x0000000100000000)
  eden space 175104K, 0% used [0x00000000e0000000,0x00000000e0000000,0x00000000eab00000)
  from space 174592K, 36% used [0x00000000eab00000,0x00000000ee8f1400,0x00000000f5580000)
  to   space 174592K, 0% used [0x00000000f5580000,0x00000000f5580000,0x0000000100000000)
 ParOldGen       total 830464K, used 628699K [0x00000000a0000000, 0x00000000d2b00000, 0x00000000e0000000)
  object space 830464K, 75% used [0x00000000a0000000,0x00000000c65f6c20,0x00000000d2b00000)
 Metaspace       used 81073K, capacity 84832K, committed 85120K, reserved 1124352K
  class space    used 10310K, capacity 11012K, committed 11136K, reserved 1048576K
}
Event: 2161.411 GC heap before
{Heap before GC invocations=433 (full 35):
 PSYoungGen      total 349696K, used 238533K [0x00000000e0000000, 0x0000000100000000, 0x0000000100000000)
  eden space 175104K, 100% used [0x00000000e0000000,0x00000000eab00000,0x00000000eab00000)
  from space 174592K, 36% used [0x00000000eab00000,0x00000000ee8f1400,0x00000000f5580000)
  to   space 174592K, 0% used [0x00000000f5580000,0x00000000f5580000,0x0000000100000000)
 ParOldGen       total 830464K, used 628699K [0x00000000a0000000, 0x00000000d2b00000, 0x00000000e0000000)
  object space 830464K, 75% used [0x00000000a0000000,0x00000000c65f6c20,0x00000000d2b00000)
 Metaspace       used 81073K, capacity 84832K, committed 85120K, reserved 1124352K
  class space    used 10310K, capacity 11012K, committed 11136K, reserved 1048576K
Event: 2161.500 GC heap after
Heap after GC invocations=433 (full 35):
 PSYoungGen      total 349696K, used 57738K [0x00000000e0000000, 0x0000000100000000, 0x0000000100000000)
  eden space 175104K, 0% used [0x00000000e0000000,0x00000000e0000000,0x00000000eab00000)
  from space 174592K, 33% used [0x00000000f5580000,0x00000000f8de29a8,0x0000000100000000)
  to   space 174592K, 0% used [0x00000000eab00000,0x00000000eab00000,0x00000000f5580000)
 ParOldGen       total 830464K, used 687050K [0x00000000a0000000, 0x00000000d2b00000, 0x00000000e0000000)
  object space 830464K, 82% used [0x00000000a0000000,0x00000000c9ef2938,0x00000000d2b00000)
 Metaspace       used 81073K, capacity 84832K, committed 85120K, reserved 1124352K
  class space    used 10310K, capacity 11012K, committed 11136K, reserved 1048576K
}
Event: 2161.724 GC heap before
{Heap before GC invocations=434 (full 35):
 PSYoungGen      total 349696K, used 232842K [0x00000000e0000000, 0x0000000100000000, 0x0000000100000000)
  eden space 175104K, 100% used [0x00000000e0000000,0x00000000eab00000,0x00000000eab00000)
  from space 174592K, 33% used [0x00000000f5580000,0x00000000f8de29a8,0x0000000100000000)
  to   space 174592K, 0% used [0x00000000eab00000,0x00000000eab00000,0x00000000f5580000)
 ParOldGen       total 830464K, used 687050K [0x00000000a0000000, 0x00000000d2b00000, 0x00000000e0000000)
  object space 830464K, 82% used [0x00000000a0000000,0x00000000c9ef2938,0x00000000d2b00000)
 Metaspace       used 81073K, capacity 84832K, committed 85120K, reserved 1124352K
  class space    used 10310K, capacity 11012K, committed 11136K, reserved 1048576K
Event: 2161.810 GC heap after
Heap after GC invocations=434 (full 35):
 PSYoungGen      total 349696K, used 26224K [0x00000000e0000000, 0x0000000100000000, 0x0000000100000000)
  eden space 175104K, 0% used [0x00000000e0000000,0x00000000e0000000,0x00000000eab00000)
  from space 174592K, 15% used [0x00000000eab00000,0x00000000ec49c070,0x00000000f5580000)
  to   space 174592K, 0% used [0x00000000f5580000,0x00000000f5580000,0x0000000100000000)
 ParOldGen       total 830464K, used 745289K [0x00000000a0000000, 0x00000000d2b00000, 0x00000000e0000000)
  object space 830464K, 89% used [0x00000000a0000000,0x00000000cd7d2660,0x00000000d2b00000)
 Metaspace       used 81073K, capacity 84832K, committed 85120K, reserved 1124352K
  class space    used 10310K, capacity 11012K, committed 11136K, reserved 1048576K
}
Event: 2161.810 GC heap before
{Heap before GC invocations=435 (full 36):
 PSYoungGen      total 349696K, used 26224K [0x00000000e0000000, 0x0000000100000000, 0x0000000100000000)
  eden space 175104K, 0% used [0x00000000e0000000,0x00000000e0000000,0x00000000eab00000)
  from space 174592K, 15% used [0x00000000eab00000,0x00000000ec49c070,0x00000000f5580000)
  to   space 174592K, 0% used [0x00000000f5580000,0x00000000f5580000,0x0000000100000000)
 ParOldGen       total 830464K, used 745289K [0x00000000a0000000, 0x00000000d2b00000, 0x00000000e0000000)
  object space 830464K, 89% used [0x00000000a0000000,0x00000000cd7d2660,0x00000000d2b00000)
 Metaspace       used 81073K, capacity 84832K, committed 85120K, reserved 1124352K
  class space    used 10310K, capacity 11012K, committed 11136K, reserved 1048576K

