# JRE version: Java(TM) SE Runtime Environment (8.0_101-b13) (build 1.8.0_101-b13)
# Java VM: Java HotSpot(TM) 64-Bit Server VM (25.101-b13 mixed mode linux-amd64 compressed oops)
Heap:
 PSYoungGen      total 347648K, used 0K [0x00000000e0000000, 0x00000000ffb00000, 0x0000000100000000)
  eden space 175104K, 0% used [0x00000000e0000000,0x00000000e0000000,0x00000000eab00000)
  from space 172544K, 0% used [0x00000000eab00000,0x00000000eab00000,0x00000000f5380000)
  to   space 168960K, 0% used [0x00000000f5600000,0x00000000f5600000,0x00000000ffb00000)
 ParOldGen       total 976384K, used 727775K [0x00000000a0000000, 0x00000000db980000, 0x00000000e0000000)
  object space 976384K, 74% used [0x00000000a0000000,0x00000000cc6b7e88,0x00000000db980000)
 Metaspace       used 52618K, capacity 53854K, committed 53888K, reserved 1095680K
  class space    used 6993K, capacity 7293K, committed 7296K, reserved 1048576K
GC Heap History (10 events):
Event: 67.650 GC heap after
Heap after GC invocations=40 (full 7):
 PSYoungGen      total 349184K, used 134388K [0x00000000e0000000, 0x0000000100000000, 0x0000000100000000)
  eden space 175104K, 0% used [0x00000000e0000000,0x00000000e0000000,0x00000000eab00000)
  from space 174080K, 77% used [0x00000000eab00000,0x00000000f2e3d370,0x00000000f5500000)
  to   space 174592K, 0% used [0x00000000f5580000,0x00000000f5580000,0x0000000100000000)
 ParOldGen       total 976384K, used 699642K [0x00000000a0000000, 0x00000000db980000, 0x00000000e0000000)
  object space 976384K, 71% used [0x00000000a0000000,0x00000000cab3e880,0x00000000db980000)
 Metaspace       used 52616K, capacity 53854K, committed 53888K, reserved 1095680K
  class space    used 6992K, capacity 7293K, committed 7296K, reserved 1048576K
}
Event: 67.914 GC heap before
{Heap before GC invocations=41 (full 7):
 PSYoungGen      total 349184K, used 309492K [0x00000000e0000000, 0x0000000100000000, 0x0000000100000000)
  eden space 175104K, 100% used [0x00000000e0000000,0x00000000eab00000,0x00000000eab00000)
  from space 174080K, 77% used [0x00000000eab00000,0x00000000f2e3d370,0x00000000f5500000)
  to   space 174592K, 0% used [0x00000000f5580000,0x00000000f5580000,0x0000000100000000)
 ParOldGen       total 976384K, used 699642K [0x00000000a0000000, 0x00000000db980000, 0x00000000e0000000)
  object space 976384K, 71% used [0x00000000a0000000,0x00000000cab3e880,0x00000000db980000)
 Metaspace       used 52616K, capacity 53854K, committed 53888K, reserved 1095680K
  class space    used 6992K, capacity 7293K, committed 7296K, reserved 1048576K
Event: 68.252 GC heap after
Heap after GC invocations=41 (full 7):
 PSYoungGen      total 349696K, used 65200K [0x00000000e0000000, 0x0000000100000000, 0x0000000100000000)
  eden space 175104K, 0% used [0x00000000e0000000,0x00000000e0000000,0x00000000eab00000)
  from space 174592K, 37% used [0x00000000f5580000,0x00000000f952c1b8,0x0000000100000000)
  to   space 174592K, 0% used [0x00000000eab00000,0x00000000eab00000,0x00000000f5580000)
 ParOldGen       total 976384K, used 798727K [0x00000000a0000000, 0x00000000db980000, 0x00000000e0000000)
  object space 976384K, 81% used [0x00000000a0000000,0x00000000d0c01d80,0x00000000db980000)
 Metaspace       used 52616K, capacity 53854K, committed 53888K, reserved 1095680K
  class space    used 6992K, capacity 7293K, committed 7296K, reserved 1048576K
}
Event: 68.790 GC heap before
{Heap before GC invocations=42 (full 7):
 PSYoungGen      total 349696K, used 240304K [0x00000000e0000000, 0x0000000100000000, 0x0000000100000000)
  eden space 175104K, 100% used [0x00000000e0000000,0x00000000eab00000,0x00000000eab00000)
  from space 174592K, 37% used [0x00000000f5580000,0x00000000f952c1b8,0x0000000100000000)
  to   space 174592K, 0% used [0x00000000eab00000,0x00000000eab00000,0x00000000f5580000)
 ParOldGen       total 976384K, used 798727K [0x00000000a0000000, 0x00000000db980000, 0x00000000e0000000)
  object space 976384K, 81% used [0x00000000a0000000,0x00000000d0c01d80,0x00000000db980000)
 Metaspace       used 52616K, capacity 53854K, committed 53888K, reserved 1095680K
  class space    used 6992K, capacity 7293K, committed 7296K, reserved 1048576K
Event: 68.895 GC heap after
Heap after GC invocations=42 (full 7):
 PSYoungGen      total 349696K, used 34919K [0x00000000e0000000, 0x0000000100000000, 0x0000000100000000)
  eden space 175104K, 0% used [0x00000000e0000000,0x00000000e0000000,0x00000000eab00000)
  from space 174592K, 20% used [0x00000000eab00000,0x00000000ecd19d40,0x00000000f5580000)
  to   space 174592K, 0% used [0x00000000f5580000,0x00000000f5580000,0x0000000100000000)
 ParOldGen       total 976384K, used 825583K [0x00000000a0000000, 0x00000000db980000, 0x00000000e0000000)
  object space 976384K, 84% used [0x00000000a0000000,0x00000000d263be90,0x00000000db980000)
 Metaspace       used 52616K, capacity 53854K, committed 53888K, reserved 1095680K
  class space    used 6992K, capacity 7293K, committed 7296K, reserved 1048576K
}
Event: 69.694 GC heap before
{Heap before GC invocations=43 (full 7):
 PSYoungGen      total 349696K, used 210023K [0x00000000e0000000, 0x0000000100000000, 0x0000000100000000)
  eden space 175104K, 100% used [0x00000000e0000000,0x00000000eab00000,0x00000000eab00000)
  from space 174592K, 20% used [0x00000000eab00000,0x00000000ecd19d40,0x00000000f5580000)
  to   space 174592K, 0% used [0x00000000f5580000,0x00000000f5580000,0x0000000100000000)
 ParOldGen       total 976384K, used 825583K [0x00000000a0000000, 0x00000000db980000, 0x00000000e0000000)
  object space 976384K, 84% used [0x00000000a0000000,0x00000000d263be90,0x00000000db980000)
 Metaspace       used 52618K, capacity 53854K, committed 53888K, reserved 1095680K
  class space    used 6993K, capacity 7293K, committed 7296K, reserved 1048576K
Event: 69.855 GC heap after
Heap after GC invocations=43 (full 7):
 PSYoungGen      total 345600K, used 26816K [0x00000000e0000000, 0x00000000ffc00000, 0x0000000100000000)
  eden space 175104K, 0% used [0x00000000e0000000,0x00000000e0000000,0x00000000eab00000)
  from space 170496K, 15% used [0x00000000f5580000,0x00000000f6fb0000,0x00000000ffc00000)
  to   space 172544K, 0% used [0x00000000eab00000,0x00000000eab00000,0x00000000f5380000)
 ParOldGen       total 976384K, used 859737K [0x00000000a0000000, 0x00000000db980000, 0x00000000e0000000)
  object space 976384K, 88% used [0x00000000a0000000,0x00000000d4796620,0x00000000db980000)
 Metaspace       used 52618K, capacity 53854K, committed 53888K, reserved 1095680K
  class space    used 6993K, capacity 7293K, committed 7296K, reserved 1048576K
}
Event: 70.516 GC heap before
{Heap before GC invocations=44 (full 7):
 PSYoungGen      total 345600K, used 201920K [0x00000000e0000000, 0x00000000ffc00000, 0x0000000100000000)
  eden space 175104K, 100% used [0x00000000e0000000,0x00000000eab00000,0x00000000eab00000)
  from space 170496K, 15% used [0x00000000f5580000,0x00000000f6fb0000,0x00000000ffc00000)
  to   space 172544K, 0% used [0x00000000eab00000,0x00000000eab00000,0x00000000f5380000)
 ParOldGen       total 976384K, used 859737K [0x00000000a0000000, 0x00000000db980000, 0x00000000e0000000)
  object space 976384K, 88% used [0x00000000a0000000,0x00000000d4796620,0x00000000db980000)
 Metaspace       used 52618K, capacity 53854K, committed 53888K, reserved 1095680K
  class space    used 6993K, capacity 7293K, committed 7296K, reserved 1048576K
Event: 70.664 GC heap after
Heap after GC invocations=44 (full 7):
 PSYoungGen      total 347648K, used 28076K [0x00000000e0000000, 0x00000000ffb00000, 0x0000000100000000)
  eden space 175104K, 0% used [0x00000000e0000000,0x00000000e0000000,0x00000000eab00000)
  from space 172544K, 16% used [0x00000000eab00000,0x00000000ec66b0a8,0x00000000f5380000)
  to   space 168960K, 0% used [0x00000000f5600000,0x00000000f5600000,0x00000000ffb00000)
 ParOldGen       total 976384K, used 885444K [0x00000000a0000000, 0x00000000db980000, 0x00000000e0000000)
  object space 976384K, 90% used [0x00000000a0000000,0x00000000d60b11a0,0x00000000db980000)
 Metaspace       used 52618K, capacity 53854K, committed 53888K, reserved 1095680K
  class space    used 6993K, capacity 7293K, committed 7296K, reserved 1048576K
}
Event: 70.664 GC heap before
{Heap before GC invocations=45 (full 8):
 PSYoungGen      total 347648K, used 28076K [0x00000000e0000000, 0x00000000ffb00000, 0x0000000100000000)
  eden space 175104K, 0% used [0x00000000e0000000,0x00000000e0000000,0x00000000eab00000)
  from space 172544K, 16% used [0x00000000eab00000,0x00000000ec66b0a8,0x00000000f5380000)
  to   space 168960K, 0% used [0x00000000f5600000,0x00000000f5600000,0x00000000ffb00000)
 ParOldGen       total 976384K, used 885444K [0x00000000a0000000, 0x00000000db980000, 0x00000000e0000000)
  object space 976384K, 90% used [0x00000000a0000000,0x00000000d60b11a0,0x00000000db980000)
 Metaspace       used 52618K, capacity 53854K, committed 53888K, reserved 1095680K
  class space    used 6993K, capacity 7293K, committed 7296K, reserved 1048576K

