# JRE version: Java(TM) SE Runtime Environment (8.0_101-b13) (build 1.8.0_101-b13)
# Java VM: Java HotSpot(TM) 64-Bit Server VM (25.101-b13 mixed mode linux-amd64 compressed oops)
Heap:
 PSYoungGen      total 398336K, used 19631K [0x00000000e0000000, 0x0000000100000000, 0x0000000100000000)
  eden space 272384K, 0% used [0x00000000e0000000,0x00000000e0000000,0x00000000f0a00000)
  from space 125952K, 15% used [0x00000000f0a00000,0x00000000f1d2bf00,0x00000000f8500000)
  to   space 119296K, 0% used [0x00000000f8b80000,0x00000000f8b80000,0x0000000100000000)
 ParOldGen       total 334848K, used 334470K [0x00000000a0000000, 0x00000000b4700000, 0x00000000e0000000)
  object space 334848K, 99% used [0x00000000a0000000,0x00000000b46a1b58,0x00000000b4700000)
 Metaspace       used 61677K, capacity 63100K, committed 63360K, reserved 1103872K
  class space    used 8132K, capacity 8480K, committed 8576K, reserved 1048576K
GC Heap History (10 events):
Event: 88.799 GC heap after
Heap after GC invocations=24 (full 5):
 PSYoungGen      total 454656K, used 0K [0x00000000e0000000, 0x0000000100000000, 0x0000000100000000)
  eden space 386048K, 0% used [0x00000000e0000000,0x00000000e0000000,0x00000000f7900000)
  from space 68608K, 0% used [0x00000000f7900000,0x00000000f7900000,0x00000000fbc00000)
  to   space 69632K, 0% used [0x00000000fbc00000,0x00000000fbc00000,0x0000000100000000)
 ParOldGen       total 334848K, used 181317K [0x00000000a0000000, 0x00000000b4700000, 0x00000000e0000000)
  object space 334848K, 54% used [0x00000000a0000000,0x00000000ab1116a8,0x00000000b4700000)
 Metaspace       used 61651K, capacity 63100K, committed 63360K, reserved 1103872K
  class space    used 8132K, capacity 8480K, committed 8576K, reserved 1048576K
}
Event: 89.958 GC heap before
{Heap before GC invocations=25 (full 5):
 PSYoungGen      total 454656K, used 386048K [0x00000000e0000000, 0x0000000100000000, 0x0000000100000000)
  eden space 386048K, 100% used [0x00000000e0000000,0x00000000f7900000,0x00000000f7900000)
  from space 68608K, 0% used [0x00000000f7900000,0x00000000f7900000,0x00000000fbc00000)
  to   space 69632K, 0% used [0x00000000fbc00000,0x00000000fbc00000,0x0000000100000000)
 ParOldGen       total 334848K, used 181317K [0x00000000a0000000, 0x00000000b4700000, 0x00000000e0000000)
  object space 334848K, 54% used [0x00000000a0000000,0x00000000ab1116a8,0x00000000b4700000)
 Metaspace       used 61657K, capacity 63100K, committed 63360K, reserved 1103872K
  class space    used 8132K, capacity 8480K, committed 8576K, reserved 1048576K
Event: 90.048 GC heap after
Heap after GC invocations=25 (full 5):
 PSYoungGen      total 436224K, used 39019K [0x00000000e0000000, 0x0000000100000000, 0x0000000100000000)
  eden space 366592K, 0% used [0x00000000e0000000,0x00000000e0000000,0x00000000f6600000)
  from space 69632K, 56% used [0x00000000fbc00000,0x00000000fe21ad18,0x0000000100000000)
  to   space 78848K, 0% used [0x00000000f6600000,0x00000000f6600000,0x00000000fb300000)
 ParOldGen       total 334848K, used 181317K [0x00000000a0000000, 0x00000000b4700000, 0x00000000e0000000)
  object space 334848K, 54% used [0x00000000a0000000,0x00000000ab1116a8,0x00000000b4700000)
 Metaspace       used 61657K, capacity 63100K, committed 63360K, reserved 1103872K
  class space    used 8132K, capacity 8480K, committed 8576K, reserved 1048576K
}
Event: 91.639 GC heap before
{Heap before GC invocations=26 (full 5):
 PSYoungGen      total 436224K, used 405611K [0x00000000e0000000, 0x0000000100000000, 0x0000000100000000)
  eden space 366592K, 100% used [0x00000000e0000000,0x00000000f6600000,0x00000000f6600000)
  from space 69632K, 56% used [0x00000000fbc00000,0x00000000fe21ad18,0x0000000100000000)
  to   space 78848K, 0% used [0x00000000f6600000,0x00000000f6600000,0x00000000fb300000)
 ParOldGen       total 334848K, used 181317K [0x00000000a0000000, 0x00000000b4700000, 0x00000000e0000000)
  object space 334848K, 54% used [0x00000000a0000000,0x00000000ab1116a8,0x00000000b4700000)
 Metaspace       used 61666K, capacity 63100K, committed 63360K, reserved 1103872K
  class space    used 8132K, capacity 8480K, committed 8576K, reserved 1048576K
Event: 91.822 GC heap after
Heap after GC invocations=26 (full 5):
 PSYoungGen      total 445440K, used 78816K [0x00000000e0000000, 0x0000000100000000, 0x0000000100000000)
  eden space 366592K, 0% used [0x00000000e0000000,0x00000000e0000000,0x00000000f6600000)
  from space 78848K, 99% used [0x00000000f6600000,0x00000000fb2f8270,0x00000000fb300000)
  to   space 78848K, 0% used [0x00000000fb300000,0x00000000fb300000,0x0000000100000000)
 ParOldGen       total 334848K, used 193637K [0x00000000a0000000, 0x00000000b4700000, 0x00000000e0000000)
  object space 334848K, 57% used [0x00000000a0000000,0x00000000abd197c0,0x00000000b4700000)
 Metaspace       used 61666K, capacity 63100K, committed 63360K, reserved 1103872K
  class space    used 8132K, capacity 8480K, committed 8576K, reserved 1048576K
}
Event: 93.235 GC heap before
{Heap before GC invocations=27 (full 5):
 PSYoungGen      total 445440K, used 445408K [0x00000000e0000000, 0x0000000100000000, 0x0000000100000000)
  eden space 366592K, 100% used [0x00000000e0000000,0x00000000f6600000,0x00000000f6600000)
  from space 78848K, 99% used [0x00000000f6600000,0x00000000fb2f8270,0x00000000fb300000)
  to   space 78848K, 0% used [0x00000000fb300000,0x00000000fb300000,0x0000000100000000)
 ParOldGen       total 334848K, used 193637K [0x00000000a0000000, 0x00000000b4700000, 0x00000000e0000000)
  object space 334848K, 57% used [0x00000000a0000000,0x00000000abd197c0,0x00000000b4700000)
 Metaspace       used 61677K, capacity 63100K, committed 63360K, reserved 1103872K
  class space    used 8132K, capacity 8480K, committed 8576K, reserved 1048576K
Event: 93.488 GC heap after
Heap after GC invocations=27 (full 5):
 PSYoungGen      total 351232K, used 78843K [0x00000000e0000000, 0x0000000100000000, 0x0000000100000000)
  eden space 272384K, 0% used [0x00000000e0000000,0x00000000e0000000,0x00000000f0a00000)
  from space 78848K, 99% used [0x00000000fb300000,0x00000000ffffedf0,0x0000000100000000)
  to   space 125952K, 0% used [0x00000000f0a00000,0x00000000f0a00000,0x00000000f8500000)
 ParOldGen       total 334848K, used 247762K [0x00000000a0000000, 0x00000000b4700000, 0x00000000e0000000)
  object space 334848K, 73% used [0x00000000a0000000,0x00000000af1f4910,0x00000000b4700000)
 Metaspace       used 61677K, capacity 63100K, committed 63360K, reserved 1103872K
  class space    used 8132K, capacity 8480K, committed 8576K, reserved 1048576K
}
Event: 94.725 GC heap before
{Heap before GC invocations=28 (full 5):
 PSYoungGen      total 351232K, used 351227K [0x00000000e0000000, 0x0000000100000000, 0x0000000100000000)
  eden space 272384K, 100% used [0x00000000e0000000,0x00000000f0a00000,0x00000000f0a00000)
  from space 78848K, 99% used [0x00000000fb300000,0x00000000ffffedf0,0x0000000100000000)
  to   space 125952K, 0% used [0x00000000f0a00000,0x00000000f0a00000,0x00000000f8500000)
 ParOldGen       total 334848K, used 247762K [0x00000000a0000000, 0x00000000b4700000, 0x00000000e0000000)
  object space 334848K, 73% used [0x00000000a0000000,0x00000000af1f4910,0x00000000b4700000)
 Metaspace       used 61677K, capacity 63100K, committed 63360K, reserved 1103872K
  class space    used 8132K, capacity 8480K, committed 8576K, reserved 1048576K
Event: 95.553 GC heap after
Heap after GC invocations=28 (full 5):
 PSYoungGen      total 398336K, used 39866K [0x00000000e0000000, 0x0000000100000000, 0x0000000100000000)
  eden space 272384K, 0% used [0x00000000e0000000,0x00000000e0000000,0x00000000f0a00000)
  from space 125952K, 31% used [0x00000000f0a00000,0x00000000f30eebc8,0x00000000f8500000)
  to   space 119296K, 0% used [0x00000000f8b80000,0x00000000f8b80000,0x0000000100000000)
 ParOldGen       total 334848K, used 326553K [0x00000000a0000000, 0x00000000b4700000, 0x00000000e0000000)
  object space 334848K, 97% used [0x00000000a0000000,0x00000000b3ee6650,0x00000000b4700000)
 Metaspace       used 61677K, capacity 63100K, committed 63360K, reserved 1103872K
  class space    used 8132K, capacity 8480K, committed 8576K, reserved 1048576K
}
Event: 95.616 GC heap before
{Heap before GC invocations=29 (full 6):
 PSYoungGen      total 398336K, used 39866K [0x00000000e0000000, 0x0000000100000000, 0x0000000100000000)
  eden space 272384K, 0% used [0x00000000e0000000,0x00000000e0000000,0x00000000f0a00000)
  from space 125952K, 31% used [0x00000000f0a00000,0x00000000f30eebc8,0x00000000f8500000)
  to   space 119296K, 0% used [0x00000000f8b80000,0x00000000f8b80000,0x0000000100000000)
 ParOldGen       total 334848K, used 326553K [0x00000000a0000000, 0x00000000b4700000, 0x00000000e0000000)
  object space 334848K, 97% used [0x00000000a0000000,0x00000000b3ee6650,0x00000000b4700000)
 Metaspace       used 61677K, capacity 63100K, committed 63360K, reserved 1103872K
  class space    used 8132K, capacity 8480K, committed 8576K, reserved 1048576K

