# JRE version: Java(TM) SE Runtime Environment (8.0_101-b13) (build 1.8.0_101-b13)
# Java VM: Java HotSpot(TM) 64-Bit Server VM (25.101-b13 mixed mode linux-amd64 compressed oops)
Heap:
 PSYoungGen      total 353792K, used 0K [0x00000000e0000000, 0x0000000100000000, 0x0000000100000000)
  eden space 244736K, 0% used [0x00000000e0000000,0x00000000e0000000,0x00000000eef00000)
  from space 109056K, 0% used [0x00000000f9580000,0x00000000f9580000,0x0000000100000000)
  to   space 139776K, 0% used [0x00000000eef00000,0x00000000eef00000,0x00000000f7780000)
 ParOldGen       total 742400K, used 627615K [0x00000000a0000000, 0x00000000cd500000, 0x00000000e0000000)
  object space 742400K, 84% used [0x00000000a0000000,0x00000000c64e7f08,0x00000000cd500000)
 Metaspace       used 54257K, capacity 55644K, committed 55936K, reserved 1097728K
  class space    used 7175K, capacity 7498K, committed 7552K, reserved 1048576K
GC Heap History (10 events):
Event: 75.183 GC heap after
Heap after GC invocations=32 (full 5):
 PSYoungGen      total 418816K, used 44865K [0x00000000e0000000, 0x0000000100000000, 0x0000000100000000)
  eden space 313344K, 0% used [0x00000000e0000000,0x00000000e0000000,0x00000000f3200000)
  from space 105472K, 42% used [0x00000000f3200000,0x00000000f5dd0508,0x00000000f9900000)
  to   space 100352K, 0% used [0x00000000f9e00000,0x00000000f9e00000,0x0000000100000000)
 ParOldGen       total 512000K, used 467831K [0x00000000a0000000, 0x00000000bf400000, 0x00000000e0000000)
  object space 512000K, 91% used [0x00000000a0000000,0x00000000bc8dddf8,0x00000000bf400000)
 Metaspace       used 54256K, capacity 55644K, committed 55936K, reserved 1097728K
  class space    used 7175K, capacity 7498K, committed 7552K, reserved 1048576K
}
Event: 75.183 GC heap before
{Heap before GC invocations=33 (full 6):
 PSYoungGen      total 418816K, used 44865K [0x00000000e0000000, 0x0000000100000000, 0x0000000100000000)
  eden space 313344K, 0% used [0x00000000e0000000,0x00000000e0000000,0x00000000f3200000)
  from space 105472K, 42% used [0x00000000f3200000,0x00000000f5dd0508,0x00000000f9900000)
  to   space 100352K, 0% used [0x00000000f9e00000,0x00000000f9e00000,0x0000000100000000)
 ParOldGen       total 512000K, used 467831K [0x00000000a0000000, 0x00000000bf400000, 0x00000000e0000000)
  object space 512000K, 91% used [0x00000000a0000000,0x00000000bc8dddf8,0x00000000bf400000)
 Metaspace       used 54256K, capacity 55644K, committed 55936K, reserved 1097728K
  class space    used 7175K, capacity 7498K, committed 7552K, reserved 1048576K
Event: 77.998 GC heap after
Heap after GC invocations=33 (full 6):
 PSYoungGen      total 418816K, used 0K [0x00000000e0000000, 0x0000000100000000, 0x0000000100000000)
  eden space 313344K, 0% used [0x00000000e0000000,0x00000000e0000000,0x00000000f3200000)
  from space 105472K, 0% used [0x00000000f3200000,0x00000000f3200000,0x00000000f9900000)
  to   space 100352K, 0% used [0x00000000f9e00000,0x00000000f9e00000,0x0000000100000000)
 ParOldGen       total 742400K, used 508596K [0x00000000a0000000, 0x00000000cd500000, 0x00000000e0000000)
  object space 742400K, 68% used [0x00000000a0000000,0x00000000bf0ad3f8,0x00000000cd500000)
 Metaspace       used 54256K, capacity 55644K, committed 55936K, reserved 1097728K
  class space    used 7175K, capacity 7498K, committed 7552K, reserved 1048576K
}
Event: 79.327 GC heap before
{Heap before GC invocations=34 (full 6):
 PSYoungGen      total 418816K, used 313344K [0x00000000e0000000, 0x0000000100000000, 0x0000000100000000)
  eden space 313344K, 100% used [0x00000000e0000000,0x00000000f3200000,0x00000000f3200000)
  from space 105472K, 0% used [0x00000000f3200000,0x00000000f3200000,0x00000000f9900000)
  to   space 100352K, 0% used [0x00000000f9e00000,0x00000000f9e00000,0x0000000100000000)
 ParOldGen       total 742400K, used 508596K [0x00000000a0000000, 0x00000000cd500000, 0x00000000e0000000)
  object space 742400K, 68% used [0x00000000a0000000,0x00000000bf0ad3f8,0x00000000cd500000)
 Metaspace       used 54256K, capacity 55644K, committed 55936K, reserved 1097728K
  class space    used 7175K, capacity 7498K, committed 7552K, reserved 1048576K
Event: 79.451 GC heap after
Heap after GC invocations=34 (full 6):
 PSYoungGen      total 406528K, used 48807K [0x00000000e0000000, 0x00000000ff400000, 0x0000000100000000)
  eden space 318464K, 0% used [0x00000000e0000000,0x00000000e0000000,0x00000000f3700000)
  from space 88064K, 55% used [0x00000000f9e00000,0x00000000fcda9c78,0x00000000ff400000)
  to   space 96768K, 0% used [0x00000000f3700000,0x00000000f3700000,0x00000000f9580000)
 ParOldGen       total 742400K, used 508596K [0x00000000a0000000, 0x00000000cd500000, 0x00000000e0000000)
  object space 742400K, 68% used [0x00000000a0000000,0x00000000bf0ad3f8,0x00000000cd500000)
 Metaspace       used 54256K, capacity 55644K, committed 55936K, reserved 1097728K
  class space    used 7175K, capacity 7498K, committed 7552K, reserved 1048576K
}
Event: 81.016 GC heap before
{Heap before GC invocations=35 (full 6):
 PSYoungGen      total 406528K, used 367271K [0x00000000e0000000, 0x00000000ff400000, 0x0000000100000000)
  eden space 318464K, 100% used [0x00000000e0000000,0x00000000f3700000,0x00000000f3700000)
  from space 88064K, 55% used [0x00000000f9e00000,0x00000000fcda9c78,0x00000000ff400000)
  to   space 96768K, 0% used [0x00000000f3700000,0x00000000f3700000,0x00000000f9580000)
 ParOldGen       total 742400K, used 508596K [0x00000000a0000000, 0x00000000cd500000, 0x00000000e0000000)
  object space 742400K, 68% used [0x00000000a0000000,0x00000000bf0ad3f8,0x00000000cd500000)
 Metaspace       used 54257K, capacity 55644K, committed 55936K, reserved 1097728K
  class space    used 7175K, capacity 7498K, committed 7552K, reserved 1048576K
Event: 81.395 GC heap after
Heap after GC invocations=35 (full 6):
 PSYoungGen      total 415232K, used 96760K [0x00000000e0000000, 0x0000000100000000, 0x0000000100000000)
  eden space 318464K, 0% used [0x00000000e0000000,0x00000000e0000000,0x00000000f3700000)
  from space 96768K, 99% used [0x00000000f3700000,0x00000000f957e3e0,0x00000000f9580000)
  to   space 109056K, 0% used [0x00000000f9580000,0x00000000f9580000,0x0000000100000000)
 ParOldGen       total 742400K, used 599582K [0x00000000a0000000, 0x00000000cd500000, 0x00000000e0000000)
  object space 742400K, 80% used [0x00000000a0000000,0x00000000c4987ae8,0x00000000cd500000)
 Metaspace       used 54257K, capacity 55644K, committed 55936K, reserved 1097728K
  class space    used 7175K, capacity 7498K, committed 7552K, reserved 1048576K
}
Event: 82.749 GC heap before
{Heap before GC invocations=36 (full 6):
 PSYoungGen      total 415232K, used 415224K [0x00000000e0000000, 0x0000000100000000, 0x0000000100000000)
  eden space 318464K, 100% used [0x00000000e0000000,0x00000000f3700000,0x00000000f3700000)
  from space 96768K, 99% used [0x00000000f3700000,0x00000000f957e3e0,0x00000000f9580000)
  to   space 109056K, 0% used [0x00000000f9580000,0x00000000f9580000,0x0000000100000000)
 ParOldGen       total 742400K, used 599582K [0x00000000a0000000, 0x00000000cd500000, 0x00000000e0000000)
  object space 742400K, 80% used [0x00000000a0000000,0x00000000c4987ae8,0x00000000cd500000)
 Metaspace       used 54257K, capacity 55644K, committed 55936K, reserved 1097728K
  class space    used 7175K, capacity 7498K, committed 7552K, reserved 1048576K
Event: 83.169 GC heap after
Heap after GC invocations=36 (full 6):
 PSYoungGen      total 353792K, used 66284K [0x00000000e0000000, 0x0000000100000000, 0x0000000100000000)
  eden space 244736K, 0% used [0x00000000e0000000,0x00000000e0000000,0x00000000eef00000)
  from space 109056K, 60% used [0x00000000f9580000,0x00000000fd63b008,0x0000000100000000)
  to   space 139776K, 0% used [0x00000000eef00000,0x00000000eef00000,0x00000000f7780000)
 ParOldGen       total 742400K, used 690777K [0x00000000a0000000, 0x00000000cd500000, 0x00000000e0000000)
  object space 742400K, 93% used [0x00000000a0000000,0x00000000ca296440,0x00000000cd500000)
 Metaspace       used 54257K, capacity 55644K, committed 55936K, reserved 1097728K
  class space    used 7175K, capacity 7498K, committed 7552K, reserved 1048576K
}
Event: 83.169 GC heap before
{Heap before GC invocations=37 (full 7):
 PSYoungGen      total 353792K, used 66284K [0x00000000e0000000, 0x0000000100000000, 0x0000000100000000)
  eden space 244736K, 0% used [0x00000000e0000000,0x00000000e0000000,0x00000000eef00000)
  from space 109056K, 60% used [0x00000000f9580000,0x00000000fd63b008,0x0000000100000000)
  to   space 139776K, 0% used [0x00000000eef00000,0x00000000eef00000,0x00000000f7780000)
 ParOldGen       total 742400K, used 690777K [0x00000000a0000000, 0x00000000cd500000, 0x00000000e0000000)
  object space 742400K, 93% used [0x00000000a0000000,0x00000000ca296440,0x00000000cd500000)
 Metaspace       used 54257K, capacity 55644K, committed 55936K, reserved 1097728K
  class space    used 7175K, capacity 7498K, committed 7552K, reserved 1048576K

