# JRE version: Java(TM) SE Runtime Environment (8.0_111-b14) (build 1.8.0_111-b14)
# Java VM: Java HotSpot(TM) 64-Bit Server VM (25.111-b14 mixed mode linux-amd64 compressed oops)
Heap:
 PSYoungGen      total 349696K, used 0K [0x00000000e0000000, 0x0000000100000000, 0x0000000100000000)
  eden space 175104K, 0% used [0x00000000e0000000,0x00000000e0000000,0x00000000eab00000)
  from space 174592K, 0% used [0x00000000f5580000,0x00000000f5580000,0x0000000100000000)
  to   space 174592K, 0% used [0x00000000eab00000,0x00000000eab00000,0x00000000f5580000)
 ParOldGen       total 894464K, used 826438K [0x00000000a0000000, 0x00000000d6980000, 0x00000000e0000000)
  object space 894464K, 92% used [0x00000000a0000000,0x00000000d2711970,0x00000000d6980000)
 Metaspace       used 66852K, capacity 68566K, committed 68608K, reserved 1110016K
  class space    used 8545K, capacity 8923K, committed 8960K, reserved 1048576K
GC Heap History (10 events):
Event: 227.375 GC heap after
Heap after GC invocations=68 (full 10):
 PSYoungGen      total 336896K, used 78998K [0x00000000e0000000, 0x00000000fea80000, 0x0000000100000000)
  eden space 190976K, 0% used [0x00000000e0000000,0x00000000e0000000,0x00000000eba80000)
  from space 145920K, 54% used [0x00000000f5c00000,0x00000000fa925a80,0x00000000fea80000)
  to   space 155648K, 0% used [0x00000000eba80000,0x00000000eba80000,0x00000000f5280000)
 ParOldGen       total 894464K, used 777226K [0x00000000a0000000, 0x00000000d6980000, 0x00000000e0000000)
  object space 894464K, 86% used [0x00000000a0000000,0x00000000cf702938,0x00000000d6980000)
 Metaspace       used 66831K, capacity 68566K, committed 68608K, reserved 1110016K
  class space    used 8543K, capacity 8923K, committed 8960K, reserved 1048576K
}
Event: 228.162 GC heap before
{Heap before GC invocations=69 (full 10):
 PSYoungGen      total 336896K, used 269974K [0x00000000e0000000, 0x00000000fea80000, 0x0000000100000000)
  eden space 190976K, 100% used [0x00000000e0000000,0x00000000eba80000,0x00000000eba80000)
  from space 145920K, 54% used [0x00000000f5c00000,0x00000000fa925a80,0x00000000fea80000)
  to   space 155648K, 0% used [0x00000000eba80000,0x00000000eba80000,0x00000000f5280000)
 ParOldGen       total 894464K, used 777226K [0x00000000a0000000, 0x00000000d6980000, 0x00000000e0000000)
  object space 894464K, 86% used [0x00000000a0000000,0x00000000cf702938,0x00000000d6980000)
 Metaspace       used 66832K, capacity 68566K, committed 68608K, reserved 1110016K
  class space    used 8544K, capacity 8923K, committed 8960K, reserved 1048576K
Event: 228.411 GC heap after
Heap after GC invocations=69 (full 10):
 PSYoungGen      total 346624K, used 106736K [0x00000000e0000000, 0x0000000100000000, 0x0000000100000000)
  eden space 190976K, 0% used [0x00000000e0000000,0x00000000e0000000,0x00000000eba80000)
  from space 155648K, 68% used [0x00000000eba80000,0x00000000f22bc0d0,0x00000000f5280000)
  to   space 158720K, 0% used [0x00000000f6500000,0x00000000f6500000,0x0000000100000000)
 ParOldGen       total 894464K, used 777226K [0x00000000a0000000, 0x00000000d6980000, 0x00000000e0000000)
  object space 894464K, 86% used [0x00000000a0000000,0x00000000cf702938,0x00000000d6980000)
 Metaspace       used 66832K, capacity 68566K, committed 68608K, reserved 1110016K
  class space    used 8544K, capacity 8923K, committed 8960K, reserved 1048576K
}
Event: 229.159 GC heap before
{Heap before GC invocations=70 (full 10):
 PSYoungGen      total 346624K, used 297712K [0x00000000e0000000, 0x0000000100000000, 0x0000000100000000)
  eden space 190976K, 100% used [0x00000000e0000000,0x00000000eba80000,0x00000000eba80000)
  from space 155648K, 68% used [0x00000000eba80000,0x00000000f22bc0d0,0x00000000f5280000)
  to   space 158720K, 0% used [0x00000000f6500000,0x00000000f6500000,0x0000000100000000)
 ParOldGen       total 894464K, used 777226K [0x00000000a0000000, 0x00000000d6980000, 0x00000000e0000000)
  object space 894464K, 86% used [0x00000000a0000000,0x00000000cf702938,0x00000000d6980000)
 Metaspace       used 66832K, capacity 68566K, committed 68608K, reserved 1110016K
  class space    used 8544K, capacity 8923K, committed 8960K, reserved 1048576K
Event: 229.419 GC heap after
Heap after GC invocations=70 (full 10):
 PSYoungGen      total 340992K, used 135110K [0x00000000e0000000, 0x0000000100000000, 0x0000000100000000)
  eden space 182272K, 0% used [0x00000000e0000000,0x00000000e0000000,0x00000000eb200000)
  from space 158720K, 85% used [0x00000000f6500000,0x00000000fe8f1910,0x0000000100000000)
  to   space 171008K, 0% used [0x00000000eb200000,0x00000000eb200000,0x00000000f5900000)
 ParOldGen       total 894464K, used 777226K [0x00000000a0000000, 0x00000000d6980000, 0x00000000e0000000)
  object space 894464K, 86% used [0x00000000a0000000,0x00000000cf702938,0x00000000d6980000)
 Metaspace       used 66832K, capacity 68566K, committed 68608K, reserved 1110016K
  class space    used 8544K, capacity 8923K, committed 8960K, reserved 1048576K
}
Event: 230.154 GC heap before
{Heap before GC invocations=71 (full 10):
 PSYoungGen      total 340992K, used 317382K [0x00000000e0000000, 0x0000000100000000, 0x0000000100000000)
  eden space 182272K, 100% used [0x00000000e0000000,0x00000000eb200000,0x00000000eb200000)
  from space 158720K, 85% used [0x00000000f6500000,0x00000000fe8f1910,0x0000000100000000)
  to   space 171008K, 0% used [0x00000000eb200000,0x00000000eb200000,0x00000000f5900000)
 ParOldGen       total 894464K, used 777226K [0x00000000a0000000, 0x00000000d6980000, 0x00000000e0000000)
  object space 894464K, 86% used [0x00000000a0000000,0x00000000cf702938,0x00000000d6980000)
 Metaspace       used 66832K, capacity 68566K, committed 68608K, reserved 1110016K
  class space    used 8544K, capacity 8923K, committed 8960K, reserved 1048576K
Event: 230.498 GC heap after
Heap after GC invocations=71 (full 10):
 PSYoungGen      total 343040K, used 160749K [0x00000000e0000000, 0x0000000100000000, 0x0000000100000000)
  eden space 182272K, 0% used [0x00000000e0000000,0x00000000e0000000,0x00000000eb200000)
  from space 160768K, 99% used [0x00000000eb200000,0x00000000f4efb7d8,0x00000000f4f00000)
  to   space 174592K, 0% used [0x00000000f5580000,0x00000000f5580000,0x0000000100000000)
 ParOldGen       total 894464K, used 777226K [0x00000000a0000000, 0x00000000d6980000, 0x00000000e0000000)
  object space 894464K, 86% used [0x00000000a0000000,0x00000000cf702938,0x00000000d6980000)
 Metaspace       used 66832K, capacity 68566K, committed 68608K, reserved 1110016K
  class space    used 8544K, capacity 8923K, committed 8960K, reserved 1048576K
}
Event: 231.327 GC heap before
{Heap before GC invocations=72 (full 10):
 PSYoungGen      total 343040K, used 343021K [0x00000000e0000000, 0x0000000100000000, 0x0000000100000000)
  eden space 182272K, 100% used [0x00000000e0000000,0x00000000eb200000,0x00000000eb200000)
  from space 160768K, 99% used [0x00000000eb200000,0x00000000f4efb7d8,0x00000000f4f00000)
  to   space 174592K, 0% used [0x00000000f5580000,0x00000000f5580000,0x0000000100000000)
 ParOldGen       total 894464K, used 777226K [0x00000000a0000000, 0x00000000d6980000, 0x00000000e0000000)
  object space 894464K, 86% used [0x00000000a0000000,0x00000000cf702938,0x00000000d6980000)
 Metaspace       used 66852K, capacity 68566K, committed 68608K, reserved 1110016K
  class space    used 8545K, capacity 8923K, committed 8960K, reserved 1048576K
Event: 231.651 GC heap after
Heap after GC invocations=72 (full 10):
 PSYoungGen      total 349696K, used 131397K [0x00000000e0000000, 0x0000000100000000, 0x0000000100000000)
  eden space 175104K, 0% used [0x00000000e0000000,0x00000000e0000000,0x00000000eab00000)
  from space 174592K, 75% used [0x00000000f5580000,0x00000000fd5d14f0,0x0000000100000000)
  to   space 174592K, 0% used [0x00000000eab00000,0x00000000eab00000,0x00000000f5580000)
 ParOldGen       total 894464K, used 832970K [0x00000000a0000000, 0x00000000d6980000, 0x00000000e0000000)
  object space 894464K, 93% used [0x00000000a0000000,0x00000000d2d72b78,0x00000000d6980000)
 Metaspace       used 66852K, capacity 68566K, committed 68608K, reserved 1110016K
  class space    used 8545K, capacity 8923K, committed 8960K, reserved 1048576K
}
Event: 231.651 GC heap before
{Heap before GC invocations=73 (full 11):
 PSYoungGen      total 349696K, used 131397K [0x00000000e0000000, 0x0000000100000000, 0x0000000100000000)
  eden space 175104K, 0% used [0x00000000e0000000,0x00000000e0000000,0x00000000eab00000)
  from space 174592K, 75% used [0x00000000f5580000,0x00000000fd5d14f0,0x0000000100000000)
  to   space 174592K, 0% used [0x00000000eab00000,0x00000000eab00000,0x00000000f5580000)
 ParOldGen       total 894464K, used 832970K [0x00000000a0000000, 0x00000000d6980000, 0x00000000e0000000)
  object space 894464K, 93% used [0x00000000a0000000,0x00000000d2d72b78,0x00000000d6980000)
 Metaspace       used 66852K, capacity 68566K, committed 68608K, reserved 1110016K
  class space    used 8545K, capacity 8923K, committed 8960K, reserved 1048576K

