# JRE version: Java(TM) SE Runtime Environment (8.0_101-b13) (build 1.8.0_101-b13)
# Java VM: Java HotSpot(TM) 64-Bit Server VM (25.101-b13 mixed mode linux-amd64 compressed oops)
Heap:
 PSYoungGen      total 413696K, used 91257K [0x00000000e0000000, 0x0000000100000000, 0x0000000100000000)
  eden space 310272K, 0% used [0x00000000e0000000,0x00000000e0000000,0x00000000f2f00000)
  from space 103424K, 88% used [0x00000000f2f00000,0x00000000f881e4c0,0x00000000f9400000)
  to   space 110592K, 0% used [0x00000000f9400000,0x00000000f9400000,0x0000000100000000)
 ParOldGen       total 664576K, used 664478K [0x00000000a0000000, 0x00000000c8900000, 0x00000000e0000000)
  object space 664576K, 99% used [0x00000000a0000000,0x00000000c88e7b58,0x00000000c8900000)
 Metaspace       used 61897K, capacity 63412K, committed 63616K, reserved 1103872K
  class space    used 8133K, capacity 8480K, committed 8576K, reserved 1048576K
GC Heap History (10 events):
Event: 80.741 GC heap after
Heap after GC invocations=37 (full 6):
 PSYoungGen      total 401408K, used 51896K [0x00000000e0000000, 0x0000000100000000, 0x0000000100000000)
  eden space 349184K, 0% used [0x00000000e0000000,0x00000000e0000000,0x00000000f5500000)
  from space 52224K, 99% used [0x00000000f5500000,0x00000000f87ae328,0x00000000f8800000)
  to   space 88576K, 0% used [0x00000000fa980000,0x00000000fa980000,0x0000000100000000)
 ParOldGen       total 640000K, used 395425K [0x00000000a0000000, 0x00000000c7100000, 0x00000000e0000000)
  object space 640000K, 61% used [0x00000000a0000000,0x00000000b8228438,0x00000000c7100000)
 Metaspace       used 61886K, capacity 63412K, committed 63616K, reserved 1103872K
  class space    used 8132K, capacity 8480K, committed 8576K, reserved 1048576K
}
Event: 82.006 GC heap before
{Heap before GC invocations=38 (full 6):
 PSYoungGen      total 401408K, used 401080K [0x00000000e0000000, 0x0000000100000000, 0x0000000100000000)
  eden space 349184K, 100% used [0x00000000e0000000,0x00000000f5500000,0x00000000f5500000)
  from space 52224K, 99% used [0x00000000f5500000,0x00000000f87ae328,0x00000000f8800000)
  to   space 88576K, 0% used [0x00000000fa980000,0x00000000fa980000,0x0000000100000000)
 ParOldGen       total 640000K, used 395425K [0x00000000a0000000, 0x00000000c7100000, 0x00000000e0000000)
  object space 640000K, 61% used [0x00000000a0000000,0x00000000b8228438,0x00000000c7100000)
 Metaspace       used 61897K, capacity 63412K, committed 63616K, reserved 1103872K
  class space    used 8133K, capacity 8480K, committed 8576K, reserved 1048576K
Event: 82.273 GC heap after
Heap after GC invocations=38 (full 6):
 PSYoungGen      total 393728K, used 88555K [0x00000000e0000000, 0x0000000100000000, 0x0000000100000000)
  eden space 305152K, 0% used [0x00000000e0000000,0x00000000e0000000,0x00000000f2a00000)
  from space 88576K, 99% used [0x00000000fa980000,0x00000000ffffaec8,0x0000000100000000)
  to   space 109568K, 0% used [0x00000000f2a00000,0x00000000f2a00000,0x00000000f9500000)
 ParOldGen       total 640000K, used 414220K [0x00000000a0000000, 0x00000000c7100000, 0x00000000e0000000)
  object space 640000K, 64% used [0x00000000a0000000,0x00000000b94830d0,0x00000000c7100000)
 Metaspace       used 61897K, capacity 63412K, committed 63616K, reserved 1103872K
  class space    used 8133K, capacity 8480K, committed 8576K, reserved 1048576K
}
Event: 83.414 GC heap before
{Heap before GC invocations=39 (full 6):
 PSYoungGen      total 393728K, used 393707K [0x00000000e0000000, 0x0000000100000000, 0x0000000100000000)
  eden space 305152K, 100% used [0x00000000e0000000,0x00000000f2a00000,0x00000000f2a00000)
  from space 88576K, 99% used [0x00000000fa980000,0x00000000ffffaec8,0x0000000100000000)
  to   space 109568K, 0% used [0x00000000f2a00000,0x00000000f2a00000,0x00000000f9500000)
 ParOldGen       total 640000K, used 414220K [0x00000000a0000000, 0x00000000c7100000, 0x00000000e0000000)
  object space 640000K, 64% used [0x00000000a0000000,0x00000000b94830d0,0x00000000c7100000)
 Metaspace       used 61897K, capacity 63412K, committed 63616K, reserved 1103872K
  class space    used 8133K, capacity 8480K, committed 8576K, reserved 1048576K
Event: 83.725 GC heap after
Heap after GC invocations=39 (full 6):
 PSYoungGen      total 414720K, used 46711K [0x00000000e0000000, 0x0000000100000000, 0x0000000100000000)
  eden space 305152K, 0% used [0x00000000e0000000,0x00000000e0000000,0x00000000f2a00000)
  from space 109568K, 42% used [0x00000000f2a00000,0x00000000f579dc68,0x00000000f9500000)
  to   space 104448K, 0% used [0x00000000f9a00000,0x00000000f9a00000,0x0000000100000000)
 ParOldGen       total 640000K, used 495396K [0x00000000a0000000, 0x00000000c7100000, 0x00000000e0000000)
  object space 640000K, 77% used [0x00000000a0000000,0x00000000be3c9280,0x00000000c7100000)
 Metaspace       used 61897K, capacity 63412K, committed 63616K, reserved 1103872K
  class space    used 8133K, capacity 8480K, committed 8576K, reserved 1048576K
}
Event: 85.424 GC heap before
{Heap before GC invocations=40 (full 6):
 PSYoungGen      total 414720K, used 351863K [0x00000000e0000000, 0x0000000100000000, 0x0000000100000000)
  eden space 305152K, 100% used [0x00000000e0000000,0x00000000f2a00000,0x00000000f2a00000)
  from space 109568K, 42% used [0x00000000f2a00000,0x00000000f579dc68,0x00000000f9500000)
  to   space 104448K, 0% used [0x00000000f9a00000,0x00000000f9a00000,0x0000000100000000)
 ParOldGen       total 640000K, used 495396K [0x00000000a0000000, 0x00000000c7100000, 0x00000000e0000000)
  object space 640000K, 77% used [0x00000000a0000000,0x00000000be3c9280,0x00000000c7100000)
 Metaspace       used 61897K, capacity 63412K, committed 63616K, reserved 1103872K
  class space    used 8133K, capacity 8480K, committed 8576K, reserved 1048576K
Event: 85.667 GC heap after
Heap after GC invocations=40 (full 6):
 PSYoungGen      total 407552K, used 57688K [0x00000000e0000000, 0x00000000ff900000, 0x0000000100000000)
  eden space 310272K, 0% used [0x00000000e0000000,0x00000000e0000000,0x00000000f2f00000)
  from space 97280K, 59% used [0x00000000f9a00000,0x00000000fd2563e8,0x00000000ff900000)
  to   space 103424K, 0% used [0x00000000f2f00000,0x00000000f2f00000,0x00000000f9400000)
 ParOldGen       total 640000K, used 539069K [0x00000000a0000000, 0x00000000c7100000, 0x00000000e0000000)
  object space 640000K, 84% used [0x00000000a0000000,0x00000000c0e6f718,0x00000000c7100000)
 Metaspace       used 61897K, capacity 63412K, committed 63616K, reserved 1103872K
  class space    used 8133K, capacity 8480K, committed 8576K, reserved 1048576K
}
Event: 88.142 GC heap before
{Heap before GC invocations=41 (full 6):
 PSYoungGen      total 407552K, used 367960K [0x00000000e0000000, 0x00000000ff900000, 0x0000000100000000)
  eden space 310272K, 100% used [0x00000000e0000000,0x00000000f2f00000,0x00000000f2f00000)
  from space 97280K, 59% used [0x00000000f9a00000,0x00000000fd2563e8,0x00000000ff900000)
  to   space 103424K, 0% used [0x00000000f2f00000,0x00000000f2f00000,0x00000000f9400000)
 ParOldGen       total 640000K, used 539069K [0x00000000a0000000, 0x00000000c7100000, 0x00000000e0000000)
  object space 640000K, 84% used [0x00000000a0000000,0x00000000c0e6f718,0x00000000c7100000)
 Metaspace       used 61897K, capacity 63412K, committed 63616K, reserved 1103872K
  class space    used 8133K, capacity 8480K, committed 8576K, reserved 1048576K
Event: 88.409 GC heap after
Heap after GC invocations=41 (full 6):
 PSYoungGen      total 413696K, used 103409K [0x00000000e0000000, 0x0000000100000000, 0x0000000100000000)
  eden space 310272K, 0% used [0x00000000e0000000,0x00000000e0000000,0x00000000f2f00000)
  from space 103424K, 99% used [0x00000000f2f00000,0x00000000f93fc568,0x00000000f9400000)
  to   space 110592K, 0% used [0x00000000f9400000,0x00000000f9400000,0x0000000100000000)
 ParOldGen       total 664576K, used 663346K [0x00000000a0000000, 0x00000000c8900000, 0x00000000e0000000)
  object space 664576K, 99% used [0x00000000a0000000,0x00000000c87ccb20,0x00000000c8900000)
 Metaspace       used 61897K, capacity 63412K, committed 63616K, reserved 1103872K
  class space    used 8133K, capacity 8480K, committed 8576K, reserved 1048576K
}
Event: 88.409 GC heap before
{Heap before GC invocations=42 (full 7):
 PSYoungGen      total 413696K, used 103409K [0x00000000e0000000, 0x0000000100000000, 0x0000000100000000)
  eden space 310272K, 0% used [0x00000000e0000000,0x00000000e0000000,0x00000000f2f00000)
  from space 103424K, 99% used [0x00000000f2f00000,0x00000000f93fc568,0x00000000f9400000)
  to   space 110592K, 0% used [0x00000000f9400000,0x00000000f9400000,0x0000000100000000)
 ParOldGen       total 664576K, used 663346K [0x00000000a0000000, 0x00000000c8900000, 0x00000000e0000000)
  object space 664576K, 99% used [0x00000000a0000000,0x00000000c87ccb20,0x00000000c8900000)
 Metaspace       used 61897K, capacity 63412K, committed 63616K, reserved 1103872K
  class space    used 8133K, capacity 8480K, committed 8576K, reserved 1048576K

