# JRE version: Java(TM) SE Runtime Environment (8.0_111-b14) (build 1.8.0_111-b14)
# Java VM: Java HotSpot(TM) 64-Bit Server VM (25.111-b14 mixed mode linux-amd64 compressed oops)
Heap:
 PSYoungGen      total 434688K, used 27766K [0x00000000e0000000, 0x0000000100000000, 0x0000000100000000)
  eden space 352256K, 0% used [0x00000000e0000000,0x00000000e0000000,0x00000000f5800000)
  from space 82432K, 33% used [0x00000000faf80000,0x00000000fca9daa0,0x0000000100000000)
  to   space 86016K, 0% used [0x00000000f5800000,0x00000000f5800000,0x00000000fac00000)
 ParOldGen       total 319488K, used 319167K [0x00000000a0000000, 0x00000000b3800000, 0x00000000e0000000)
  object space 319488K, 99% used [0x00000000a0000000,0x00000000b37aff18,0x00000000b3800000)
 Metaspace       used 67153K, capacity 69120K, committed 69464K, reserved 1110016K
  class space    used 8557K, capacity 8982K, committed 9088K, reserved 1048576K
GC Heap History (10 events):
Event: 803.186 GC heap after
Heap after GC invocations=33 (full 5):
 PSYoungGen      total 462336K, used 462159K [0x00000000e0000000, 0x0000000100000000, 0x0000000100000000)
  eden space 405504K, 100% used [0x00000000e0000000,0x00000000f8c00000,0x00000000f8c00000)
  from space 56832K, 99% used [0x00000000f8c00000,0x00000000fc353c70,0x00000000fc380000)
  to   space 61952K, 64% used [0x00000000fc380000,0x00000000fea43e50,0x0000000100000000)
 ParOldGen       total 250368K, used 249990K [0x00000000a0000000, 0x00000000af480000, 0x00000000e0000000)
  object space 250368K, 99% used [0x00000000a0000000,0x00000000af421a60,0x00000000af480000)
 Metaspace       used 67126K, capacity 69120K, committed 69464K, reserved 1110016K
  class space    used 8556K, capacity 8982K, committed 9088K, reserved 1048576K
}
Event: 803.186 GC heap before
{Heap before GC invocations=34 (full 6):
 PSYoungGen      total 462336K, used 462159K [0x00000000e0000000, 0x0000000100000000, 0x0000000100000000)
  eden space 405504K, 100% used [0x00000000e0000000,0x00000000f8c00000,0x00000000f8c00000)
  from space 56832K, 99% used [0x00000000f8c00000,0x00000000fc353c70,0x00000000fc380000)
  to   space 61952K, 64% used [0x00000000fc380000,0x00000000fea43e50,0x0000000100000000)
 ParOldGen       total 250368K, used 249990K [0x00000000a0000000, 0x00000000af480000, 0x00000000e0000000)
  object space 250368K, 99% used [0x00000000a0000000,0x00000000af421a60,0x00000000af480000)
 Metaspace       used 67126K, capacity 69120K, committed 69464K, reserved 1110016K
  class space    used 8556K, capacity 8982K, committed 9088K, reserved 1048576K
Event: 804.654 GC heap after
Heap after GC invocations=34 (full 6):
 PSYoungGen      total 462336K, used 0K [0x00000000e0000000, 0x0000000100000000, 0x0000000100000000)
  eden space 405504K, 0% used [0x00000000e0000000,0x00000000e0000000,0x00000000f8c00000)
  from space 56832K, 0% used [0x00000000f8c00000,0x00000000f8c00000,0x00000000fc380000)
  to   space 61952K, 0% used [0x00000000fc380000,0x00000000fc380000,0x0000000100000000)
 ParOldGen       total 319488K, used 186907K [0x00000000a0000000, 0x00000000b3800000, 0x00000000e0000000)
  object space 319488K, 58% used [0x00000000a0000000,0x00000000ab686e60,0x00000000b3800000)
 Metaspace       used 67126K, capacity 69120K, committed 69464K, reserved 1110016K
  class space    used 8556K, capacity 8982K, committed 9088K, reserved 1048576K
}
Event: 806.445 GC heap before
{Heap before GC invocations=35 (full 6):
 PSYoungGen      total 462336K, used 405504K [0x00000000e0000000, 0x0000000100000000, 0x0000000100000000)
  eden space 405504K, 100% used [0x00000000e0000000,0x00000000f8c00000,0x00000000f8c00000)
  from space 56832K, 0% used [0x00000000f8c00000,0x00000000f8c00000,0x00000000fc380000)
  to   space 61952K, 0% used [0x00000000fc380000,0x00000000fc380000,0x0000000100000000)
 ParOldGen       total 319488K, used 186907K [0x00000000a0000000, 0x00000000b3800000, 0x00000000e0000000)
  object space 319488K, 58% used [0x00000000a0000000,0x00000000ab686e60,0x00000000b3800000)
 Metaspace       used 67137K, capacity 69120K, committed 69464K, reserved 1110016K
  class space    used 8556K, capacity 8982K, committed 9088K, reserved 1048576K
Event: 806.544 GC heap after
Heap after GC invocations=35 (full 6):
 PSYoungGen      total 432640K, used 57824K [0x00000000e0000000, 0x0000000100000000, 0x0000000100000000)
  eden space 370688K, 0% used [0x00000000e0000000,0x00000000e0000000,0x00000000f6a00000)
  from space 61952K, 93% used [0x00000000fc380000,0x00000000ffbf8318,0x0000000100000000)
  to   space 76800K, 0% used [0x00000000f6a00000,0x00000000f6a00000,0x00000000fb500000)
 ParOldGen       total 319488K, used 186915K [0x00000000a0000000, 0x00000000b3800000, 0x00000000e0000000)
  object space 319488K, 58% used [0x00000000a0000000,0x00000000ab688e60,0x00000000b3800000)
 Metaspace       used 67137K, capacity 69120K, committed 69464K, reserved 1110016K
  class space    used 8556K, capacity 8982K, committed 9088K, reserved 1048576K
}
Event: 808.252 GC heap before
{Heap before GC invocations=36 (full 6):
 PSYoungGen      total 432640K, used 428512K [0x00000000e0000000, 0x0000000100000000, 0x0000000100000000)
  eden space 370688K, 100% used [0x00000000e0000000,0x00000000f6a00000,0x00000000f6a00000)
  from space 61952K, 93% used [0x00000000fc380000,0x00000000ffbf8318,0x0000000100000000)
  to   space 76800K, 0% used [0x00000000f6a00000,0x00000000f6a00000,0x00000000fb500000)
 ParOldGen       total 319488K, used 186915K [0x00000000a0000000, 0x00000000b3800000, 0x00000000e0000000)
  object space 319488K, 58% used [0x00000000a0000000,0x00000000ab688e60,0x00000000b3800000)
 Metaspace       used 67147K, capacity 69120K, committed 69464K, reserved 1110016K
  class space    used 8556K, capacity 8982K, committed 9088K, reserved 1048576K
Event: 808.601 GC heap after
Heap after GC invocations=36 (full 6):
 PSYoungGen      total 426496K, used 55791K [0x00000000e0000000, 0x0000000100000000, 0x0000000100000000)
  eden space 370688K, 0% used [0x00000000e0000000,0x00000000e0000000,0x00000000f6a00000)
  from space 55808K, 99% used [0x00000000f6a00000,0x00000000fa07beb8,0x00000000fa080000)
  to   space 82432K, 0% used [0x00000000faf80000,0x00000000faf80000,0x0000000100000000)
 ParOldGen       total 319488K, used 242310K [0x00000000a0000000, 0x00000000b3800000, 0x00000000e0000000)
  object space 319488K, 75% used [0x00000000a0000000,0x00000000aeca1be8,0x00000000b3800000)
 Metaspace       used 67147K, capacity 69120K, committed 69464K, reserved 1110016K
  class space    used 8556K, capacity 8982K, committed 9088K, reserved 1048576K
}
Event: 810.277 GC heap before
{Heap before GC invocations=37 (full 6):
 PSYoungGen      total 426496K, used 426479K [0x00000000e0000000, 0x0000000100000000, 0x0000000100000000)
  eden space 370688K, 100% used [0x00000000e0000000,0x00000000f6a00000,0x00000000f6a00000)
  from space 55808K, 99% used [0x00000000f6a00000,0x00000000fa07beb8,0x00000000fa080000)
  to   space 82432K, 0% used [0x00000000faf80000,0x00000000faf80000,0x0000000100000000)
 ParOldGen       total 319488K, used 242310K [0x00000000a0000000, 0x00000000b3800000, 0x00000000e0000000)
  object space 319488K, 75% used [0x00000000a0000000,0x00000000aeca1be8,0x00000000b3800000)
 Metaspace       used 67153K, capacity 69120K, committed 69464K, reserved 1110016K
  class space    used 8557K, capacity 8982K, committed 9088K, reserved 1048576K
Event: 810.641 GC heap after
Heap after GC invocations=37 (full 6):
 PSYoungGen      total 434688K, used 54595K [0x00000000e0000000, 0x0000000100000000, 0x0000000100000000)
  eden space 352256K, 0% used [0x00000000e0000000,0x00000000e0000000,0x00000000f5800000)
  from space 82432K, 66% used [0x00000000faf80000,0x00000000fe4d0fe8,0x0000000100000000)
  to   space 86016K, 0% used [0x00000000f5800000,0x00000000f5800000,0x00000000fac00000)
 ParOldGen       total 319488K, used 295452K [0x00000000a0000000, 0x00000000b3800000, 0x00000000e0000000)
  object space 319488K, 92% used [0x00000000a0000000,0x00000000b20872b8,0x00000000b3800000)
 Metaspace       used 67153K, capacity 69120K, committed 69464K, reserved 1110016K
  class space    used 8557K, capacity 8982K, committed 9088K, reserved 1048576K
}
Event: 810.641 GC heap before
{Heap before GC invocations=38 (full 7):
 PSYoungGen      total 434688K, used 54595K [0x00000000e0000000, 0x0000000100000000, 0x0000000100000000)
  eden space 352256K, 0% used [0x00000000e0000000,0x00000000e0000000,0x00000000f5800000)
  from space 82432K, 66% used [0x00000000faf80000,0x00000000fe4d0fe8,0x0000000100000000)
  to   space 86016K, 0% used [0x00000000f5800000,0x00000000f5800000,0x00000000fac00000)
 ParOldGen       total 319488K, used 295452K [0x00000000a0000000, 0x00000000b3800000, 0x00000000e0000000)
  object space 319488K, 92% used [0x00000000a0000000,0x00000000b20872b8,0x00000000b3800000)
 Metaspace       used 67153K, capacity 69120K, committed 69464K, reserved 1110016K
  class space    used 8557K, capacity 8982K, committed 9088K, reserved 1048576K

