# JRE version: Java(TM) SE Runtime Environment (8.0_101-b13) (build 1.8.0_101-b13)
# Java VM: Java HotSpot(TM) 64-Bit Server VM (25.101-b13 mixed mode linux-amd64 compressed oops)
Heap:
 PSYoungGen      total 349696K, used 0K [0x00000000e0000000, 0x0000000100000000, 0x0000000100000000)
  eden space 175104K, 0% used [0x00000000e0000000,0x00000000e0000000,0x00000000eab00000)
  from space 174592K, 0% used [0x00000000f5580000,0x00000000f5580000,0x0000000100000000)
  to   space 174592K, 0% used [0x00000000eab00000,0x00000000eab00000,0x00000000f5580000)
 ParOldGen       total 731648K, used 621415K [0x00000000a0000000, 0x00000000cca80000, 0x00000000e0000000)
  object space 731648K, 84% used [0x00000000a0000000,0x00000000c5ed9c30,0x00000000cca80000)
 Metaspace       used 52578K, capacity 53854K, committed 54104K, reserved 1095680K
  class space    used 6992K, capacity 7293K, committed 7296K, reserved 1048576K
GC Heap History (10 events):
Event: 83.342 GC heap after
Heap after GC invocations=32 (full 6):
 PSYoungGen      total 357376K, used 38987K [0x00000000e0000000, 0x0000000100000000, 0x0000000100000000)
  eden space 244736K, 0% used [0x00000000e0000000,0x00000000e0000000,0x00000000eef00000)
  from space 112640K, 34% used [0x00000000f9200000,0x00000000fb812c38,0x0000000100000000)
  to   space 139776K, 0% used [0x00000000eef00000,0x00000000eef00000,0x00000000f7780000)
 ParOldGen       total 731648K, used 499109K [0x00000000a0000000, 0x00000000cca80000, 0x00000000e0000000)
  object space 731648K, 68% used [0x00000000a0000000,0x00000000be769478,0x00000000cca80000)
 Metaspace       used 52548K, capacity 53854K, committed 54104K, reserved 1095680K
  class space    used 6987K, capacity 7293K, committed 7296K, reserved 1048576K
}
Event: 87.192 GC heap before
{Heap before GC invocations=33 (full 6):
 PSYoungGen      total 357376K, used 283723K [0x00000000e0000000, 0x0000000100000000, 0x0000000100000000)
  eden space 244736K, 100% used [0x00000000e0000000,0x00000000eef00000,0x00000000eef00000)
  from space 112640K, 34% used [0x00000000f9200000,0x00000000fb812c38,0x0000000100000000)
  to   space 139776K, 0% used [0x00000000eef00000,0x00000000eef00000,0x00000000f7780000)
 ParOldGen       total 731648K, used 499109K [0x00000000a0000000, 0x00000000cca80000, 0x00000000e0000000)
  object space 731648K, 68% used [0x00000000a0000000,0x00000000be769478,0x00000000cca80000)
 Metaspace       used 52576K, capacity 53854K, committed 54104K, reserved 1095680K
  class space    used 6992K, capacity 7293K, committed 7296K, reserved 1048576K
Event: 87.648 GC heap after
Heap after GC invocations=33 (full 6):
 PSYoungGen      total 332800K, used 87762K [0x00000000e0000000, 0x0000000100000000, 0x0000000100000000)
  eden space 244736K, 0% used [0x00000000e0000000,0x00000000e0000000,0x00000000eef00000)
  from space 88064K, 99% used [0x00000000eef00000,0x00000000f44b48e0,0x00000000f4500000)
  to   space 143360K, 0% used [0x00000000f7400000,0x00000000f7400000,0x0000000100000000)
 ParOldGen       total 731648K, used 520290K [0x00000000a0000000, 0x00000000cca80000, 0x00000000e0000000)
  object space 731648K, 71% used [0x00000000a0000000,0x00000000bfc18890,0x00000000cca80000)
 Metaspace       used 52576K, capacity 53854K, committed 54104K, reserved 1095680K
  class space    used 6992K, capacity 7293K, committed 7296K, reserved 1048576K
}
Event: 88.292 GC heap before
{Heap before GC invocations=34 (full 6):
 PSYoungGen      total 332800K, used 332498K [0x00000000e0000000, 0x0000000100000000, 0x0000000100000000)
  eden space 244736K, 100% used [0x00000000e0000000,0x00000000eef00000,0x00000000eef00000)
  from space 88064K, 99% used [0x00000000eef00000,0x00000000f44b48e0,0x00000000f4500000)
  to   space 143360K, 0% used [0x00000000f7400000,0x00000000f7400000,0x0000000100000000)
 ParOldGen       total 731648K, used 520290K [0x00000000a0000000, 0x00000000cca80000, 0x00000000e0000000)
  object space 731648K, 71% used [0x00000000a0000000,0x00000000bfc18890,0x00000000cca80000)
 Metaspace       used 52576K, capacity 53854K, committed 54104K, reserved 1095680K
  class space    used 6992K, capacity 7293K, committed 7296K, reserved 1048576K
Event: 88.533 GC heap after
Heap after GC invocations=34 (full 6):
 PSYoungGen      total 318464K, used 143336K [0x00000000e0000000, 0x0000000100000000, 0x0000000100000000)
  eden space 175104K, 0% used [0x00000000e0000000,0x00000000e0000000,0x00000000eab00000)
  from space 143360K, 99% used [0x00000000f7400000,0x00000000ffffa318,0x0000000100000000)
  to   space 174592K, 0% used [0x00000000eab00000,0x00000000eab00000,0x00000000f5580000)
 ParOldGen       total 731648K, used 565588K [0x00000000a0000000, 0x00000000cca80000, 0x00000000e0000000)
  object space 731648K, 77% used [0x00000000a0000000,0x00000000c2855238,0x00000000cca80000)
 Metaspace       used 52576K, capacity 53854K, committed 54104K, reserved 1095680K
  class space    used 6992K, capacity 7293K, committed 7296K, reserved 1048576K
}
Event: 88.772 GC heap before
{Heap before GC invocations=35 (full 6):
 PSYoungGen      total 318464K, used 318440K [0x00000000e0000000, 0x0000000100000000, 0x0000000100000000)
  eden space 175104K, 100% used [0x00000000e0000000,0x00000000eab00000,0x00000000eab00000)
  from space 143360K, 99% used [0x00000000f7400000,0x00000000ffffa318,0x0000000100000000)
  to   space 174592K, 0% used [0x00000000eab00000,0x00000000eab00000,0x00000000f5580000)
 ParOldGen       total 731648K, used 565588K [0x00000000a0000000, 0x00000000cca80000, 0x00000000e0000000)
  object space 731648K, 77% used [0x00000000a0000000,0x00000000c2855238,0x00000000cca80000)
 Metaspace       used 52576K, capacity 53854K, committed 54104K, reserved 1095680K
  class space    used 6992K, capacity 7293K, committed 7296K, reserved 1048576K
Event: 89.072 GC heap after
Heap after GC invocations=35 (full 6):
 PSYoungGen      total 349696K, used 162801K [0x00000000e0000000, 0x0000000100000000, 0x0000000100000000)
  eden space 175104K, 0% used [0x00000000e0000000,0x00000000e0000000,0x00000000eab00000)
  from space 174592K, 93% used [0x00000000eab00000,0x00000000f49fc6c8,0x00000000f5580000)
  to   space 174592K, 0% used [0x00000000f5580000,0x00000000f5580000,0x0000000100000000)
 ParOldGen       total 731648K, used 623669K [0x00000000a0000000, 0x00000000cca80000, 0x00000000e0000000)
  object space 731648K, 85% used [0x00000000a0000000,0x00000000c610d5e0,0x00000000cca80000)
 Metaspace       used 52576K, capacity 53854K, committed 54104K, reserved 1095680K
  class space    used 6992K, capacity 7293K, committed 7296K, reserved 1048576K
}
Event: 90.467 GC heap before
{Heap before GC invocations=36 (full 6):
 PSYoungGen      total 349696K, used 337905K [0x00000000e0000000, 0x0000000100000000, 0x0000000100000000)
  eden space 175104K, 100% used [0x00000000e0000000,0x00000000eab00000,0x00000000eab00000)
  from space 174592K, 93% used [0x00000000eab00000,0x00000000f49fc6c8,0x00000000f5580000)
  to   space 174592K, 0% used [0x00000000f5580000,0x00000000f5580000,0x0000000100000000)
 ParOldGen       total 731648K, used 623669K [0x00000000a0000000, 0x00000000cca80000, 0x00000000e0000000)
  object space 731648K, 85% used [0x00000000a0000000,0x00000000c610d5e0,0x00000000cca80000)
 Metaspace       used 52578K, capacity 53854K, committed 54104K, reserved 1095680K
  class space    used 6992K, capacity 7293K, committed 7296K, reserved 1048576K
Event: 90.707 GC heap after
Heap after GC invocations=36 (full 6):
 PSYoungGen      total 349696K, used 42332K [0x00000000e0000000, 0x0000000100000000, 0x0000000100000000)
  eden space 175104K, 0% used [0x00000000e0000000,0x00000000e0000000,0x00000000eab00000)
  from space 174592K, 24% used [0x00000000f5580000,0x00000000f7ed7000,0x0000000100000000)
  to   space 174592K, 0% used [0x00000000eab00000,0x00000000eab00000,0x00000000f5580000)
 ParOldGen       total 731648K, used 674601K [0x00000000a0000000, 0x00000000cca80000, 0x00000000e0000000)
  object space 731648K, 92% used [0x00000000a0000000,0x00000000c92ca558,0x00000000cca80000)
 Metaspace       used 52578K, capacity 53854K, committed 54104K, reserved 1095680K
  class space    used 6992K, capacity 7293K, committed 7296K, reserved 1048576K
}
Event: 90.707 GC heap before
{Heap before GC invocations=37 (full 7):
 PSYoungGen      total 349696K, used 42332K [0x00000000e0000000, 0x0000000100000000, 0x0000000100000000)
  eden space 175104K, 0% used [0x00000000e0000000,0x00000000e0000000,0x00000000eab00000)
  from space 174592K, 24% used [0x00000000f5580000,0x00000000f7ed7000,0x0000000100000000)
  to   space 174592K, 0% used [0x00000000eab00000,0x00000000eab00000,0x00000000f5580000)
 ParOldGen       total 731648K, used 674601K [0x00000000a0000000, 0x00000000cca80000, 0x00000000e0000000)
  object space 731648K, 92% used [0x00000000a0000000,0x00000000c92ca558,0x00000000cca80000)
 Metaspace       used 52578K, capacity 53854K, committed 54104K, reserved 1095680K
  class space    used 6992K, capacity 7293K, committed 7296K, reserved 1048576K

