# JRE version: Java(TM) SE Runtime Environment (8.0_111-b14) (build 1.8.0_111-b14)
# Java VM: Java HotSpot(TM) 64-Bit Server VM (25.111-b14 mixed mode linux-amd64 compressed oops)
Heap:
 PSYoungGen      total 347136K, used 0K [0x00000000e0000000, 0x0000000100000000, 0x0000000100000000)
  eden space 172544K, 0% used [0x00000000e0000000,0x00000000e0000000,0x00000000ea880000)
  from space 174592K, 0% used [0x00000000ea880000,0x00000000ea880000,0x00000000f5300000)
  to   space 174592K, 0% used [0x00000000f5580000,0x00000000f5580000,0x0000000100000000)
 ParOldGen       total 793600K, used 679669K [0x00000000a0000000, 0x00000000d0700000, 0x00000000e0000000)
  object space 793600K, 85% used [0x00000000a0000000,0x00000000c97bd4d0,0x00000000d0700000)
 Metaspace       used 66344K, capacity 68122K, committed 68352K, reserved 1107968K
  class space    used 8530K, capacity 8923K, committed 8960K, reserved 1048576K
GC Heap History (10 events):
Event: 192.390 GC heap after
Heap after GC invocations=56 (full 9):
 PSYoungGen      total 349696K, used 76986K [0x00000000e0000000, 0x0000000100000000, 0x0000000100000000)
  eden space 175104K, 0% used [0x00000000e0000000,0x00000000e0000000,0x00000000eab00000)
  from space 174592K, 44% used [0x00000000eab00000,0x00000000ef62e9e8,0x00000000f5580000)
  to   space 174592K, 0% used [0x00000000f5580000,0x00000000f5580000,0x0000000100000000)
 ParOldGen       total 793600K, used 657886K [0x00000000a0000000, 0x00000000d0700000, 0x00000000e0000000)
  object space 793600K, 82% used [0x00000000a0000000,0x00000000c8277870,0x00000000d0700000)
 Metaspace       used 66343K, capacity 68122K, committed 68352K, reserved 1107968K
  class space    used 8530K, capacity 8923K, committed 8960K, reserved 1048576K
}
Event: 193.044 GC heap before
{Heap before GC invocations=57 (full 9):
 PSYoungGen      total 349696K, used 251984K [0x00000000e0000000, 0x0000000100000000, 0x0000000100000000)
  eden space 175104K, 99% used [0x00000000e0000000,0x00000000eaae5668,0x00000000eab00000)
  from space 174592K, 44% used [0x00000000eab00000,0x00000000ef62e9e8,0x00000000f5580000)
  to   space 174592K, 0% used [0x00000000f5580000,0x00000000f5580000,0x0000000100000000)
 ParOldGen       total 793600K, used 657886K [0x00000000a0000000, 0x00000000d0700000, 0x00000000e0000000)
  object space 793600K, 82% used [0x00000000a0000000,0x00000000c8277870,0x00000000d0700000)
 Metaspace       used 66343K, capacity 68122K, committed 68352K, reserved 1107968K
  class space    used 8530K, capacity 8923K, committed 8960K, reserved 1048576K
Event: 193.150 GC heap after
Heap after GC invocations=57 (full 9):
 PSYoungGen      total 349696K, used 33554K [0x00000000e0000000, 0x0000000100000000, 0x0000000100000000)
  eden space 175104K, 0% used [0x00000000e0000000,0x00000000e0000000,0x00000000eab00000)
  from space 174592K, 19% used [0x00000000f5580000,0x00000000f7644b30,0x0000000100000000)
  to   space 174592K, 0% used [0x00000000eab00000,0x00000000eab00000,0x00000000f5580000)
 ParOldGen       total 793600K, used 660279K [0x00000000a0000000, 0x00000000d0700000, 0x00000000e0000000)
  object space 793600K, 83% used [0x00000000a0000000,0x00000000c84cded0,0x00000000d0700000)
 Metaspace       used 66343K, capacity 68122K, committed 68352K, reserved 1107968K
  class space    used 8530K, capacity 8923K, committed 8960K, reserved 1048576K
}
Event: 194.027 GC heap before
{Heap before GC invocations=58 (full 9):
 PSYoungGen      total 349696K, used 208658K [0x00000000e0000000, 0x0000000100000000, 0x0000000100000000)
  eden space 175104K, 100% used [0x00000000e0000000,0x00000000eab00000,0x00000000eab00000)
  from space 174592K, 19% used [0x00000000f5580000,0x00000000f7644b30,0x0000000100000000)
  to   space 174592K, 0% used [0x00000000eab00000,0x00000000eab00000,0x00000000f5580000)
 ParOldGen       total 793600K, used 660279K [0x00000000a0000000, 0x00000000d0700000, 0x00000000e0000000)
  object space 793600K, 83% used [0x00000000a0000000,0x00000000c84cded0,0x00000000d0700000)
 Metaspace       used 66344K, capacity 68122K, committed 68352K, reserved 1107968K
  class space    used 8530K, capacity 8923K, committed 8960K, reserved 1048576K
Event: 194.209 GC heap after
Heap after GC invocations=58 (full 9):
 PSYoungGen      total 254976K, used 79400K [0x00000000e0000000, 0x00000000ffb00000, 0x0000000100000000)
  eden space 175104K, 0% used [0x00000000e0000000,0x00000000e0000000,0x00000000eab00000)
  from space 79872K, 99% used [0x00000000eab00000,0x00000000ef88a008,0x00000000ef900000)
  to   space 172032K, 0% used [0x00000000f5300000,0x00000000f5300000,0x00000000ffb00000)
 ParOldGen       total 793600K, used 693692K [0x00000000a0000000, 0x00000000d0700000, 0x00000000e0000000)
  object space 793600K, 87% used [0x00000000a0000000,0x00000000ca56f350,0x00000000d0700000)
 Metaspace       used 66344K, capacity 68122K, committed 68352K, reserved 1107968K
  class space    used 8530K, capacity 8923K, committed 8960K, reserved 1048576K
}
Event: 194.420 GC heap before
{Heap before GC invocations=59 (full 9):
 PSYoungGen      total 254976K, used 254504K [0x00000000e0000000, 0x00000000ffb00000, 0x0000000100000000)
  eden space 175104K, 100% used [0x00000000e0000000,0x00000000eab00000,0x00000000eab00000)
  from space 79872K, 99% used [0x00000000eab00000,0x00000000ef88a008,0x00000000ef900000)
  to   space 172032K, 0% used [0x00000000f5300000,0x00000000f5300000,0x00000000ffb00000)
 ParOldGen       total 793600K, used 693692K [0x00000000a0000000, 0x00000000d0700000, 0x00000000e0000000)
  object space 793600K, 87% used [0x00000000a0000000,0x00000000ca56f350,0x00000000d0700000)
 Metaspace       used 66344K, capacity 68122K, committed 68352K, reserved 1107968K
  class space    used 8530K, capacity 8923K, committed 8960K, reserved 1048576K
Event: 194.538 GC heap after
Heap after GC invocations=59 (full 9):
 PSYoungGen      total 344576K, used 165935K [0x00000000e0000000, 0x0000000100000000, 0x0000000100000000)
  eden space 172544K, 0% used [0x00000000e0000000,0x00000000e0000000,0x00000000ea880000)
  from space 172032K, 96% used [0x00000000f5300000,0x00000000ff50bf50,0x00000000ffb00000)
  to   space 174592K, 0% used [0x00000000ea880000,0x00000000ea880000,0x00000000f5300000)
 ParOldGen       total 793600K, used 693692K [0x00000000a0000000, 0x00000000d0700000, 0x00000000e0000000)
  object space 793600K, 87% used [0x00000000a0000000,0x00000000ca56f350,0x00000000d0700000)
 Metaspace       used 66344K, capacity 68122K, committed 68352K, reserved 1107968K
  class space    used 8530K, capacity 8923K, committed 8960K, reserved 1048576K
}
Event: 195.029 GC heap before
{Heap before GC invocations=60 (full 9):
 PSYoungGen      total 344576K, used 338479K [0x00000000e0000000, 0x0000000100000000, 0x0000000100000000)
  eden space 172544K, 100% used [0x00000000e0000000,0x00000000ea880000,0x00000000ea880000)
  from space 172032K, 96% used [0x00000000f5300000,0x00000000ff50bf50,0x00000000ffb00000)
  to   space 174592K, 0% used [0x00000000ea880000,0x00000000ea880000,0x00000000f5300000)
 ParOldGen       total 793600K, used 693692K [0x00000000a0000000, 0x00000000d0700000, 0x00000000e0000000)
  object space 793600K, 87% used [0x00000000a0000000,0x00000000ca56f350,0x00000000d0700000)
 Metaspace       used 66344K, capacity 68122K, committed 68352K, reserved 1107968K
  class space    used 8530K, capacity 8923K, committed 8960K, reserved 1048576K
Event: 195.243 GC heap after
Heap after GC invocations=60 (full 9):
 PSYoungGen      total 347136K, used 26105K [0x00000000e0000000, 0x0000000100000000, 0x0000000100000000)
  eden space 172544K, 0% used [0x00000000e0000000,0x00000000e0000000,0x00000000ea880000)
  from space 174592K, 14% used [0x00000000ea880000,0x00000000ec1fe7a0,0x00000000f5300000)
  to   space 174592K, 0% used [0x00000000f5580000,0x00000000f5580000,0x0000000100000000)
 ParOldGen       total 793600K, used 748664K [0x00000000a0000000, 0x00000000d0700000, 0x00000000e0000000)
  object space 793600K, 94% used [0x00000000a0000000,0x00000000cdb1e170,0x00000000d0700000)
 Metaspace       used 66344K, capacity 68122K, committed 68352K, reserved 1107968K
  class space    used 8530K, capacity 8923K, committed 8960K, reserved 1048576K
}
Event: 195.243 GC heap before
{Heap before GC invocations=61 (full 10):
 PSYoungGen      total 347136K, used 26105K [0x00000000e0000000, 0x0000000100000000, 0x0000000100000000)
  eden space 172544K, 0% used [0x00000000e0000000,0x00000000e0000000,0x00000000ea880000)
  from space 174592K, 14% used [0x00000000ea880000,0x00000000ec1fe7a0,0x00000000f5300000)
  to   space 174592K, 0% used [0x00000000f5580000,0x00000000f5580000,0x0000000100000000)
 ParOldGen       total 793600K, used 748664K [0x00000000a0000000, 0x00000000d0700000, 0x00000000e0000000)
  object space 793600K, 94% used [0x00000000a0000000,0x00000000cdb1e170,0x00000000d0700000)
 Metaspace       used 66344K, capacity 68122K, committed 68352K, reserved 1107968K
  class space    used 8530K, capacity 8923K, committed 8960K, reserved 1048576K

