# JRE version: Java(TM) SE Runtime Environment (8.0_111-b14) (build 1.8.0_111-b14)
# Java VM: Java HotSpot(TM) 64-Bit Server VM (25.111-b14 mixed mode linux-amd64 compressed oops)
Heap:
 PSYoungGen      total 289280K, used 49664K [0x00000000e0000000, 0x00000000f5400000, 0x0000000100000000)
  eden space 239616K, 0% used [0x00000000e0000000,0x00000000e0000000,0x00000000eea00000)
  from space 49664K, 100% used [0x00000000eea00000,0x00000000f1a80000,0x00000000f1a80000)
  to   space 38912K, 0% used [0x00000000f1a80000,0x00000000f1a80000,0x00000000f4080000)
 ParOldGen       total 165888K, used 114880K [0x00000000a0000000, 0x00000000aa200000, 0x00000000e0000000)
  object space 165888K, 69% used [0x00000000a0000000,0x00000000a7030308,0x00000000aa200000)
 Metaspace       used 61966K, capacity 63394K, committed 63576K, reserved 1103872K
  class space    used 8129K, capacity 8473K, committed 8536K, reserved 1048576K
GC Heap History (10 events):
Event: 49.270 GC heap after
Heap after GC invocations=17 (full 2):
 PSYoungGen      total 160256K, used 20477K [0x00000000e0000000, 0x00000000efe80000, 0x0000000100000000)
  eden space 139776K, 0% used [0x00000000e0000000,0x00000000e0000000,0x00000000e8880000)
  from space 20480K, 99% used [0x00000000e8880000,0x00000000e9c7f780,0x00000000e9c80000)
  to   space 29696K, 0% used [0x00000000ee180000,0x00000000ee180000,0x00000000efe80000)
 ParOldGen       total 101376K, used 44077K [0x00000000a0000000, 0x00000000a6300000, 0x00000000e0000000)
  object space 101376K, 43% used [0x00000000a0000000,0x00000000a2b0b7d8,0x00000000a6300000)
 Metaspace       used 53483K, capacity 54878K, committed 55168K, reserved 1097728K
  class space    used 7136K, capacity 7459K, committed 7552K, reserved 1048576K
}
Event: 77.169 GC heap before
{Heap before GC invocations=18 (full 2):
 PSYoungGen      total 160256K, used 160253K [0x00000000e0000000, 0x00000000efe80000, 0x0000000100000000)
  eden space 139776K, 100% used [0x00000000e0000000,0x00000000e8880000,0x00000000e8880000)
  from space 20480K, 99% used [0x00000000e8880000,0x00000000e9c7f780,0x00000000e9c80000)
  to   space 29696K, 0% used [0x00000000ee180000,0x00000000ee180000,0x00000000efe80000)
 ParOldGen       total 101376K, used 44077K [0x00000000a0000000, 0x00000000a6300000, 0x00000000e0000000)
  object space 101376K, 43% used [0x00000000a0000000,0x00000000a2b0b7d8,0x00000000a6300000)
 Metaspace       used 55078K, capacity 56554K, committed 56704K, reserved 1097728K
  class space    used 7340K, capacity 7693K, committed 7808K, reserved 1048576K
Event: 77.328 GC heap after
Heap after GC invocations=18 (full 2):
 PSYoungGen      total 224256K, used 29664K [0x00000000e0000000, 0x00000000f0780000, 0x0000000100000000)
  eden space 194560K, 0% used [0x00000000e0000000,0x00000000e0000000,0x00000000ebe00000)
  from space 29696K, 99% used [0x00000000ee180000,0x00000000efe783a0,0x00000000efe80000)
  to   space 36352K, 0% used [0x00000000ebe00000,0x00000000ebe00000,0x00000000ee180000)
 ParOldGen       total 101376K, used 49753K [0x00000000a0000000, 0x00000000a6300000, 0x00000000e0000000)
  object space 101376K, 49% used [0x00000000a0000000,0x00000000a3096500,0x00000000a6300000)
 Metaspace       used 55078K, capacity 56554K, committed 56704K, reserved 1097728K
  class space    used 7340K, capacity 7693K, committed 7808K, reserved 1048576K
}
Event: 78.748 GC heap before
{Heap before GC invocations=19 (full 2):
 PSYoungGen      total 224256K, used 50753K [0x00000000e0000000, 0x00000000f0780000, 0x0000000100000000)
  eden space 194560K, 10% used [0x00000000e0000000,0x00000000e1498408,0x00000000ebe00000)
  from space 29696K, 99% used [0x00000000ee180000,0x00000000efe783a0,0x00000000efe80000)
  to   space 36352K, 0% used [0x00000000ebe00000,0x00000000ebe00000,0x00000000ee180000)
 ParOldGen       total 101376K, used 49753K [0x00000000a0000000, 0x00000000a6300000, 0x00000000e0000000)
  object space 101376K, 49% used [0x00000000a0000000,0x00000000a3096500,0x00000000a6300000)
 Metaspace       used 57604K, capacity 59010K, committed 59096K, reserved 1099776K
  class space    used 7713K, capacity 8085K, committed 8152K, reserved 1048576K
Event: 78.826 GC heap after
Heap after GC invocations=19 (full 2):
 PSYoungGen      total 230912K, used 27152K [0x00000000e0000000, 0x00000000f4080000, 0x0000000100000000)
  eden space 194560K, 0% used [0x00000000e0000000,0x00000000e0000000,0x00000000ebe00000)
  from space 36352K, 74% used [0x00000000ebe00000,0x00000000ed884020,0x00000000ee180000)
  to   space 38912K, 0% used [0x00000000f1a80000,0x00000000f1a80000,0x00000000f4080000)
 ParOldGen       total 101376K, used 58095K [0x00000000a0000000, 0x00000000a6300000, 0x00000000e0000000)
  object space 101376K, 57% used [0x00000000a0000000,0x00000000a38bbcd0,0x00000000a6300000)
 Metaspace       used 57604K, capacity 59010K, committed 59096K, reserved 1099776K
  class space    used 7713K, capacity 8085K, committed 8152K, reserved 1048576K
}
Event: 78.826 GC heap before
{Heap before GC invocations=20 (full 3):
 PSYoungGen      total 230912K, used 27152K [0x00000000e0000000, 0x00000000f4080000, 0x0000000100000000)
  eden space 194560K, 0% used [0x00000000e0000000,0x00000000e0000000,0x00000000ebe00000)
  from space 36352K, 74% used [0x00000000ebe00000,0x00000000ed884020,0x00000000ee180000)
  to   space 38912K, 0% used [0x00000000f1a80000,0x00000000f1a80000,0x00000000f4080000)
 ParOldGen       total 101376K, used 58095K [0x00000000a0000000, 0x00000000a6300000, 0x00000000e0000000)
  object space 101376K, 57% used [0x00000000a0000000,0x00000000a38bbcd0,0x00000000a6300000)
 Metaspace       used 57604K, capacity 59010K, committed 59096K, reserved 1099776K
  class space    used 7713K, capacity 8085K, committed 8152K, reserved 1048576K
Event: 79.419 GC heap after
Heap after GC invocations=20 (full 3):
 PSYoungGen      total 230912K, used 0K [0x00000000e0000000, 0x00000000f4080000, 0x0000000100000000)
  eden space 194560K, 0% used [0x00000000e0000000,0x00000000e0000000,0x00000000ebe00000)
  from space 36352K, 0% used [0x00000000ebe00000,0x00000000ebe00000,0x00000000ee180000)
  to   space 38912K, 0% used [0x00000000f1a80000,0x00000000f1a80000,0x00000000f4080000)
 ParOldGen       total 165888K, used 59198K [0x00000000a0000000, 0x00000000aa200000, 0x00000000e0000000)
  object space 165888K, 35% used [0x00000000a0000000,0x00000000a39cf930,0x00000000aa200000)
 Metaspace       used 57591K, capacity 58974K, committed 59096K, reserved 1099776K
  class space    used 7709K, capacity 8077K, committed 8152K, reserved 1048576K
}
Event: 96.516 GC heap before
{Heap before GC invocations=21 (full 3):
 PSYoungGen      total 230912K, used 194560K [0x00000000e0000000, 0x00000000f4080000, 0x0000000100000000)
  eden space 194560K, 100% used [0x00000000e0000000,0x00000000ebe00000,0x00000000ebe00000)
  from space 36352K, 0% used [0x00000000ebe00000,0x00000000ebe00000,0x00000000ee180000)
  to   space 38912K, 0% used [0x00000000f1a80000,0x00000000f1a80000,0x00000000f4080000)
 ParOldGen       total 165888K, used 59198K [0x00000000a0000000, 0x00000000aa200000, 0x00000000e0000000)
  object space 165888K, 35% used [0x00000000a0000000,0x00000000a39cf930,0x00000000aa200000)
 Metaspace       used 61737K, capacity 63170K, committed 63320K, reserved 1103872K
  class space    used 8099K, capacity 8441K, committed 8536K, reserved 1048576K
Event: 96.687 GC heap after
Heap after GC invocations=21 (full 3):
 PSYoungGen      total 278528K, used 38883K [0x00000000e0000000, 0x00000000f5400000, 0x0000000100000000)
  eden space 239616K, 0% used [0x00000000e0000000,0x00000000e0000000,0x00000000eea00000)
  from space 38912K, 99% used [0x00000000f1a80000,0x00000000f4078d30,0x00000000f4080000)
  to   space 49664K, 0% used [0x00000000eea00000,0x00000000eea00000,0x00000000f1a80000)
 ParOldGen       total 165888K, used 71442K [0x00000000a0000000, 0x00000000aa200000, 0x00000000e0000000)
  object space 165888K, 43% used [0x00000000a0000000,0x00000000a45c48f8,0x00000000aa200000)
 Metaspace       used 61737K, capacity 63170K, committed 63320K, reserved 1103872K
  class space    used 8099K, capacity 8441K, committed 8536K, reserved 1048576K
}
Event: 98.058 GC heap before
{Heap before GC invocations=22 (full 3):
 PSYoungGen      total 278528K, used 278499K [0x00000000e0000000, 0x00000000f5400000, 0x0000000100000000)
  eden space 239616K, 100% used [0x00000000e0000000,0x00000000eea00000,0x00000000eea00000)
  from space 38912K, 99% used [0x00000000f1a80000,0x00000000f4078d30,0x00000000f4080000)
  to   space 49664K, 0% used [0x00000000eea00000,0x00000000eea00000,0x00000000f1a80000)
 ParOldGen       total 165888K, used 71442K [0x00000000a0000000, 0x00000000aa200000, 0x00000000e0000000)
  object space 165888K, 43% used [0x00000000a0000000,0x00000000a45c48f8,0x00000000aa200000)
 Metaspace       used 61966K, capacity 63394K, committed 63576K, reserved 1103872K
  class space    used 8129K, capacity 8473K, committed 8536K, reserved 1048576K

