# JRE version: Java(TM) SE Runtime Environment (8.0_111-b14) (build 1.8.0_111-b14)
# Java VM: Java HotSpot(TM) 64-Bit Server VM (25.111-b14 mixed mode linux-amd64 compressed oops)
Heap:
 PSYoungGen      total 406016K, used 0K [0x00000000e0000000, 0x00000000ff200000, 0x0000000100000000)
  eden space 321536K, 0% used [0x00000000e0000000,0x00000000e0000000,0x00000000f3a00000)
  from space 84480K, 0% used [0x00000000f9f80000,0x00000000f9f80000,0x00000000ff200000)
  to   space 94208K, 0% used [0x00000000f3a00000,0x00000000f3a00000,0x00000000f9600000)
 ParOldGen       total 610304K, used 571303K [0x00000000a0000000, 0x00000000c5400000, 0x00000000e0000000)
  object space 610304K, 93% used [0x00000000a0000000,0x00000000c2de9fa8,0x00000000c5400000)
 Metaspace       used 62135K, capacity 63624K, committed 63832K, reserved 1103872K
  class space    used 8136K, capacity 8508K, committed 8576K, reserved 1048576K
GC Heap History (10 events):
Event: 87.397 GC heap after
Heap after GC invocations=42 (full 6):
 PSYoungGen      total 436736K, used 0K [0x00000000e0000000, 0x0000000100000000, 0x0000000100000000)
  eden space 353280K, 0% used [0x00000000e0000000,0x00000000e0000000,0x00000000f5900000)
  from space 83456K, 0% used [0x00000000fae80000,0x00000000fae80000,0x0000000100000000)
  to   space 85504K, 0% used [0x00000000f5900000,0x00000000f5900000,0x00000000fac80000)
 ParOldGen       total 610304K, used 379802K [0x00000000a0000000, 0x00000000c5400000, 0x00000000e0000000)
  object space 610304K, 62% used [0x00000000a0000000,0x00000000b72e6910,0x00000000c5400000)
 Metaspace       used 62121K, capacity 63624K, committed 63832K, reserved 1103872K
  class space    used 8135K, capacity 8508K, committed 8576K, reserved 1048576K
}
Event: 88.611 GC heap before
{Heap before GC invocations=43 (full 6):
 PSYoungGen      total 436736K, used 353280K [0x00000000e0000000, 0x0000000100000000, 0x0000000100000000)
  eden space 353280K, 100% used [0x00000000e0000000,0x00000000f5900000,0x00000000f5900000)
  from space 83456K, 0% used [0x00000000fae80000,0x00000000fae80000,0x0000000100000000)
  to   space 85504K, 0% used [0x00000000f5900000,0x00000000f5900000,0x00000000fac80000)
 ParOldGen       total 610304K, used 379802K [0x00000000a0000000, 0x00000000c5400000, 0x00000000e0000000)
  object space 610304K, 62% used [0x00000000a0000000,0x00000000b72e6910,0x00000000c5400000)
 Metaspace       used 62122K, capacity 63624K, committed 63832K, reserved 1103872K
  class space    used 8135K, capacity 8508K, committed 8576K, reserved 1048576K
Event: 88.708 GC heap after
Heap after GC invocations=43 (full 6):
 PSYoungGen      total 438784K, used 51292K [0x00000000e0000000, 0x0000000100000000, 0x0000000100000000)
  eden space 353280K, 0% used [0x00000000e0000000,0x00000000e0000000,0x00000000f5900000)
  from space 85504K, 59% used [0x00000000f5900000,0x00000000f8b170e8,0x00000000fac80000)
  to   space 85504K, 0% used [0x00000000fac80000,0x00000000fac80000,0x0000000100000000)
 ParOldGen       total 610304K, used 379802K [0x00000000a0000000, 0x00000000c5400000, 0x00000000e0000000)
  object space 610304K, 62% used [0x00000000a0000000,0x00000000b72e6910,0x00000000c5400000)
 Metaspace       used 62122K, capacity 63624K, committed 63832K, reserved 1103872K
  class space    used 8135K, capacity 8508K, committed 8576K, reserved 1048576K
}
Event: 89.971 GC heap before
{Heap before GC invocations=44 (full 6):
 PSYoungGen      total 438784K, used 404572K [0x00000000e0000000, 0x0000000100000000, 0x0000000100000000)
  eden space 353280K, 100% used [0x00000000e0000000,0x00000000f5900000,0x00000000f5900000)
  from space 85504K, 59% used [0x00000000f5900000,0x00000000f8b170e8,0x00000000fac80000)
  to   space 85504K, 0% used [0x00000000fac80000,0x00000000fac80000,0x0000000100000000)
 ParOldGen       total 610304K, used 379802K [0x00000000a0000000, 0x00000000c5400000, 0x00000000e0000000)
  object space 610304K, 62% used [0x00000000a0000000,0x00000000b72e6910,0x00000000c5400000)
 Metaspace       used 62123K, capacity 63624K, committed 63832K, reserved 1103872K
  class space    used 8135K, capacity 8508K, committed 8576K, reserved 1048576K
Event: 90.190 GC heap after
Heap after GC invocations=44 (full 6):
 PSYoungGen      total 401920K, used 85501K [0x00000000e0000000, 0x0000000100000000, 0x0000000100000000)
  eden space 316416K, 0% used [0x00000000e0000000,0x00000000e0000000,0x00000000f3500000)
  from space 85504K, 99% used [0x00000000fac80000,0x00000000fffff4c0,0x0000000100000000)
  to   space 103936K, 0% used [0x00000000f3500000,0x00000000f3500000,0x00000000f9a80000)
 ParOldGen       total 610304K, used 397615K [0x00000000a0000000, 0x00000000c5400000, 0x00000000e0000000)
  object space 610304K, 65% used [0x00000000a0000000,0x00000000b844bdb8,0x00000000c5400000)
 Metaspace       used 62123K, capacity 63624K, committed 63832K, reserved 1103872K
  class space    used 8135K, capacity 8508K, committed 8576K, reserved 1048576K
}
Event: 91.359 GC heap before
{Heap before GC invocations=45 (full 6):
 PSYoungGen      total 401920K, used 401917K [0x00000000e0000000, 0x0000000100000000, 0x0000000100000000)
  eden space 316416K, 100% used [0x00000000e0000000,0x00000000f3500000,0x00000000f3500000)
  from space 85504K, 99% used [0x00000000fac80000,0x00000000fffff4c0,0x0000000100000000)
  to   space 103936K, 0% used [0x00000000f3500000,0x00000000f3500000,0x00000000f9a80000)
 ParOldGen       total 610304K, used 397615K [0x00000000a0000000, 0x00000000c5400000, 0x00000000e0000000)
  object space 610304K, 65% used [0x00000000a0000000,0x00000000b844bdb8,0x00000000c5400000)
 Metaspace       used 62133K, capacity 63624K, committed 63832K, reserved 1103872K
  class space    used 8136K, capacity 8508K, committed 8576K, reserved 1048576K
Event: 91.704 GC heap after
Heap after GC invocations=45 (full 6):
 PSYoungGen      total 420352K, used 45450K [0x00000000e0000000, 0x0000000100000000, 0x0000000100000000)
  eden space 316416K, 0% used [0x00000000e0000000,0x00000000e0000000,0x00000000f3500000)
  from space 103936K, 43% used [0x00000000f3500000,0x00000000f6162930,0x00000000f9a80000)
  to   space 98816K, 0% used [0x00000000f9f80000,0x00000000f9f80000,0x0000000100000000)
 ParOldGen       total 610304K, used 483782K [0x00000000a0000000, 0x00000000c5400000, 0x00000000e0000000)
  object space 610304K, 79% used [0x00000000a0000000,0x00000000bd871940,0x00000000c5400000)
 Metaspace       used 62133K, capacity 63624K, committed 63832K, reserved 1103872K
  class space    used 8136K, capacity 8508K, committed 8576K, reserved 1048576K
}
Event: 92.788 GC heap before
{Heap before GC invocations=46 (full 6):
 PSYoungGen      total 420352K, used 361866K [0x00000000e0000000, 0x0000000100000000, 0x0000000100000000)
  eden space 316416K, 100% used [0x00000000e0000000,0x00000000f3500000,0x00000000f3500000)
  from space 103936K, 43% used [0x00000000f3500000,0x00000000f6162930,0x00000000f9a80000)
  to   space 98816K, 0% used [0x00000000f9f80000,0x00000000f9f80000,0x0000000100000000)
 ParOldGen       total 610304K, used 483782K [0x00000000a0000000, 0x00000000c5400000, 0x00000000e0000000)
  object space 610304K, 79% used [0x00000000a0000000,0x00000000bd871940,0x00000000c5400000)
 Metaspace       used 62135K, capacity 63624K, committed 63832K, reserved 1103872K
  class space    used 8136K, capacity 8508K, committed 8576K, reserved 1048576K
Event: 93.020 GC heap after
Heap after GC invocations=46 (full 6):
 PSYoungGen      total 406016K, used 48818K [0x00000000e0000000, 0x00000000ff200000, 0x0000000100000000)
  eden space 321536K, 0% used [0x00000000e0000000,0x00000000e0000000,0x00000000f3a00000)
  from space 84480K, 57% used [0x00000000f9f80000,0x00000000fcf2cbd8,0x00000000ff200000)
  to   space 94208K, 0% used [0x00000000f3a00000,0x00000000f3a00000,0x00000000f9600000)
 ParOldGen       total 610304K, used 527507K [0x00000000a0000000, 0x00000000c5400000, 0x00000000e0000000)
  object space 610304K, 86% used [0x00000000a0000000,0x00000000c0324d58,0x00000000c5400000)
 Metaspace       used 62135K, capacity 63624K, committed 63832K, reserved 1103872K
  class space    used 8136K, capacity 8508K, committed 8576K, reserved 1048576K
}
Event: 93.020 GC heap before
{Heap before GC invocations=47 (full 7):
 PSYoungGen      total 406016K, used 48818K [0x00000000e0000000, 0x00000000ff200000, 0x0000000100000000)
  eden space 321536K, 0% used [0x00000000e0000000,0x00000000e0000000,0x00000000f3a00000)
  from space 84480K, 57% used [0x00000000f9f80000,0x00000000fcf2cbd8,0x00000000ff200000)
  to   space 94208K, 0% used [0x00000000f3a00000,0x00000000f3a00000,0x00000000f9600000)
 ParOldGen       total 610304K, used 527507K [0x00000000a0000000, 0x00000000c5400000, 0x00000000e0000000)
  object space 610304K, 86% used [0x00000000a0000000,0x00000000c0324d58,0x00000000c5400000)
 Metaspace       used 62135K, capacity 63624K, committed 63832K, reserved 1103872K
  class space    used 8136K, capacity 8508K, committed 8576K, reserved 1048576K

