# JRE version: Java(TM) SE Runtime Environment (8.0_111-b14) (build 1.8.0_111-b14)
# Java VM: Java HotSpot(TM) 64-Bit Server VM (25.111-b14 mixed mode linux-amd64 compressed oops)
Heap:
 PSYoungGen      total 348160K, used 61929K [0x00000000e0000000, 0x0000000100000000, 0x0000000100000000)
  eden space 249856K, 0% used [0x00000000e0000000,0x00000000e0000000,0x00000000ef400000)
  from space 98304K, 62% used [0x00000000f9980000,0x00000000fd5fa628,0x00000000ff980000)
  to   space 137216K, 0% used [0x00000000ef400000,0x00000000ef400000,0x00000000f7a00000)
 ParOldGen       total 603136K, used 602718K [0x00000000a0000000, 0x00000000c4d00000, 0x00000000e0000000)
  object space 603136K, 99% used [0x00000000a0000000,0x00000000c4c97928,0x00000000c4d00000)
 Metaspace       used 62007K, capacity 63508K, committed 63872K, reserved 1103872K
  class space    used 8126K, capacity 8472K, committed 8576K, reserved 1048576K
GC Heap History (10 events):
Event: 81.175 GC heap after
Heap after GC invocations=36 (full 6):
 PSYoungGen      total 421376K, used 46801K [0x00000000e0000000, 0x00000000ffa80000, 0x0000000100000000)
  eden space 330240K, 0% used [0x00000000e0000000,0x00000000e0000000,0x00000000f4280000)
  from space 91136K, 51% used [0x00000000fa180000,0x00000000fcf34788,0x00000000ffa80000)
  to   space 94208K, 0% used [0x00000000f4280000,0x00000000f4280000,0x00000000f9e80000)
 ParOldGen       total 603136K, used 370743K [0x00000000a0000000, 0x00000000c4d00000, 0x00000000e0000000)
  object space 603136K, 61% used [0x00000000a0000000,0x00000000b6a0dc88,0x00000000c4d00000)
 Metaspace       used 61993K, capacity 63508K, committed 63872K, reserved 1103872K
  class space    used 8125K, capacity 8472K, committed 8576K, reserved 1048576K
}
Event: 82.353 GC heap before
{Heap before GC invocations=37 (full 6):
 PSYoungGen      total 421376K, used 377041K [0x00000000e0000000, 0x00000000ffa80000, 0x0000000100000000)
  eden space 330240K, 100% used [0x00000000e0000000,0x00000000f4280000,0x00000000f4280000)
  from space 91136K, 51% used [0x00000000fa180000,0x00000000fcf34788,0x00000000ffa80000)
  to   space 94208K, 0% used [0x00000000f4280000,0x00000000f4280000,0x00000000f9e80000)
 ParOldGen       total 603136K, used 370743K [0x00000000a0000000, 0x00000000c4d00000, 0x00000000e0000000)
  object space 603136K, 61% used [0x00000000a0000000,0x00000000b6a0dc88,0x00000000c4d00000)
 Metaspace       used 61994K, capacity 63508K, committed 63872K, reserved 1103872K
  class space    used 8125K, capacity 8472K, committed 8576K, reserved 1048576K
Event: 82.547 GC heap after
Heap after GC invocations=37 (full 6):
 PSYoungGen      total 424448K, used 94206K [0x00000000e0000000, 0x0000000100000000, 0x0000000100000000)
  eden space 330240K, 0% used [0x00000000e0000000,0x00000000e0000000,0x00000000f4280000)
  from space 94208K, 99% used [0x00000000f4280000,0x00000000f9e7fab8,0x00000000f9e80000)
  to   space 99840K, 0% used [0x00000000f9e80000,0x00000000f9e80000,0x0000000100000000)
 ParOldGen       total 603136K, used 371068K [0x00000000a0000000, 0x00000000c4d00000, 0x00000000e0000000)
  object space 603136K, 61% used [0x00000000a0000000,0x00000000b6a5f210,0x00000000c4d00000)
 Metaspace       used 61994K, capacity 63508K, committed 63872K, reserved 1103872K
  class space    used 8125K, capacity 8472K, committed 8576K, reserved 1048576K
}
Event: 83.754 GC heap before
{Heap before GC invocations=38 (full 6):
 PSYoungGen      total 424448K, used 424446K [0x00000000e0000000, 0x0000000100000000, 0x0000000100000000)
  eden space 330240K, 100% used [0x00000000e0000000,0x00000000f4280000,0x00000000f4280000)
  from space 94208K, 99% used [0x00000000f4280000,0x00000000f9e7fab8,0x00000000f9e80000)
  to   space 99840K, 0% used [0x00000000f9e80000,0x00000000f9e80000,0x0000000100000000)
 ParOldGen       total 603136K, used 371068K [0x00000000a0000000, 0x00000000c4d00000, 0x00000000e0000000)
  object space 603136K, 61% used [0x00000000a0000000,0x00000000b6a5f210,0x00000000c4d00000)
 Metaspace       used 62005K, capacity 63508K, committed 63872K, reserved 1103872K
  class space    used 8126K, capacity 8472K, committed 8576K, reserved 1048576K
Event: 84.059 GC heap after
Heap after GC invocations=38 (full 6):
 PSYoungGen      total 417280K, used 46223K [0x00000000e0000000, 0x0000000100000000, 0x0000000100000000)
  eden space 317440K, 0% used [0x00000000e0000000,0x00000000e0000000,0x00000000f3600000)
  from space 99840K, 46% used [0x00000000f9e80000,0x00000000fcba3c70,0x0000000100000000)
  to   space 103424K, 0% used [0x00000000f3600000,0x00000000f3600000,0x00000000f9b00000)
 ParOldGen       total 603136K, used 464029K [0x00000000a0000000, 0x00000000c4d00000, 0x00000000e0000000)
  object space 603136K, 76% used [0x00000000a0000000,0x00000000bc5276a8,0x00000000c4d00000)
 Metaspace       used 62005K, capacity 63508K, committed 63872K, reserved 1103872K
  class space    used 8126K, capacity 8472K, committed 8576K, reserved 1048576K
}
Event: 85.201 GC heap before
{Heap before GC invocations=39 (full 6):
 PSYoungGen      total 417280K, used 363663K [0x00000000e0000000, 0x0000000100000000, 0x0000000100000000)
  eden space 317440K, 100% used [0x00000000e0000000,0x00000000f3600000,0x00000000f3600000)
  from space 99840K, 46% used [0x00000000f9e80000,0x00000000fcba3c70,0x0000000100000000)
  to   space 103424K, 0% used [0x00000000f3600000,0x00000000f3600000,0x00000000f9b00000)
 ParOldGen       total 603136K, used 464029K [0x00000000a0000000, 0x00000000c4d00000, 0x00000000e0000000)
  object space 603136K, 76% used [0x00000000a0000000,0x00000000bc5276a8,0x00000000c4d00000)
 Metaspace       used 62007K, capacity 63508K, committed 63872K, reserved 1103872K
  class space    used 8126K, capacity 8472K, committed 8576K, reserved 1048576K
Event: 85.392 GC heap after
Heap after GC invocations=39 (full 6):
 PSYoungGen      total 365568K, used 47624K [0x00000000e0000000, 0x00000000ff980000, 0x0000000100000000)
  eden space 317440K, 0% used [0x00000000e0000000,0x00000000e0000000,0x00000000f3600000)
  from space 48128K, 98% used [0x00000000f3600000,0x00000000f6482190,0x00000000f6500000)
  to   space 98304K, 0% used [0x00000000f9980000,0x00000000f9980000,0x00000000ff980000)
 ParOldGen       total 603136K, used 508506K [0x00000000a0000000, 0x00000000c4d00000, 0x00000000e0000000)
  object space 603136K, 84% used [0x00000000a0000000,0x00000000bf096890,0x00000000c4d00000)
 Metaspace       used 62007K, capacity 63508K, committed 63872K, reserved 1103872K
  class space    used 8126K, capacity 8472K, committed 8576K, reserved 1048576K
}
Event: 88.081 GC heap before
{Heap before GC invocations=40 (full 6):
 PSYoungGen      total 365568K, used 365064K [0x00000000e0000000, 0x00000000ff980000, 0x0000000100000000)
  eden space 317440K, 100% used [0x00000000e0000000,0x00000000f3600000,0x00000000f3600000)
  from space 48128K, 98% used [0x00000000f3600000,0x00000000f6482190,0x00000000f6500000)
  to   space 98304K, 0% used [0x00000000f9980000,0x00000000f9980000,0x00000000ff980000)
 ParOldGen       total 603136K, used 508506K [0x00000000a0000000, 0x00000000c4d00000, 0x00000000e0000000)
  object space 603136K, 84% used [0x00000000a0000000,0x00000000bf096890,0x00000000c4d00000)
 Metaspace       used 62007K, capacity 63508K, committed 63872K, reserved 1103872K
  class space    used 8126K, capacity 8472K, committed 8576K, reserved 1048576K
Event: 88.349 GC heap after
Heap after GC invocations=40 (full 6):
 PSYoungGen      total 348160K, used 98296K [0x00000000e0000000, 0x0000000100000000, 0x0000000100000000)
  eden space 249856K, 0% used [0x00000000e0000000,0x00000000e0000000,0x00000000ef400000)
  from space 98304K, 99% used [0x00000000f9980000,0x00000000ff97e0d0,0x00000000ff980000)
  to   space 137216K, 0% used [0x00000000ef400000,0x00000000ef400000,0x00000000f7a00000)
 ParOldGen       total 603136K, used 574035K [0x00000000a0000000, 0x00000000c4d00000, 0x00000000e0000000)
  object space 603136K, 95% used [0x00000000a0000000,0x00000000c3094fd8,0x00000000c4d00000)
 Metaspace       used 62007K, capacity 63508K, committed 63872K, reserved 1103872K
  class space    used 8126K, capacity 8472K, committed 8576K, reserved 1048576K
}
Event: 88.349 GC heap before
{Heap before GC invocations=41 (full 7):
 PSYoungGen      total 348160K, used 98296K [0x00000000e0000000, 0x0000000100000000, 0x0000000100000000)
  eden space 249856K, 0% used [0x00000000e0000000,0x00000000e0000000,0x00000000ef400000)
  from space 98304K, 99% used [0x00000000f9980000,0x00000000ff97e0d0,0x00000000ff980000)
  to   space 137216K, 0% used [0x00000000ef400000,0x00000000ef400000,0x00000000f7a00000)
 ParOldGen       total 603136K, used 574035K [0x00000000a0000000, 0x00000000c4d00000, 0x00000000e0000000)
  object space 603136K, 95% used [0x00000000a0000000,0x00000000c3094fd8,0x00000000c4d00000)
 Metaspace       used 62007K, capacity 63508K, committed 63872K, reserved 1103872K
  class space    used 8126K, capacity 8472K, committed 8576K, reserved 1048576K

