# JRE version: Java(TM) SE Runtime Environment (8.0_111-b14) (build 1.8.0_111-b14)
# Java VM: Java HotSpot(TM) 64-Bit Server VM (25.111-b14 mixed mode linux-amd64 compressed oops)
Heap:
 PSYoungGen      total 335360K, used 0K [0x00000000e0000000, 0x0000000100000000, 0x0000000100000000)
  eden space 227328K, 0% used [0x00000000e0000000,0x00000000e0000000,0x00000000ede00000)
  from space 108032K, 0% used [0x00000000ede00000,0x00000000ede00000,0x00000000f4780000)
  to   space 157696K, 0% used [0x00000000f6600000,0x00000000f6600000,0x0000000100000000)
 ParOldGen       total 787456K, used 679301K [0x00000000a0000000, 0x00000000d0100000, 0x00000000e0000000)
  object space 787456K, 86% used [0x00000000a0000000,0x00000000c97614b8,0x00000000d0100000)
 Metaspace       used 52552K, capacity 53950K, committed 54144K, reserved 1095680K
  class space    used 6986K, capacity 7261K, committed 7296K, reserved 1048576K
GC Heap History (10 events):
Event: 60.403 GC heap after
Heap after GC invocations=33 (full 5):
 PSYoungGen      total 402944K, used 46992K [0x00000000e0000000, 0x00000000ff280000, 0x0000000100000000)
  eden space 314880K, 0% used [0x00000000e0000000,0x00000000e0000000,0x00000000f3380000)
  from space 88064K, 53% used [0x00000000f9c80000,0x00000000fca64368,0x00000000ff280000)
  to   space 97792K, 0% used [0x00000000f3380000,0x00000000f3380000,0x00000000f9300000)
 ParOldGen       total 545792K, used 499018K [0x00000000a0000000, 0x00000000c1500000, 0x00000000e0000000)
  object space 545792K, 91% used [0x00000000a0000000,0x00000000be7529a8,0x00000000c1500000)
 Metaspace       used 52552K, capacity 53950K, committed 54144K, reserved 1095680K
  class space    used 6986K, capacity 7261K, committed 7296K, reserved 1048576K
}
Event: 60.403 GC heap before
{Heap before GC invocations=34 (full 6):
 PSYoungGen      total 402944K, used 46992K [0x00000000e0000000, 0x00000000ff280000, 0x0000000100000000)
  eden space 314880K, 0% used [0x00000000e0000000,0x00000000e0000000,0x00000000f3380000)
  from space 88064K, 53% used [0x00000000f9c80000,0x00000000fca64368,0x00000000ff280000)
  to   space 97792K, 0% used [0x00000000f3380000,0x00000000f3380000,0x00000000f9300000)
 ParOldGen       total 545792K, used 499018K [0x00000000a0000000, 0x00000000c1500000, 0x00000000e0000000)
  object space 545792K, 91% used [0x00000000a0000000,0x00000000be7529a8,0x00000000c1500000)
 Metaspace       used 52552K, capacity 53950K, committed 54144K, reserved 1095680K
  class space    used 6986K, capacity 7261K, committed 7296K, reserved 1048576K
Event: 64.238 GC heap after
Heap after GC invocations=34 (full 6):
 PSYoungGen      total 402944K, used 0K [0x00000000e0000000, 0x00000000ff280000, 0x0000000100000000)
  eden space 314880K, 0% used [0x00000000e0000000,0x00000000e0000000,0x00000000f3380000)
  from space 88064K, 0% used [0x00000000f9c80000,0x00000000f9c80000,0x00000000ff280000)
  to   space 97792K, 0% used [0x00000000f3380000,0x00000000f3380000,0x00000000f9300000)
 ParOldGen       total 787456K, used 536882K [0x00000000a0000000, 0x00000000d0100000, 0x00000000e0000000)
  object space 787456K, 68% used [0x00000000a0000000,0x00000000c0c4c850,0x00000000d0100000)
 Metaspace       used 52552K, capacity 53950K, committed 54144K, reserved 1095680K
  class space    used 6986K, capacity 7261K, committed 7296K, reserved 1048576K
}
Event: 65.679 GC heap before
{Heap before GC invocations=35 (full 6):
 PSYoungGen      total 402944K, used 314880K [0x00000000e0000000, 0x00000000ff280000, 0x0000000100000000)
  eden space 314880K, 100% used [0x00000000e0000000,0x00000000f3380000,0x00000000f3380000)
  from space 88064K, 0% used [0x00000000f9c80000,0x00000000f9c80000,0x00000000ff280000)
  to   space 97792K, 0% used [0x00000000f3380000,0x00000000f3380000,0x00000000f9300000)
 ParOldGen       total 787456K, used 536882K [0x00000000a0000000, 0x00000000d0100000, 0x00000000e0000000)
  object space 787456K, 68% used [0x00000000a0000000,0x00000000c0c4c850,0x00000000d0100000)
 Metaspace       used 52552K, capacity 53950K, committed 54144K, reserved 1095680K
  class space    used 6986K, capacity 7261K, committed 7296K, reserved 1048576K
Event: 65.807 GC heap after
Heap after GC invocations=35 (full 6):
 PSYoungGen      total 412672K, used 88033K [0x00000000e0000000, 0x0000000100000000, 0x0000000100000000)
  eden space 314880K, 0% used [0x00000000e0000000,0x00000000e0000000,0x00000000f3380000)
  from space 97792K, 90% used [0x00000000f3380000,0x00000000f89784e8,0x00000000f9300000)
  to   space 109056K, 0% used [0x00000000f9580000,0x00000000f9580000,0x0000000100000000)
 ParOldGen       total 787456K, used 536882K [0x00000000a0000000, 0x00000000d0100000, 0x00000000e0000000)
  object space 787456K, 68% used [0x00000000a0000000,0x00000000c0c4c850,0x00000000d0100000)
 Metaspace       used 52552K, capacity 53950K, committed 54144K, reserved 1095680K
  class space    used 6986K, capacity 7261K, committed 7296K, reserved 1048576K
}
Event: 66.448 GC heap before
{Heap before GC invocations=36 (full 6):
 PSYoungGen      total 412672K, used 402913K [0x00000000e0000000, 0x0000000100000000, 0x0000000100000000)
  eden space 314880K, 100% used [0x00000000e0000000,0x00000000f3380000,0x00000000f3380000)
  from space 97792K, 90% used [0x00000000f3380000,0x00000000f89784e8,0x00000000f9300000)
  to   space 109056K, 0% used [0x00000000f9580000,0x00000000f9580000,0x0000000100000000)
 ParOldGen       total 787456K, used 536882K [0x00000000a0000000, 0x00000000d0100000, 0x00000000e0000000)
  object space 787456K, 68% used [0x00000000a0000000,0x00000000c0c4c850,0x00000000d0100000)
 Metaspace       used 52552K, capacity 53950K, committed 54144K, reserved 1095680K
  class space    used 6986K, capacity 7261K, committed 7296K, reserved 1048576K
Event: 66.702 GC heap after
Heap after GC invocations=36 (full 6):
 PSYoungGen      total 336384K, used 109024K [0x00000000e0000000, 0x0000000100000000, 0x0000000100000000)
  eden space 227328K, 0% used [0x00000000e0000000,0x00000000e0000000,0x00000000ede00000)
  from space 109056K, 99% used [0x00000000f9580000,0x00000000ffff80a0,0x0000000100000000)
  to   space 148480K, 0% used [0x00000000ede00000,0x00000000ede00000,0x00000000f6f00000)
 ParOldGen       total 787456K, used 599161K [0x00000000a0000000, 0x00000000d0100000, 0x00000000e0000000)
  object space 787456K, 76% used [0x00000000a0000000,0x00000000c491e6a0,0x00000000d0100000)
 Metaspace       used 52552K, capacity 53950K, committed 54144K, reserved 1095680K
  class space    used 6986K, capacity 7261K, committed 7296K, reserved 1048576K
}
Event: 67.506 GC heap before
{Heap before GC invocations=37 (full 6):
 PSYoungGen      total 336384K, used 336352K [0x00000000e0000000, 0x0000000100000000, 0x0000000100000000)
  eden space 227328K, 100% used [0x00000000e0000000,0x00000000ede00000,0x00000000ede00000)
  from space 109056K, 99% used [0x00000000f9580000,0x00000000ffff80a0,0x0000000100000000)
  to   space 148480K, 0% used [0x00000000ede00000,0x00000000ede00000,0x00000000f6f00000)
 ParOldGen       total 787456K, used 599161K [0x00000000a0000000, 0x00000000d0100000, 0x00000000e0000000)
  object space 787456K, 76% used [0x00000000a0000000,0x00000000c491e6a0,0x00000000d0100000)
 Metaspace       used 52552K, capacity 53950K, committed 54144K, reserved 1095680K
  class space    used 6986K, capacity 7261K, committed 7296K, reserved 1048576K
Event: 67.773 GC heap after
Heap after GC invocations=37 (full 6):
 PSYoungGen      total 335360K, used 107653K [0x00000000e0000000, 0x0000000100000000, 0x0000000100000000)
  eden space 227328K, 0% used [0x00000000e0000000,0x00000000e0000000,0x00000000ede00000)
  from space 108032K, 99% used [0x00000000ede00000,0x00000000f4721670,0x00000000f4780000)
  to   space 157696K, 0% used [0x00000000f6600000,0x00000000f6600000,0x0000000100000000)
 ParOldGen       total 787456K, used 694536K [0x00000000a0000000, 0x00000000d0100000, 0x00000000e0000000)
  object space 787456K, 88% used [0x00000000a0000000,0x00000000ca642288,0x00000000d0100000)
 Metaspace       used 52552K, capacity 53950K, committed 54144K, reserved 1095680K
  class space    used 6986K, capacity 7261K, committed 7296K, reserved 1048576K
}
Event: 67.774 GC heap before
{Heap before GC invocations=38 (full 7):
 PSYoungGen      total 335360K, used 107653K [0x00000000e0000000, 0x0000000100000000, 0x0000000100000000)
  eden space 227328K, 0% used [0x00000000e0000000,0x00000000e0000000,0x00000000ede00000)
  from space 108032K, 99% used [0x00000000ede00000,0x00000000f4721670,0x00000000f4780000)
  to   space 157696K, 0% used [0x00000000f6600000,0x00000000f6600000,0x0000000100000000)
 ParOldGen       total 787456K, used 694536K [0x00000000a0000000, 0x00000000d0100000, 0x00000000e0000000)
  object space 787456K, 88% used [0x00000000a0000000,0x00000000ca642288,0x00000000d0100000)
 Metaspace       used 52552K, capacity 53950K, committed 54144K, reserved 1095680K
  class space    used 6986K, capacity 7261K, committed 7296K, reserved 1048576K

