# JRE version: Java(TM) SE Runtime Environment (8.0_111-b14) (build 1.8.0_111-b14)
# Java VM: Java HotSpot(TM) 64-Bit Server VM (25.111-b14 mixed mode linux-amd64 compressed oops)
Heap:
 PSYoungGen      total 349696K, used 11439K [0x00000000e0000000, 0x0000000100000000, 0x0000000100000000)
  eden space 175104K, 0% used [0x00000000e0000000,0x00000000e0000000,0x00000000eab00000)
  from space 174592K, 6% used [0x00000000f5580000,0x00000000f60abef0,0x0000000100000000)
  to   space 174592K, 0% used [0x00000000eab00000,0x00000000eab00000,0x00000000f5580000)
 ParOldGen       total 750592K, used 750217K [0x00000000a0000000, 0x00000000cdd00000, 0x00000000e0000000)
  object space 750592K, 99% used [0x00000000a0000000,0x00000000cdca27c0,0x00000000cdd00000)
 Metaspace       used 52782K, capacity 54046K, committed 54144K, reserved 1095680K
  class space    used 7010K, capacity 7293K, committed 7296K, reserved 1048576K
GC Heap History (10 events):
Event: 106.895 GC heap after
Heap after GC invocations=41 (full 7):
 PSYoungGen      total 323584K, used 96866K [0x00000000e0000000, 0x0000000100000000, 0x0000000100000000)
  eden space 175104K, 0% used [0x00000000e0000000,0x00000000e0000000,0x00000000eab00000)
  from space 148480K, 65% used [0x00000000f6f00000,0x00000000fcd98978,0x0000000100000000)
  to   space 174592K, 0% used [0x00000000eab00000,0x00000000eab00000,0x00000000f5580000)
 ParOldGen       total 750592K, used 545589K [0x00000000a0000000, 0x00000000cdd00000, 0x00000000e0000000)
  object space 750592K, 72% used [0x00000000a0000000,0x00000000c14cd590,0x00000000cdd00000)
 Metaspace       used 52781K, capacity 54046K, committed 54144K, reserved 1095680K
  class space    used 7010K, capacity 7293K, committed 7296K, reserved 1048576K
}
Event: 107.377 GC heap before
{Heap before GC invocations=42 (full 7):
 PSYoungGen      total 323584K, used 271970K [0x00000000e0000000, 0x0000000100000000, 0x0000000100000000)
  eden space 175104K, 100% used [0x00000000e0000000,0x00000000eab00000,0x00000000eab00000)
  from space 148480K, 65% used [0x00000000f6f00000,0x00000000fcd98978,0x0000000100000000)
  to   space 174592K, 0% used [0x00000000eab00000,0x00000000eab00000,0x00000000f5580000)
 ParOldGen       total 750592K, used 545589K [0x00000000a0000000, 0x00000000cdd00000, 0x00000000e0000000)
  object space 750592K, 72% used [0x00000000a0000000,0x00000000c14cd590,0x00000000cdd00000)
 Metaspace       used 52781K, capacity 54046K, committed 54144K, reserved 1095680K
  class space    used 7010K, capacity 7293K, committed 7296K, reserved 1048576K
Event: 107.812 GC heap after
Heap after GC invocations=42 (full 7):
 PSYoungGen      total 349696K, used 156932K [0x00000000e0000000, 0x0000000100000000, 0x0000000100000000)
  eden space 175104K, 0% used [0x00000000e0000000,0x00000000e0000000,0x00000000eab00000)
  from space 174592K, 89% used [0x00000000eab00000,0x00000000f44413a8,0x00000000f5580000)
  to   space 174592K, 0% used [0x00000000f5580000,0x00000000f5580000,0x0000000100000000)
 ParOldGen       total 750592K, used 574234K [0x00000000a0000000, 0x00000000cdd00000, 0x00000000e0000000)
  object space 750592K, 76% used [0x00000000a0000000,0x00000000c30c68c8,0x00000000cdd00000)
 Metaspace       used 52781K, capacity 54046K, committed 54144K, reserved 1095680K
  class space    used 7010K, capacity 7293K, committed 7296K, reserved 1048576K
}
Event: 108.186 GC heap before
{Heap before GC invocations=43 (full 7):
 PSYoungGen      total 349696K, used 332036K [0x00000000e0000000, 0x0000000100000000, 0x0000000100000000)
  eden space 175104K, 100% used [0x00000000e0000000,0x00000000eab00000,0x00000000eab00000)
  from space 174592K, 89% used [0x00000000eab00000,0x00000000f44413a8,0x00000000f5580000)
  to   space 174592K, 0% used [0x00000000f5580000,0x00000000f5580000,0x0000000100000000)
 ParOldGen       total 750592K, used 574234K [0x00000000a0000000, 0x00000000cdd00000, 0x00000000e0000000)
  object space 750592K, 76% used [0x00000000a0000000,0x00000000c30c68c8,0x00000000cdd00000)
 Metaspace       used 52781K, capacity 54046K, committed 54144K, reserved 1095680K
  class space    used 7010K, capacity 7293K, committed 7296K, reserved 1048576K
Event: 108.485 GC heap after
Heap after GC invocations=43 (full 7):
 PSYoungGen      total 349696K, used 143495K [0x00000000e0000000, 0x0000000100000000, 0x0000000100000000)
  eden space 175104K, 0% used [0x00000000e0000000,0x00000000e0000000,0x00000000eab00000)
  from space 174592K, 82% used [0x00000000f5580000,0x00000000fe1a1d30,0x0000000100000000)
  to   space 174592K, 0% used [0x00000000eab00000,0x00000000eab00000,0x00000000f5580000)
 ParOldGen       total 750592K, used 643908K [0x00000000a0000000, 0x00000000cdd00000, 0x00000000e0000000)
  object space 750592K, 85% used [0x00000000a0000000,0x00000000c74d1288,0x00000000cdd00000)
 Metaspace       used 52781K, capacity 54046K, committed 54144K, reserved 1095680K
  class space    used 7010K, capacity 7293K, committed 7296K, reserved 1048576K
}
Event: 110.729 GC heap before
{Heap before GC invocations=44 (full 7):
 PSYoungGen      total 349696K, used 318599K [0x00000000e0000000, 0x0000000100000000, 0x0000000100000000)
  eden space 175104K, 100% used [0x00000000e0000000,0x00000000eab00000,0x00000000eab00000)
  from space 174592K, 82% used [0x00000000f5580000,0x00000000fe1a1d30,0x0000000100000000)
  to   space 174592K, 0% used [0x00000000eab00000,0x00000000eab00000,0x00000000f5580000)
 ParOldGen       total 750592K, used 643908K [0x00000000a0000000, 0x00000000cdd00000, 0x00000000e0000000)
  object space 750592K, 85% used [0x00000000a0000000,0x00000000c74d1288,0x00000000cdd00000)
 Metaspace       used 52782K, capacity 54046K, committed 54144K, reserved 1095680K
  class space    used 7010K, capacity 7293K, committed 7296K, reserved 1048576K
Event: 110.904 GC heap after
Heap after GC invocations=44 (full 7):
 PSYoungGen      total 349696K, used 74593K [0x00000000e0000000, 0x0000000100000000, 0x0000000100000000)
  eden space 175104K, 0% used [0x00000000e0000000,0x00000000e0000000,0x00000000eab00000)
  from space 174592K, 42% used [0x00000000eab00000,0x00000000ef3d8640,0x00000000f5580000)
  to   space 174592K, 0% used [0x00000000f5580000,0x00000000f5580000,0x0000000100000000)
 ParOldGen       total 750592K, used 674294K [0x00000000a0000000, 0x00000000cdd00000, 0x00000000e0000000)
  object space 750592K, 89% used [0x00000000a0000000,0x00000000c927d8b8,0x00000000cdd00000)
 Metaspace       used 52782K, capacity 54046K, committed 54144K, reserved 1095680K
  class space    used 7010K, capacity 7293K, committed 7296K, reserved 1048576K
}
Event: 111.283 GC heap before
{Heap before GC invocations=45 (full 7):
 PSYoungGen      total 349696K, used 249697K [0x00000000e0000000, 0x0000000100000000, 0x0000000100000000)
  eden space 175104K, 100% used [0x00000000e0000000,0x00000000eab00000,0x00000000eab00000)
  from space 174592K, 42% used [0x00000000eab00000,0x00000000ef3d8640,0x00000000f5580000)
  to   space 174592K, 0% used [0x00000000f5580000,0x00000000f5580000,0x0000000100000000)
 ParOldGen       total 750592K, used 674294K [0x00000000a0000000, 0x00000000cdd00000, 0x00000000e0000000)
  object space 750592K, 89% used [0x00000000a0000000,0x00000000c927d8b8,0x00000000cdd00000)
 Metaspace       used 52782K, capacity 54046K, committed 54144K, reserved 1095680K
  class space    used 7010K, capacity 7293K, committed 7296K, reserved 1048576K
Event: 111.512 GC heap after
Heap after GC invocations=45 (full 7):
 PSYoungGen      total 349696K, used 76288K [0x00000000e0000000, 0x0000000100000000, 0x0000000100000000)
  eden space 175104K, 0% used [0x00000000e0000000,0x00000000e0000000,0x00000000eab00000)
  from space 174592K, 43% used [0x00000000f5580000,0x00000000fa0001a0,0x0000000100000000)
  to   space 174592K, 0% used [0x00000000eab00000,0x00000000eab00000,0x00000000f5580000)
 ParOldGen       total 750592K, used 746651K [0x00000000a0000000, 0x00000000cdd00000, 0x00000000e0000000)
  object space 750592K, 99% used [0x00000000a0000000,0x00000000cd926da0,0x00000000cdd00000)
 Metaspace       used 52782K, capacity 54046K, committed 54144K, reserved 1095680K
  class space    used 7010K, capacity 7293K, committed 7296K, reserved 1048576K
}
Event: 111.512 GC heap before
{Heap before GC invocations=46 (full 8):
 PSYoungGen      total 349696K, used 76288K [0x00000000e0000000, 0x0000000100000000, 0x0000000100000000)
  eden space 175104K, 0% used [0x00000000e0000000,0x00000000e0000000,0x00000000eab00000)
  from space 174592K, 43% used [0x00000000f5580000,0x00000000fa0001a0,0x0000000100000000)
  to   space 174592K, 0% used [0x00000000eab00000,0x00000000eab00000,0x00000000f5580000)
 ParOldGen       total 750592K, used 746651K [0x00000000a0000000, 0x00000000cdd00000, 0x00000000e0000000)
  object space 750592K, 99% used [0x00000000a0000000,0x00000000cd926da0,0x00000000cdd00000)
 Metaspace       used 52782K, capacity 54046K, committed 54144K, reserved 1095680K
  class space    used 7010K, capacity 7293K, committed 7296K, reserved 1048576K

