# JRE version: Java(TM) SE Runtime Environment (8.0_111-b14) (build 1.8.0_111-b14)
# Java VM: Java HotSpot(TM) 64-Bit Server VM (25.111-b14 mixed mode linux-amd64 compressed oops)
Heap:
 PSYoungGen      total 400384K, used 0K [0x00000000e0000000, 0x00000000ff180000, 0x0000000100000000)
  eden space 312832K, 0% used [0x00000000e0000000,0x00000000e0000000,0x00000000f3180000)
  from space 87552K, 0% used [0x00000000f9c00000,0x00000000f9c00000,0x00000000ff180000)
  to   space 98304K, 0% used [0x00000000f3180000,0x00000000f3180000,0x00000000f9180000)
 ParOldGen       total 567296K, used 548844K [0x00000000a0000000, 0x00000000c2a00000, 0x00000000e0000000)
  object space 567296K, 96% used [0x00000000a0000000,0x00000000c17fb008,0x00000000c2a00000)
 Metaspace       used 66379K, capacity 68160K, committed 68352K, reserved 1107968K
  class space    used 8519K, capacity 8892K, committed 8960K, reserved 1048576K
GC Heap History (10 events):
Event: 251.954 GC heap after
Heap after GC invocations=39 (full 7):
 PSYoungGen      total 434688K, used 0K [0x00000000e0000000, 0x0000000100000000, 0x0000000100000000)
  eden space 351232K, 0% used [0x00000000e0000000,0x00000000e0000000,0x00000000f5700000)
  from space 83456K, 0% used [0x00000000fae80000,0x00000000fae80000,0x0000000100000000)
  to   space 86528K, 0% used [0x00000000f5700000,0x00000000f5700000,0x00000000fab80000)
 ParOldGen       total 567296K, used 358846K [0x00000000a0000000, 0x00000000c2a00000, 0x00000000e0000000)
  object space 567296K, 63% used [0x00000000a0000000,0x00000000b5e6f998,0x00000000c2a00000)
 Metaspace       used 66357K, capacity 68096K, committed 68352K, reserved 1107968K
  class space    used 8516K, capacity 8892K, committed 8960K, reserved 1048576K
}
Event: 253.344 GC heap before
{Heap before GC invocations=40 (full 7):
 PSYoungGen      total 434688K, used 351232K [0x00000000e0000000, 0x0000000100000000, 0x0000000100000000)
  eden space 351232K, 100% used [0x00000000e0000000,0x00000000f5700000,0x00000000f5700000)
  from space 83456K, 0% used [0x00000000fae80000,0x00000000fae80000,0x0000000100000000)
  to   space 86528K, 0% used [0x00000000f5700000,0x00000000f5700000,0x00000000fab80000)
 ParOldGen       total 567296K, used 358846K [0x00000000a0000000, 0x00000000c2a00000, 0x00000000e0000000)
  object space 567296K, 63% used [0x00000000a0000000,0x00000000b5e6f998,0x00000000c2a00000)
 Metaspace       used 66360K, capacity 68096K, committed 68352K, reserved 1107968K
  class space    used 8516K, capacity 8892K, committed 8960K, reserved 1048576K
Event: 253.477 GC heap after
Heap after GC invocations=40 (full 7):
 PSYoungGen      total 405504K, used 54015K [0x00000000e0000000, 0x0000000100000000, 0x0000000100000000)
  eden space 351232K, 0% used [0x00000000e0000000,0x00000000e0000000,0x00000000f5700000)
  from space 54272K, 99% used [0x00000000f5700000,0x00000000f8bbfc80,0x00000000f8c00000)
  to   space 88064K, 0% used [0x00000000faa00000,0x00000000faa00000,0x0000000100000000)
 ParOldGen       total 567296K, used 358846K [0x00000000a0000000, 0x00000000c2a00000, 0x00000000e0000000)
  object space 567296K, 63% used [0x00000000a0000000,0x00000000b5e6f998,0x00000000c2a00000)
 Metaspace       used 66360K, capacity 68096K, committed 68352K, reserved 1107968K
  class space    used 8516K, capacity 8892K, committed 8960K, reserved 1048576K
}
Event: 254.884 GC heap before
{Heap before GC invocations=41 (full 7):
 PSYoungGen      total 405504K, used 405247K [0x00000000e0000000, 0x0000000100000000, 0x0000000100000000)
  eden space 351232K, 100% used [0x00000000e0000000,0x00000000f5700000,0x00000000f5700000)
  from space 54272K, 99% used [0x00000000f5700000,0x00000000f8bbfc80,0x00000000f8c00000)
  to   space 88064K, 0% used [0x00000000faa00000,0x00000000faa00000,0x0000000100000000)
 ParOldGen       total 567296K, used 358846K [0x00000000a0000000, 0x00000000c2a00000, 0x00000000e0000000)
  object space 567296K, 63% used [0x00000000a0000000,0x00000000b5e6f998,0x00000000c2a00000)
 Metaspace       used 66361K, capacity 68096K, committed 68352K, reserved 1107968K
  class space    used 8517K, capacity 8892K, committed 8960K, reserved 1048576K
Event: 255.085 GC heap after
Heap after GC invocations=41 (full 7):
 PSYoungGen      total 394240K, used 88036K [0x00000000e0000000, 0x0000000100000000, 0x0000000100000000)
  eden space 306176K, 0% used [0x00000000e0000000,0x00000000e0000000,0x00000000f2b00000)
  from space 88064K, 99% used [0x00000000faa00000,0x00000000ffff9088,0x0000000100000000)
  to   space 109056K, 0% used [0x00000000f2b00000,0x00000000f2b00000,0x00000000f9580000)
 ParOldGen       total 567296K, used 377948K [0x00000000a0000000, 0x00000000c2a00000, 0x00000000e0000000)
  object space 567296K, 66% used [0x00000000a0000000,0x00000000b7117158,0x00000000c2a00000)
 Metaspace       used 66361K, capacity 68096K, committed 68352K, reserved 1107968K
  class space    used 8517K, capacity 8892K, committed 8960K, reserved 1048576K
}
Event: 256.260 GC heap before
{Heap before GC invocations=42 (full 7):
 PSYoungGen      total 394240K, used 394212K [0x00000000e0000000, 0x0000000100000000, 0x0000000100000000)
  eden space 306176K, 100% used [0x00000000e0000000,0x00000000f2b00000,0x00000000f2b00000)
  from space 88064K, 99% used [0x00000000faa00000,0x00000000ffff9088,0x0000000100000000)
  to   space 109056K, 0% used [0x00000000f2b00000,0x00000000f2b00000,0x00000000f9580000)
 ParOldGen       total 567296K, used 377948K [0x00000000a0000000, 0x00000000c2a00000, 0x00000000e0000000)
  object space 567296K, 66% used [0x00000000a0000000,0x00000000b7117158,0x00000000c2a00000)
 Metaspace       used 66374K, capacity 68160K, committed 68352K, reserved 1107968K
  class space    used 8519K, capacity 8892K, committed 8960K, reserved 1048576K
Event: 256.512 GC heap after
Heap after GC invocations=42 (full 7):
 PSYoungGen      total 415232K, used 44687K [0x00000000e0000000, 0x0000000100000000, 0x0000000100000000)
  eden space 306176K, 0% used [0x00000000e0000000,0x00000000e0000000,0x00000000f2b00000)
  from space 109056K, 40% used [0x00000000f2b00000,0x00000000f56a3c70,0x00000000f9580000)
  to   space 102400K, 0% used [0x00000000f9c00000,0x00000000f9c00000,0x0000000100000000)
 ParOldGen       total 567296K, used 466524K [0x00000000a0000000, 0x00000000c2a00000, 0x00000000e0000000)
  object space 567296K, 82% used [0x00000000a0000000,0x00000000bc797378,0x00000000c2a00000)
 Metaspace       used 66374K, capacity 68160K, committed 68352K, reserved 1107968K
  class space    used 8519K, capacity 8892K, committed 8960K, reserved 1048576K
}
Event: 257.653 GC heap before
{Heap before GC invocations=43 (full 7):
 PSYoungGen      total 415232K, used 350863K [0x00000000e0000000, 0x0000000100000000, 0x0000000100000000)
  eden space 306176K, 100% used [0x00000000e0000000,0x00000000f2b00000,0x00000000f2b00000)
  from space 109056K, 40% used [0x00000000f2b00000,0x00000000f56a3c70,0x00000000f9580000)
  to   space 102400K, 0% used [0x00000000f9c00000,0x00000000f9c00000,0x0000000100000000)
 ParOldGen       total 567296K, used 466524K [0x00000000a0000000, 0x00000000c2a00000, 0x00000000e0000000)
  object space 567296K, 82% used [0x00000000a0000000,0x00000000bc797378,0x00000000c2a00000)
 Metaspace       used 66379K, capacity 68160K, committed 68352K, reserved 1107968K
  class space    used 8519K, capacity 8892K, committed 8960K, reserved 1048576K
Event: 257.837 GC heap after
Heap after GC invocations=43 (full 7):
 PSYoungGen      total 400384K, used 48274K [0x00000000e0000000, 0x00000000ff180000, 0x0000000100000000)
  eden space 312832K, 0% used [0x00000000e0000000,0x00000000e0000000,0x00000000f3180000)
  from space 87552K, 55% used [0x00000000f9c00000,0x00000000fcb24aa8,0x00000000ff180000)
  to   space 98304K, 0% used [0x00000000f3180000,0x00000000f3180000,0x00000000f9180000)
 ParOldGen       total 567296K, used 509405K [0x00000000a0000000, 0x00000000c2a00000, 0x00000000e0000000)
  object space 567296K, 89% used [0x00000000a0000000,0x00000000bf1776e8,0x00000000c2a00000)
 Metaspace       used 66379K, capacity 68160K, committed 68352K, reserved 1107968K
  class space    used 8519K, capacity 8892K, committed 8960K, reserved 1048576K
}
Event: 257.837 GC heap before
{Heap before GC invocations=44 (full 8):
 PSYoungGen      total 400384K, used 48274K [0x00000000e0000000, 0x00000000ff180000, 0x0000000100000000)
  eden space 312832K, 0% used [0x00000000e0000000,0x00000000e0000000,0x00000000f3180000)
  from space 87552K, 55% used [0x00000000f9c00000,0x00000000fcb24aa8,0x00000000ff180000)
  to   space 98304K, 0% used [0x00000000f3180000,0x00000000f3180000,0x00000000f9180000)
 ParOldGen       total 567296K, used 509405K [0x00000000a0000000, 0x00000000c2a00000, 0x00000000e0000000)
  object space 567296K, 89% used [0x00000000a0000000,0x00000000bf1776e8,0x00000000c2a00000)
 Metaspace       used 66379K, capacity 68160K, committed 68352K, reserved 1107968K
  class space    used 8519K, capacity 8892K, committed 8960K, reserved 1048576K

