# JRE version: Java(TM) SE Runtime Environment (8.0_101-b13) (build 1.8.0_101-b13)
# Java VM: Java HotSpot(TM) 64-Bit Server VM (25.101-b13 mixed mode linux-amd64 compressed oops)
Heap:
 PSYoungGen      total 410112K, used 0K [0x00000000e0000000, 0x0000000100000000, 0x0000000100000000)
  eden space 303104K, 0% used [0x00000000e0000000,0x00000000e0000000,0x00000000f2800000)
  from space 107008K, 0% used [0x00000000f9780000,0x00000000f9780000,0x0000000100000000)
  to   space 110592K, 0% used [0x00000000f2800000,0x00000000f2800000,0x00000000f9400000)
 ParOldGen       total 632832K, used 604328K [0x00000000a0000000, 0x00000000c6a00000, 0x00000000e0000000)
  object space 632832K, 95% used [0x00000000a0000000,0x00000000c4e2a368,0x00000000c6a00000)
 Metaspace       used 61660K, capacity 63210K, committed 63576K, reserved 1103872K
  class space    used 8126K, capacity 8475K, committed 8536K, reserved 1048576K
GC Heap History (10 events):
Event: 79.029 GC heap after
Heap after GC invocations=36 (full 6):
 PSYoungGen      total 432128K, used 0K [0x00000000e0000000, 0x0000000100000000, 0x0000000100000000)
  eden space 348160K, 0% used [0x00000000e0000000,0x00000000e0000000,0x00000000f5400000)
  from space 83968K, 0% used [0x00000000fae00000,0x00000000fae00000,0x0000000100000000)
  to   space 88064K, 0% used [0x00000000f5400000,0x00000000f5400000,0x00000000faa00000)
 ParOldGen       total 632832K, used 391232K [0x00000000a0000000, 0x00000000c6a00000, 0x00000000e0000000)
  object space 632832K, 61% used [0x00000000a0000000,0x00000000b7e102f0,0x00000000c6a00000)
 Metaspace       used 61645K, capacity 63146K, committed 63320K, reserved 1103872K
  class space    used 8124K, capacity 8475K, committed 8536K, reserved 1048576K
}
Event: 80.434 GC heap before
{Heap before GC invocations=37 (full 6):
 PSYoungGen      total 432128K, used 348160K [0x00000000e0000000, 0x0000000100000000, 0x0000000100000000)
  eden space 348160K, 100% used [0x00000000e0000000,0x00000000f5400000,0x00000000f5400000)
  from space 83968K, 0% used [0x00000000fae00000,0x00000000fae00000,0x0000000100000000)
  to   space 88064K, 0% used [0x00000000f5400000,0x00000000f5400000,0x00000000faa00000)
 ParOldGen       total 632832K, used 391232K [0x00000000a0000000, 0x00000000c6a00000, 0x00000000e0000000)
  object space 632832K, 61% used [0x00000000a0000000,0x00000000b7e102f0,0x00000000c6a00000)
 Metaspace       used 61648K, capacity 63146K, committed 63320K, reserved 1103872K
  class space    used 8124K, capacity 8475K, committed 8536K, reserved 1048576K
Event: 80.547 GC heap after
Heap after GC invocations=37 (full 6):
 PSYoungGen      total 401920K, used 53461K [0x00000000e0000000, 0x0000000100000000, 0x0000000100000000)
  eden space 348160K, 0% used [0x00000000e0000000,0x00000000e0000000,0x00000000f5400000)
  from space 53760K, 99% used [0x00000000f5400000,0x00000000f88355e8,0x00000000f8880000)
  to   space 89600K, 0% used [0x00000000fa880000,0x00000000fa880000,0x0000000100000000)
 ParOldGen       total 632832K, used 391232K [0x00000000a0000000, 0x00000000c6a00000, 0x00000000e0000000)
  object space 632832K, 61% used [0x00000000a0000000,0x00000000b7e102f0,0x00000000c6a00000)
 Metaspace       used 61648K, capacity 63146K, committed 63320K, reserved 1103872K
  class space    used 8124K, capacity 8475K, committed 8536K, reserved 1048576K
}
Event: 82.170 GC heap before
{Heap before GC invocations=38 (full 6):
 PSYoungGen      total 401920K, used 401621K [0x00000000e0000000, 0x0000000100000000, 0x0000000100000000)
  eden space 348160K, 100% used [0x00000000e0000000,0x00000000f5400000,0x00000000f5400000)
  from space 53760K, 99% used [0x00000000f5400000,0x00000000f88355e8,0x00000000f8880000)
  to   space 89600K, 0% used [0x00000000fa880000,0x00000000fa880000,0x0000000100000000)
 ParOldGen       total 632832K, used 391232K [0x00000000a0000000, 0x00000000c6a00000, 0x00000000e0000000)
  object space 632832K, 61% used [0x00000000a0000000,0x00000000b7e102f0,0x00000000c6a00000)
 Metaspace       used 61659K, capacity 63210K, committed 63576K, reserved 1103872K
  class space    used 8125K, capacity 8475K, committed 8536K, reserved 1048576K
Event: 82.446 GC heap after
Heap after GC invocations=38 (full 6):
 PSYoungGen      total 390656K, used 89568K [0x00000000e0000000, 0x0000000100000000, 0x0000000100000000)
  eden space 301056K, 0% used [0x00000000e0000000,0x00000000e0000000,0x00000000f2600000)
  from space 89600K, 99% used [0x00000000fa880000,0x00000000ffff80f0,0x0000000100000000)
  to   space 111616K, 0% used [0x00000000f2600000,0x00000000f2600000,0x00000000f9300000)
 ParOldGen       total 632832K, used 412079K [0x00000000a0000000, 0x00000000c6a00000, 0x00000000e0000000)
  object space 632832K, 65% used [0x00000000a0000000,0x00000000b926be48,0x00000000c6a00000)
 Metaspace       used 61659K, capacity 63210K, committed 63576K, reserved 1103872K
  class space    used 8125K, capacity 8475K, committed 8536K, reserved 1048576K
}
Event: 83.891 GC heap before
{Heap before GC invocations=39 (full 6):
 PSYoungGen      total 390656K, used 390624K [0x00000000e0000000, 0x0000000100000000, 0x0000000100000000)
  eden space 301056K, 100% used [0x00000000e0000000,0x00000000f2600000,0x00000000f2600000)
  from space 89600K, 99% used [0x00000000fa880000,0x00000000ffff80f0,0x0000000100000000)
  to   space 111616K, 0% used [0x00000000f2600000,0x00000000f2600000,0x00000000f9300000)
 ParOldGen       total 632832K, used 412079K [0x00000000a0000000, 0x00000000c6a00000, 0x00000000e0000000)
  object space 632832K, 65% used [0x00000000a0000000,0x00000000b926be48,0x00000000c6a00000)
 Metaspace       used 61659K, capacity 63210K, committed 63576K, reserved 1103872K
  class space    used 8125K, capacity 8475K, committed 8536K, reserved 1048576K
Event: 84.405 GC heap after
Heap after GC invocations=39 (full 6):
 PSYoungGen      total 412672K, used 50190K [0x00000000e0000000, 0x0000000100000000, 0x0000000100000000)
  eden space 301056K, 0% used [0x00000000e0000000,0x00000000e0000000,0x00000000f2600000)
  from space 111616K, 44% used [0x00000000f2600000,0x00000000f57039b8,0x00000000f9300000)
  to   space 107008K, 0% used [0x00000000f9780000,0x00000000f9780000,0x0000000100000000)
 ParOldGen       total 632832K, used 500163K [0x00000000a0000000, 0x00000000c6a00000, 0x00000000e0000000)
  object space 632832K, 79% used [0x00000000a0000000,0x00000000be870db0,0x00000000c6a00000)
 Metaspace       used 61659K, capacity 63210K, committed 63576K, reserved 1103872K
  class space    used 8125K, capacity 8475K, committed 8536K, reserved 1048576K
}
Event: 88.204 GC heap before
{Heap before GC invocations=40 (full 6):
 PSYoungGen      total 412672K, used 351246K [0x00000000e0000000, 0x0000000100000000, 0x0000000100000000)
  eden space 301056K, 100% used [0x00000000e0000000,0x00000000f2600000,0x00000000f2600000)
  from space 111616K, 44% used [0x00000000f2600000,0x00000000f57039b8,0x00000000f9300000)
  to   space 107008K, 0% used [0x00000000f9780000,0x00000000f9780000,0x0000000100000000)
 ParOldGen       total 632832K, used 500163K [0x00000000a0000000, 0x00000000c6a00000, 0x00000000e0000000)
  object space 632832K, 79% used [0x00000000a0000000,0x00000000be870db0,0x00000000c6a00000)
 Metaspace       used 61660K, capacity 63210K, committed 63576K, reserved 1103872K
  class space    used 8126K, capacity 8475K, committed 8536K, reserved 1048576K
Event: 88.565 GC heap after
Heap after GC invocations=40 (full 6):
 PSYoungGen      total 410112K, used 71221K [0x00000000e0000000, 0x0000000100000000, 0x0000000100000000)
  eden space 303104K, 0% used [0x00000000e0000000,0x00000000e0000000,0x00000000f2800000)
  from space 107008K, 66% used [0x00000000f9780000,0x00000000fdd0d508,0x0000000100000000)
  to   space 110592K, 0% used [0x00000000f2800000,0x00000000f2800000,0x00000000f9400000)
 ParOldGen       total 632832K, used 548500K [0x00000000a0000000, 0x00000000c6a00000, 0x00000000e0000000)
  object space 632832K, 86% used [0x00000000a0000000,0x00000000c17a5288,0x00000000c6a00000)
 Metaspace       used 61660K, capacity 63210K, committed 63576K, reserved 1103872K
  class space    used 8126K, capacity 8475K, committed 8536K, reserved 1048576K
}
Event: 88.565 GC heap before
{Heap before GC invocations=41 (full 7):
 PSYoungGen      total 410112K, used 71221K [0x00000000e0000000, 0x0000000100000000, 0x0000000100000000)
  eden space 303104K, 0% used [0x00000000e0000000,0x00000000e0000000,0x00000000f2800000)
  from space 107008K, 66% used [0x00000000f9780000,0x00000000fdd0d508,0x0000000100000000)
  to   space 110592K, 0% used [0x00000000f2800000,0x00000000f2800000,0x00000000f9400000)
 ParOldGen       total 632832K, used 548500K [0x00000000a0000000, 0x00000000c6a00000, 0x00000000e0000000)
  object space 632832K, 86% used [0x00000000a0000000,0x00000000c17a5288,0x00000000c6a00000)
 Metaspace       used 61660K, capacity 63210K, committed 63576K, reserved 1103872K
  class space    used 8126K, capacity 8475K, committed 8536K, reserved 1048576K

