# JRE version: Java(TM) SE Runtime Environment (8.0_111-b14) (build 1.8.0_111-b14)
# Java VM: Java HotSpot(TM) 64-Bit Server VM (25.111-b14 mixed mode linux-amd64 compressed oops)
Heap:
 PSYoungGen      total 433664K, used 33171K [0x00000000e0000000, 0x0000000100000000, 0x0000000100000000)
  eden space 375808K, 0% used [0x00000000e0000000,0x00000000e0000000,0x00000000f6f00000)
  from space 57856K, 57% used [0x00000000f6f00000,0x00000000f8f64d70,0x00000000fa780000)
  to   space 79872K, 0% used [0x00000000fb200000,0x00000000fb200000,0x0000000100000000)
 ParOldGen       total 356352K, used 356262K [0x00000000a0000000, 0x00000000b5c00000, 0x00000000e0000000)
  object space 356352K, 99% used [0x00000000a0000000,0x00000000b5be99a0,0x00000000b5c00000)
 Metaspace       used 52775K, capacity 54110K, committed 54144K, reserved 1095680K
  class space    used 7007K, capacity 7293K, committed 7296K, reserved 1048576K
GC Heap History (10 events):
Event: 60.143 GC heap after
Heap after GC invocations=25 (full 3):
 PSYoungGen      total 437248K, used 33598K [0x00000000e0000000, 0x00000000fe600000, 0x0000000100000000)
  eden space 391680K, 0% used [0x00000000e0000000,0x00000000e0000000,0x00000000f7e80000)
  from space 45568K, 73% used [0x00000000fad80000,0x00000000fce4f930,0x00000000fda00000)
  to   space 48128K, 0% used [0x00000000f7e80000,0x00000000f7e80000,0x00000000fad80000)
 ParOldGen       total 204288K, used 194010K [0x00000000a0000000, 0x00000000ac780000, 0x00000000e0000000)
  object space 204288K, 94% used [0x00000000a0000000,0x00000000abd76a60,0x00000000ac780000)
 Metaspace       used 52722K, capacity 53982K, committed 54144K, reserved 1095680K
  class space    used 7003K, capacity 7293K, committed 7296K, reserved 1048576K
}
Event: 60.143 GC heap before
{Heap before GC invocations=26 (full 4):
 PSYoungGen      total 437248K, used 33598K [0x00000000e0000000, 0x00000000fe600000, 0x0000000100000000)
  eden space 391680K, 0% used [0x00000000e0000000,0x00000000e0000000,0x00000000f7e80000)
  from space 45568K, 73% used [0x00000000fad80000,0x00000000fce4f930,0x00000000fda00000)
  to   space 48128K, 0% used [0x00000000f7e80000,0x00000000f7e80000,0x00000000fad80000)
 ParOldGen       total 204288K, used 194010K [0x00000000a0000000, 0x00000000ac780000, 0x00000000e0000000)
  object space 204288K, 94% used [0x00000000a0000000,0x00000000abd76a60,0x00000000ac780000)
 Metaspace       used 52722K, capacity 53982K, committed 54144K, reserved 1095680K
  class space    used 7003K, capacity 7293K, committed 7296K, reserved 1048576K
Event: 62.961 GC heap after
Heap after GC invocations=26 (full 4):
 PSYoungGen      total 437248K, used 18527K [0x00000000e0000000, 0x00000000fe600000, 0x0000000100000000)
  eden space 391680K, 0% used [0x00000000e0000000,0x00000000e0000000,0x00000000f7e80000)
  from space 45568K, 40% used [0x00000000fad80000,0x00000000fbf97ff0,0x00000000fda00000)
  to   space 48128K, 0% used [0x00000000f7e80000,0x00000000f7e80000,0x00000000fad80000)
 ParOldGen       total 356352K, used 204023K [0x00000000a0000000, 0x00000000b5c00000, 0x00000000e0000000)
  object space 356352K, 57% used [0x00000000a0000000,0x00000000ac73dcd0,0x00000000b5c00000)
 Metaspace       used 52722K, capacity 53982K, committed 54144K, reserved 1095680K
  class space    used 7003K, capacity 7293K, committed 7296K, reserved 1048576K
}
Event: 65.508 GC heap before
{Heap before GC invocations=27 (full 4):
 PSYoungGen      total 437248K, used 410207K [0x00000000e0000000, 0x00000000fe600000, 0x0000000100000000)
  eden space 391680K, 100% used [0x00000000e0000000,0x00000000f7e80000,0x00000000f7e80000)
  from space 45568K, 40% used [0x00000000fad80000,0x00000000fbf97ff0,0x00000000fda00000)
  to   space 48128K, 0% used [0x00000000f7e80000,0x00000000f7e80000,0x00000000fad80000)
 ParOldGen       total 356352K, used 204023K [0x00000000a0000000, 0x00000000b5c00000, 0x00000000e0000000)
  object space 356352K, 57% used [0x00000000a0000000,0x00000000ac73dcd0,0x00000000b5c00000)
 Metaspace       used 52733K, capacity 53982K, committed 54144K, reserved 1095680K
  class space    used 7003K, capacity 7293K, committed 7296K, reserved 1048576K
Event: 65.914 GC heap after
Heap after GC invocations=27 (full 4):
 PSYoungGen      total 439808K, used 48102K [0x00000000e0000000, 0x0000000100000000, 0x0000000100000000)
  eden space 391680K, 0% used [0x00000000e0000000,0x00000000e0000000,0x00000000f7e80000)
  from space 48128K, 99% used [0x00000000f7e80000,0x00000000fad79990,0x00000000fad80000)
  to   space 66048K, 0% used [0x00000000fbf80000,0x00000000fbf80000,0x0000000100000000)
 ParOldGen       total 356352K, used 231559K [0x00000000a0000000, 0x00000000b5c00000, 0x00000000e0000000)
  object space 356352K, 64% used [0x00000000a0000000,0x00000000ae221d30,0x00000000b5c00000)
 Metaspace       used 52733K, capacity 53982K, committed 54144K, reserved 1095680K
  class space    used 7003K, capacity 7293K, committed 7296K, reserved 1048576K
}
Event: 68.341 GC heap before
{Heap before GC invocations=28 (full 4):
 PSYoungGen      total 439808K, used 439782K [0x00000000e0000000, 0x0000000100000000, 0x0000000100000000)
  eden space 391680K, 100% used [0x00000000e0000000,0x00000000f7e80000,0x00000000f7e80000)
  from space 48128K, 99% used [0x00000000f7e80000,0x00000000fad79990,0x00000000fad80000)
  to   space 66048K, 0% used [0x00000000fbf80000,0x00000000fbf80000,0x0000000100000000)
 ParOldGen       total 356352K, used 231559K [0x00000000a0000000, 0x00000000b5c00000, 0x00000000e0000000)
  object space 356352K, 64% used [0x00000000a0000000,0x00000000ae221d30,0x00000000b5c00000)
 Metaspace       used 52738K, capacity 54046K, committed 54144K, reserved 1095680K
  class space    used 7003K, capacity 7293K, committed 7296K, reserved 1048576K
Event: 68.792 GC heap after
Heap after GC invocations=28 (full 4):
 PSYoungGen      total 441856K, used 59340K [0x00000000e0000000, 0x0000000100000000, 0x0000000100000000)
  eden space 375808K, 0% used [0x00000000e0000000,0x00000000e0000000,0x00000000f6f00000)
  from space 66048K, 89% used [0x00000000fbf80000,0x00000000ff9731d0,0x0000000100000000)
  to   space 74240K, 0% used [0x00000000f6f00000,0x00000000f6f00000,0x00000000fb780000)
 ParOldGen       total 356352K, used 279915K [0x00000000a0000000, 0x00000000b5c00000, 0x00000000e0000000)
  object space 356352K, 78% used [0x00000000a0000000,0x00000000b115ae38,0x00000000b5c00000)
 Metaspace       used 52738K, capacity 54046K, committed 54144K, reserved 1095680K
  class space    used 7003K, capacity 7293K, committed 7296K, reserved 1048576K
}
Event: 70.844 GC heap before
{Heap before GC invocations=29 (full 4):
 PSYoungGen      total 441856K, used 435148K [0x00000000e0000000, 0x0000000100000000, 0x0000000100000000)
  eden space 375808K, 100% used [0x00000000e0000000,0x00000000f6f00000,0x00000000f6f00000)
  from space 66048K, 89% used [0x00000000fbf80000,0x00000000ff9731d0,0x0000000100000000)
  to   space 74240K, 0% used [0x00000000f6f00000,0x00000000f6f00000,0x00000000fb780000)
 ParOldGen       total 356352K, used 279949K [0x00000000a0000000, 0x00000000b5c00000, 0x00000000e0000000)
  object space 356352K, 78% used [0x00000000a0000000,0x00000000b11637f0,0x00000000b5c00000)
 Metaspace       used 52775K, capacity 54110K, committed 54144K, reserved 1095680K
  class space    used 7007K, capacity 7293K, committed 7296K, reserved 1048576K
Event: 71.267 GC heap after
Heap after GC invocations=29 (full 4):
 PSYoungGen      total 433664K, used 57535K [0x00000000e0000000, 0x0000000100000000, 0x0000000100000000)
  eden space 375808K, 0% used [0x00000000e0000000,0x00000000e0000000,0x00000000f6f00000)
  from space 57856K, 99% used [0x00000000f6f00000,0x00000000fa72fd50,0x00000000fa780000)
  to   space 79872K, 0% used [0x00000000fb200000,0x00000000fb200000,0x0000000100000000)
 ParOldGen       total 356352K, used 336687K [0x00000000a0000000, 0x00000000b5c00000, 0x00000000e0000000)
  object space 356352K, 94% used [0x00000000a0000000,0x00000000b48cbc90,0x00000000b5c00000)
 Metaspace       used 52775K, capacity 54110K, committed 54144K, reserved 1095680K
  class space    used 7007K, capacity 7293K, committed 7296K, reserved 1048576K
}
Event: 71.267 GC heap before
{Heap before GC invocations=30 (full 5):
 PSYoungGen      total 433664K, used 57535K [0x00000000e0000000, 0x0000000100000000, 0x0000000100000000)
  eden space 375808K, 0% used [0x00000000e0000000,0x00000000e0000000,0x00000000f6f00000)
  from space 57856K, 99% used [0x00000000f6f00000,0x00000000fa72fd50,0x00000000fa780000)
  to   space 79872K, 0% used [0x00000000fb200000,0x00000000fb200000,0x0000000100000000)
 ParOldGen       total 356352K, used 336687K [0x00000000a0000000, 0x00000000b5c00000, 0x00000000e0000000)
  object space 356352K, 94% used [0x00000000a0000000,0x00000000b48cbc90,0x00000000b5c00000)
 Metaspace       used 52775K, capacity 54110K, committed 54144K, reserved 1095680K
  class space    used 7007K, capacity 7293K, committed 7296K, reserved 1048576K

