# JRE version: Java(TM) SE Runtime Environment (8.0_101-b13) (build 1.8.0_101-b13)
# Java VM: Java HotSpot(TM) 64-Bit Server VM (25.101-b13 mixed mode linux-amd64 compressed oops)
Heap:
 PSYoungGen      total 331776K, used 9586K [0x00000000e0000000, 0x0000000100000000, 0x0000000100000000)
  eden space 239616K, 0% used [0x00000000e0000000,0x00000000e0000000,0x00000000eea00000)
  from space 92160K, 10% used [0x00000000fa600000,0x00000000faf5cb60,0x0000000100000000)
  to   space 142336K, 0% used [0x00000000eea00000,0x00000000eea00000,0x00000000f7500000)
 ParOldGen       total 697344K, used 697272K [0x00000000a0000000, 0x00000000ca900000, 0x00000000e0000000)
  object space 697344K, 99% used [0x00000000a0000000,0x00000000ca8ee100,0x00000000ca900000)
 Metaspace       used 62522K, capacity 64060K, committed 64384K, reserved 1105920K
  class space    used 8216K, capacity 8544K, committed 8576K, reserved 1048576K
GC Heap History (10 events):
Event: 59.582 GC heap after
Heap after GC invocations=32 (full 6):
 PSYoungGen      total 436224K, used 1714K [0x00000000e0000000, 0x0000000100000000, 0x0000000100000000)
  eden space 349184K, 0% used [0x00000000e0000000,0x00000000e0000000,0x00000000f5500000)
  from space 87040K, 1% used [0x00000000fab00000,0x00000000facac8f0,0x0000000100000000)
  to   space 87552K, 0% used [0x00000000f5500000,0x00000000f5500000,0x00000000faa80000)
 ParOldGen       total 697344K, used 433745K [0x00000000a0000000, 0x00000000ca900000, 0x00000000e0000000)
  object space 697344K, 62% used [0x00000000a0000000,0x00000000ba794418,0x00000000ca900000)
 Metaspace       used 62480K, capacity 63996K, committed 64128K, reserved 1105920K
  class space    used 8209K, capacity 8544K, committed 8576K, reserved 1048576K
}
Event: 61.096 GC heap before
{Heap before GC invocations=33 (full 6):
 PSYoungGen      total 436224K, used 350898K [0x00000000e0000000, 0x0000000100000000, 0x0000000100000000)
  eden space 349184K, 100% used [0x00000000e0000000,0x00000000f5500000,0x00000000f5500000)
  from space 87040K, 1% used [0x00000000fab00000,0x00000000facac8f0,0x0000000100000000)
  to   space 87552K, 0% used [0x00000000f5500000,0x00000000f5500000,0x00000000faa80000)
 ParOldGen       total 697344K, used 433745K [0x00000000a0000000, 0x00000000ca900000, 0x00000000e0000000)
  object space 697344K, 62% used [0x00000000a0000000,0x00000000ba794418,0x00000000ca900000)
 Metaspace       used 62484K, capacity 63996K, committed 64128K, reserved 1105920K
  class space    used 8210K, capacity 8544K, committed 8576K, reserved 1048576K
Event: 61.522 GC heap after
Heap after GC invocations=33 (full 6):
 PSYoungGen      total 403968K, used 54428K [0x00000000e0000000, 0x0000000100000000, 0x0000000100000000)
  eden space 349184K, 0% used [0x00000000e0000000,0x00000000e0000000,0x00000000f5500000)
  from space 54784K, 99% used [0x00000000f5500000,0x00000000f8a273d0,0x00000000f8a80000)
  to   space 88576K, 0% used [0x00000000fa980000,0x00000000fa980000,0x0000000100000000)
 ParOldGen       total 697344K, used 434052K [0x00000000a0000000, 0x00000000ca900000, 0x00000000e0000000)
  object space 697344K, 62% used [0x00000000a0000000,0x00000000ba7e11d0,0x00000000ca900000)
 Metaspace       used 62484K, capacity 63996K, committed 64128K, reserved 1105920K
  class space    used 8210K, capacity 8544K, committed 8576K, reserved 1048576K
}
Event: 63.063 GC heap before
{Heap before GC invocations=34 (full 6):
 PSYoungGen      total 403968K, used 403612K [0x00000000e0000000, 0x0000000100000000, 0x0000000100000000)
  eden space 349184K, 100% used [0x00000000e0000000,0x00000000f5500000,0x00000000f5500000)
  from space 54784K, 99% used [0x00000000f5500000,0x00000000f8a273d0,0x00000000f8a80000)
  to   space 88576K, 0% used [0x00000000fa980000,0x00000000fa980000,0x0000000100000000)
 ParOldGen       total 697344K, used 434052K [0x00000000a0000000, 0x00000000ca900000, 0x00000000e0000000)
  object space 697344K, 62% used [0x00000000a0000000,0x00000000ba7e11d0,0x00000000ca900000)
 Metaspace       used 62521K, capacity 63996K, committed 64128K, reserved 1105920K
  class space    used 8216K, capacity 8544K, committed 8576K, reserved 1048576K
Event: 63.339 GC heap after
Heap after GC invocations=34 (full 6):
 PSYoungGen      total 436736K, used 50103K [0x00000000e0000000, 0x0000000100000000, 0x0000000100000000)
  eden space 348160K, 0% used [0x00000000e0000000,0x00000000e0000000,0x00000000f5400000)
  from space 88576K, 56% used [0x00000000fa980000,0x00000000fda6dc68,0x0000000100000000)
  to   space 87552K, 0% used [0x00000000f5400000,0x00000000f5400000,0x00000000fa980000)
 ParOldGen       total 697344K, used 485153K [0x00000000a0000000, 0x00000000ca900000, 0x00000000e0000000)
  object space 697344K, 69% used [0x00000000a0000000,0x00000000bd9c84e0,0x00000000ca900000)
 Metaspace       used 62521K, capacity 63996K, committed 64128K, reserved 1105920K
  class space    used 8216K, capacity 8544K, committed 8576K, reserved 1048576K
}
Event: 65.993 GC heap before
{Heap before GC invocations=35 (full 6):
 PSYoungGen      total 436736K, used 398263K [0x00000000e0000000, 0x0000000100000000, 0x0000000100000000)
  eden space 348160K, 100% used [0x00000000e0000000,0x00000000f5400000,0x00000000f5400000)
  from space 88576K, 56% used [0x00000000fa980000,0x00000000fda6dc68,0x0000000100000000)
  to   space 87552K, 0% used [0x00000000f5400000,0x00000000f5400000,0x00000000fa980000)
 ParOldGen       total 697344K, used 485153K [0x00000000a0000000, 0x00000000ca900000, 0x00000000e0000000)
  object space 697344K, 69% used [0x00000000a0000000,0x00000000bd9c84e0,0x00000000ca900000)
 Metaspace       used 62522K, capacity 64060K, committed 64384K, reserved 1105920K
  class space    used 8216K, capacity 8544K, committed 8576K, reserved 1048576K
Event: 66.414 GC heap after
Heap after GC invocations=35 (full 6):
 PSYoungGen      total 432128K, used 83513K [0x00000000e0000000, 0x0000000100000000, 0x0000000100000000)
  eden space 348160K, 0% used [0x00000000e0000000,0x00000000e0000000,0x00000000f5400000)
  from space 83968K, 99% used [0x00000000f5400000,0x00000000fa58e418,0x00000000fa600000)
  to   space 92160K, 0% used [0x00000000fa600000,0x00000000fa600000,0x0000000100000000)
 ParOldGen       total 697344K, used 533465K [0x00000000a0000000, 0x00000000ca900000, 0x00000000e0000000)
  object space 697344K, 76% used [0x00000000a0000000,0x00000000c08f6670,0x00000000ca900000)
 Metaspace       used 62522K, capacity 64060K, committed 64384K, reserved 1105920K
  class space    used 8216K, capacity 8544K, committed 8576K, reserved 1048576K
}
Event: 67.199 GC heap before
{Heap before GC invocations=36 (full 6):
 PSYoungGen      total 432128K, used 431673K [0x00000000e0000000, 0x0000000100000000, 0x0000000100000000)
  eden space 348160K, 100% used [0x00000000e0000000,0x00000000f5400000,0x00000000f5400000)
  from space 83968K, 99% used [0x00000000f5400000,0x00000000fa58e418,0x00000000fa600000)
  to   space 92160K, 0% used [0x00000000fa600000,0x00000000fa600000,0x0000000100000000)
 ParOldGen       total 697344K, used 533465K [0x00000000a0000000, 0x00000000ca900000, 0x00000000e0000000)
  object space 697344K, 76% used [0x00000000a0000000,0x00000000c08f6670,0x00000000ca900000)
 Metaspace       used 62522K, capacity 64060K, committed 64384K, reserved 1105920K
  class space    used 8216K, capacity 8544K, committed 8576K, reserved 1048576K
Event: 67.717 GC heap after
Heap after GC invocations=36 (full 6):
 PSYoungGen      total 331776K, used 92142K [0x00000000e0000000, 0x0000000100000000, 0x0000000100000000)
  eden space 239616K, 0% used [0x00000000e0000000,0x00000000e0000000,0x00000000eea00000)
  from space 92160K, 99% used [0x00000000fa600000,0x00000000ffffbb10,0x0000000100000000)
  to   space 142336K, 0% used [0x00000000eea00000,0x00000000eea00000,0x00000000f7500000)
 ParOldGen       total 697344K, used 620007K [0x00000000a0000000, 0x00000000ca900000, 0x00000000e0000000)
  object space 697344K, 88% used [0x00000000a0000000,0x00000000c5d79e88,0x00000000ca900000)
 Metaspace       used 62522K, capacity 64060K, committed 64384K, reserved 1105920K
  class space    used 8216K, capacity 8544K, committed 8576K, reserved 1048576K
}
Event: 67.717 GC heap before
{Heap before GC invocations=37 (full 7):
 PSYoungGen      total 331776K, used 92142K [0x00000000e0000000, 0x0000000100000000, 0x0000000100000000)
  eden space 239616K, 0% used [0x00000000e0000000,0x00000000e0000000,0x00000000eea00000)
  from space 92160K, 99% used [0x00000000fa600000,0x00000000ffffbb10,0x0000000100000000)
  to   space 142336K, 0% used [0x00000000eea00000,0x00000000eea00000,0x00000000f7500000)
 ParOldGen       total 697344K, used 620007K [0x00000000a0000000, 0x00000000ca900000, 0x00000000e0000000)
  object space 697344K, 88% used [0x00000000a0000000,0x00000000c5d79e88,0x00000000ca900000)
 Metaspace       used 62522K, capacity 64060K, committed 64384K, reserved 1105920K
  class space    used 8216K, capacity 8544K, committed 8576K, reserved 1048576K

