# JRE version: Java(TM) SE Runtime Environment (8.0_101-b13) (build 1.8.0_101-b13)
# Java VM: Java HotSpot(TM) 64-Bit Server VM (25.101-b13 mixed mode linux-amd64 compressed oops)
Heap:
 PSYoungGen      total 352256K, used 0K [0x00000000e0000000, 0x0000000100000000, 0x0000000100000000)
  eden space 194560K, 0% used [0x00000000e0000000,0x00000000e0000000,0x00000000ebe00000)
  from space 157696K, 0% used [0x00000000ebe00000,0x00000000ebe00000,0x00000000f5800000)
  to   space 158208K, 0% used [0x00000000f6580000,0x00000000f6580000,0x0000000100000000)
 ParOldGen       total 946688K, used 814526K [0x00000000a0000000, 0x00000000d9c80000, 0x00000000e0000000)
  object space 946688K, 86% used [0x00000000a0000000,0x00000000d1b6fa38,0x00000000d9c80000)
 Metaspace       used 66708K, capacity 68390K, committed 68608K, reserved 1110016K
  class space    used 8535K, capacity 8925K, committed 8960K, reserved 1048576K
GC Heap History (10 events):
Event: 170.823 GC heap after
Heap after GC invocations=54 (full 9):
 PSYoungGen      total 349696K, used 67175K [0x00000000e0000000, 0x0000000100000000, 0x0000000100000000)
  eden space 175104K, 0% used [0x00000000e0000000,0x00000000e0000000,0x00000000eab00000)
  from space 174592K, 38% used [0x00000000eab00000,0x00000000eec99e40,0x00000000f5580000)
  to   space 173056K, 0% used [0x00000000f5700000,0x00000000f5700000,0x0000000100000000)
 ParOldGen       total 946688K, used 740569K [0x00000000a0000000, 0x00000000d9c80000, 0x00000000e0000000)
  object space 946688K, 78% used [0x00000000a0000000,0x00000000cd3367e0,0x00000000d9c80000)
 Metaspace       used 66702K, capacity 68390K, committed 68608K, reserved 1110016K
  class space    used 8535K, capacity 8925K, committed 8960K, reserved 1048576K
}
Event: 171.388 GC heap before
{Heap before GC invocations=55 (full 9):
 PSYoungGen      total 349696K, used 242279K [0x00000000e0000000, 0x0000000100000000, 0x0000000100000000)
  eden space 175104K, 100% used [0x00000000e0000000,0x00000000eab00000,0x00000000eab00000)
  from space 174592K, 38% used [0x00000000eab00000,0x00000000eec99e40,0x00000000f5580000)
  to   space 173056K, 0% used [0x00000000f5700000,0x00000000f5700000,0x0000000100000000)
 ParOldGen       total 946688K, used 740572K [0x00000000a0000000, 0x00000000d9c80000, 0x00000000e0000000)
  object space 946688K, 78% used [0x00000000a0000000,0x00000000cd3370e0,0x00000000d9c80000)
 Metaspace       used 66702K, capacity 68390K, committed 68608K, reserved 1110016K
  class space    used 8535K, capacity 8925K, committed 8960K, reserved 1048576K
Event: 171.571 GC heap after
Heap after GC invocations=55 (full 9):
 PSYoungGen      total 339968K, used 93475K [0x00000000e0000000, 0x00000000ff680000, 0x0000000100000000)
  eden space 176640K, 0% used [0x00000000e0000000,0x00000000e0000000,0x00000000eac80000)
  from space 163328K, 57% used [0x00000000f5700000,0x00000000fb248dc8,0x00000000ff680000)
  to   space 168960K, 0% used [0x00000000eac80000,0x00000000eac80000,0x00000000f5180000)
 ParOldGen       total 946688K, used 740572K [0x00000000a0000000, 0x00000000d9c80000, 0x00000000e0000000)
  object space 946688K, 78% used [0x00000000a0000000,0x00000000cd3370e0,0x00000000d9c80000)
 Metaspace       used 66702K, capacity 68390K, committed 68608K, reserved 1110016K
  class space    used 8535K, capacity 8925K, committed 8960K, reserved 1048576K
}
Event: 172.014 GC heap before
{Heap before GC invocations=56 (full 9):
 PSYoungGen      total 339968K, used 270115K [0x00000000e0000000, 0x00000000ff680000, 0x0000000100000000)
  eden space 176640K, 100% used [0x00000000e0000000,0x00000000eac80000,0x00000000eac80000)
  from space 163328K, 57% used [0x00000000f5700000,0x00000000fb248dc8,0x00000000ff680000)
  to   space 168960K, 0% used [0x00000000eac80000,0x00000000eac80000,0x00000000f5180000)
 ParOldGen       total 946688K, used 740572K [0x00000000a0000000, 0x00000000d9c80000, 0x00000000e0000000)
  object space 946688K, 78% used [0x00000000a0000000,0x00000000cd3370e0,0x00000000d9c80000)
 Metaspace       used 66702K, capacity 68390K, committed 68608K, reserved 1110016K
  class space    used 8535K, capacity 8925K, committed 8960K, reserved 1048576K
Event: 172.326 GC heap after
Heap after GC invocations=56 (full 9):
 PSYoungGen      total 345600K, used 77990K [0x00000000e0000000, 0x00000000ff580000, 0x0000000100000000)
  eden space 176640K, 0% used [0x00000000e0000000,0x00000000e0000000,0x00000000eac80000)
  from space 168960K, 46% used [0x00000000eac80000,0x00000000ef8a9828,0x00000000f5180000)
  to   space 160768K, 0% used [0x00000000f5880000,0x00000000f5880000,0x00000000ff580000)
 ParOldGen       total 946688K, used 781211K [0x00000000a0000000, 0x00000000d9c80000, 0x00000000e0000000)
  object space 946688K, 82% used [0x00000000a0000000,0x00000000cfae6d70,0x00000000d9c80000)
 Metaspace       used 66702K, capacity 68390K, committed 68608K, reserved 1110016K
  class space    used 8535K, capacity 8925K, committed 8960K, reserved 1048576K
}
Event: 172.911 GC heap before
{Heap before GC invocations=57 (full 9):
 PSYoungGen      total 345600K, used 254630K [0x00000000e0000000, 0x00000000ff580000, 0x0000000100000000)
  eden space 176640K, 100% used [0x00000000e0000000,0x00000000eac80000,0x00000000eac80000)
  from space 168960K, 46% used [0x00000000eac80000,0x00000000ef8a9828,0x00000000f5180000)
  to   space 160768K, 0% used [0x00000000f5880000,0x00000000f5880000,0x00000000ff580000)
 ParOldGen       total 946688K, used 781211K [0x00000000a0000000, 0x00000000d9c80000, 0x00000000e0000000)
  object space 946688K, 82% used [0x00000000a0000000,0x00000000cfae6d70,0x00000000d9c80000)
 Metaspace       used 66702K, capacity 68390K, committed 68608K, reserved 1110016K
  class space    used 8535K, capacity 8925K, committed 8960K, reserved 1048576K
Event: 173.201 GC heap after
Heap after GC invocations=57 (full 9):
 PSYoungGen      total 351744K, used 52102K [0x00000000e0000000, 0x00000000ff200000, 0x0000000100000000)
  eden space 194560K, 0% used [0x00000000e0000000,0x00000000e0000000,0x00000000ebe00000)
  from space 157184K, 33% used [0x00000000f5880000,0x00000000f8b61b88,0x00000000ff200000)
  to   space 157696K, 0% used [0x00000000ebe00000,0x00000000ebe00000,0x00000000f5800000)
 ParOldGen       total 946688K, used 833111K [0x00000000a0000000, 0x00000000d9c80000, 0x00000000e0000000)
  object space 946688K, 88% used [0x00000000a0000000,0x00000000d2d95ea0,0x00000000d9c80000)
 Metaspace       used 66702K, capacity 68390K, committed 68608K, reserved 1110016K
  class space    used 8535K, capacity 8925K, committed 8960K, reserved 1048576K
}
Event: 173.923 GC heap before
{Heap before GC invocations=58 (full 9):
 PSYoungGen      total 351744K, used 246662K [0x00000000e0000000, 0x00000000ff200000, 0x0000000100000000)
  eden space 194560K, 100% used [0x00000000e0000000,0x00000000ebe00000,0x00000000ebe00000)
  from space 157184K, 33% used [0x00000000f5880000,0x00000000f8b61b88,0x00000000ff200000)
  to   space 157696K, 0% used [0x00000000ebe00000,0x00000000ebe00000,0x00000000f5800000)
 ParOldGen       total 946688K, used 833111K [0x00000000a0000000, 0x00000000d9c80000, 0x00000000e0000000)
  object space 946688K, 88% used [0x00000000a0000000,0x00000000d2d95eb8,0x00000000d9c80000)
 Metaspace       used 66708K, capacity 68390K, committed 68608K, reserved 1110016K
  class space    used 8535K, capacity 8925K, committed 8960K, reserved 1048576K
Event: 174.151 GC heap after
Heap after GC invocations=58 (full 9):
 PSYoungGen      total 352256K, used 27254K [0x00000000e0000000, 0x0000000100000000, 0x0000000100000000)
  eden space 194560K, 0% used [0x00000000e0000000,0x00000000e0000000,0x00000000ebe00000)
  from space 157696K, 17% used [0x00000000ebe00000,0x00000000ed89db38,0x00000000f5800000)
  to   space 158208K, 0% used [0x00000000f6580000,0x00000000f6580000,0x0000000100000000)
 ParOldGen       total 946688K, used 884297K [0x00000000a0000000, 0x00000000d9c80000, 0x00000000e0000000)
  object space 946688K, 93% used [0x00000000a0000000,0x00000000d5f927d8,0x00000000d9c80000)
 Metaspace       used 66708K, capacity 68390K, committed 68608K, reserved 1110016K
  class space    used 8535K, capacity 8925K, committed 8960K, reserved 1048576K
}
Event: 174.151 GC heap before
{Heap before GC invocations=59 (full 10):
 PSYoungGen      total 352256K, used 27254K [0x00000000e0000000, 0x0000000100000000, 0x0000000100000000)
  eden space 194560K, 0% used [0x00000000e0000000,0x00000000e0000000,0x00000000ebe00000)
  from space 157696K, 17% used [0x00000000ebe00000,0x00000000ed89db38,0x00000000f5800000)
  to   space 158208K, 0% used [0x00000000f6580000,0x00000000f6580000,0x0000000100000000)
 ParOldGen       total 946688K, used 884297K [0x00000000a0000000, 0x00000000d9c80000, 0x00000000e0000000)
  object space 946688K, 93% used [0x00000000a0000000,0x00000000d5f927d8,0x00000000d9c80000)
 Metaspace       used 66708K, capacity 68390K, committed 68608K, reserved 1110016K
  class space    used 8535K, capacity 8925K, committed 8960K, reserved 1048576K

