# JRE version: Java(TM) SE Runtime Environment (8.0_111-b14) (build 1.8.0_111-b14)
# Java VM: Java HotSpot(TM) 64-Bit Server VM (25.111-b14 mixed mode linux-amd64 compressed oops)
Heap:
 PSYoungGen      total 412160K, used 85380K [0x00000000e0000000, 0x0000000100000000, 0x0000000100000000)
  eden space 309760K, 0% used [0x00000000e0000000,0x00000000e0000000,0x00000000f2e80000)
  from space 102400K, 83% used [0x00000000f2e80000,0x00000000f81e1250,0x00000000f9280000)
  to   space 112128K, 0% used [0x00000000f9280000,0x00000000f9280000,0x0000000100000000)
 ParOldGen       total 653312K, used 652901K [0x00000000a0000000, 0x00000000c7e00000, 0x00000000e0000000)
  object space 653312K, 99% used [0x00000000a0000000,0x00000000c7d99738,0x00000000c7e00000)
 Metaspace       used 73763K, capacity 75394K, committed 77312K, reserved 1116160K
  class space    used 9480K, capacity 9808K, committed 10240K, reserved 1048576K
GC Heap History (10 events):
Event: 2484.659 GC heap after
Heap after GC invocations=38 (full 7):
 PSYoungGen      total 400384K, used 52850K [0x00000000e0000000, 0x0000000100000000, 0x0000000100000000)
  eden space 347136K, 0% used [0x00000000e0000000,0x00000000e0000000,0x00000000f5300000)
  from space 53248K, 99% used [0x00000000f5300000,0x00000000f869c918,0x00000000f8700000)
  to   space 89088K, 0% used [0x00000000fa900000,0x00000000fa900000,0x0000000100000000)
 ParOldGen       total 653312K, used 394107K [0x00000000a0000000, 0x00000000c7e00000, 0x00000000e0000000)
  object space 653312K, 60% used [0x00000000a0000000,0x00000000b80dee70,0x00000000c7e00000)
 Metaspace       used 73751K, capacity 75394K, committed 77312K, reserved 1116160K
  class space    used 9479K, capacity 9808K, committed 10240K, reserved 1048576K
}
Event: 2485.677 GC heap before
{Heap before GC invocations=39 (full 7):
 PSYoungGen      total 400384K, used 399986K [0x00000000e0000000, 0x0000000100000000, 0x0000000100000000)
  eden space 347136K, 100% used [0x00000000e0000000,0x00000000f5300000,0x00000000f5300000)
  from space 53248K, 99% used [0x00000000f5300000,0x00000000f869c918,0x00000000f8700000)
  to   space 89088K, 0% used [0x00000000fa900000,0x00000000fa900000,0x0000000100000000)
 ParOldGen       total 653312K, used 394107K [0x00000000a0000000, 0x00000000c7e00000, 0x00000000e0000000)
  object space 653312K, 60% used [0x00000000a0000000,0x00000000b80dee70,0x00000000c7e00000)
 Metaspace       used 73761K, capacity 75394K, committed 77312K, reserved 1116160K
  class space    used 9480K, capacity 9808K, committed 10240K, reserved 1048576K
Event: 2485.871 GC heap after
Heap after GC invocations=39 (full 7):
 PSYoungGen      total 393216K, used 89079K [0x00000000e0000000, 0x0000000100000000, 0x0000000100000000)
  eden space 304128K, 0% used [0x00000000e0000000,0x00000000e0000000,0x00000000f2900000)
  from space 89088K, 99% used [0x00000000fa900000,0x00000000ffffdd48,0x0000000100000000)
  to   space 110080K, 0% used [0x00000000f2900000,0x00000000f2900000,0x00000000f9480000)
 ParOldGen       total 653312K, used 413447K [0x00000000a0000000, 0x00000000c7e00000, 0x00000000e0000000)
  object space 653312K, 63% used [0x00000000a0000000,0x00000000b93c1dd8,0x00000000c7e00000)
 Metaspace       used 73761K, capacity 75394K, committed 77312K, reserved 1116160K
  class space    used 9480K, capacity 9808K, committed 10240K, reserved 1048576K
}
Event: 2486.797 GC heap before
{Heap before GC invocations=40 (full 7):
 PSYoungGen      total 393216K, used 393207K [0x00000000e0000000, 0x0000000100000000, 0x0000000100000000)
  eden space 304128K, 100% used [0x00000000e0000000,0x00000000f2900000,0x00000000f2900000)
  from space 89088K, 99% used [0x00000000fa900000,0x00000000ffffdd48,0x0000000100000000)
  to   space 110080K, 0% used [0x00000000f2900000,0x00000000f2900000,0x00000000f9480000)
 ParOldGen       total 653312K, used 413447K [0x00000000a0000000, 0x00000000c7e00000, 0x00000000e0000000)
  object space 653312K, 63% used [0x00000000a0000000,0x00000000b93c1dd8,0x00000000c7e00000)
 Metaspace       used 73763K, capacity 75394K, committed 77312K, reserved 1116160K
  class space    used 9480K, capacity 9808K, committed 10240K, reserved 1048576K
Event: 2487.106 GC heap after
Heap after GC invocations=40 (full 7):
 PSYoungGen      total 414208K, used 47575K [0x00000000e0000000, 0x0000000100000000, 0x0000000100000000)
  eden space 304128K, 0% used [0x00000000e0000000,0x00000000e0000000,0x00000000f2900000)
  from space 110080K, 43% used [0x00000000f2900000,0x00000000f5775c68,0x00000000f9480000)
  to   space 104448K, 0% used [0x00000000f9a00000,0x00000000f9a00000,0x0000000100000000)
 ParOldGen       total 653312K, used 495793K [0x00000000a0000000, 0x00000000c7e00000, 0x00000000e0000000)
  object space 653312K, 75% used [0x00000000a0000000,0x00000000be42c618,0x00000000c7e00000)
 Metaspace       used 73763K, capacity 75394K, committed 77312K, reserved 1116160K
  class space    used 9480K, capacity 9808K, committed 10240K, reserved 1048576K
}
Event: 2488.301 GC heap before
{Heap before GC invocations=41 (full 7):
 PSYoungGen      total 414208K, used 351703K [0x00000000e0000000, 0x0000000100000000, 0x0000000100000000)
  eden space 304128K, 100% used [0x00000000e0000000,0x00000000f2900000,0x00000000f2900000)
  from space 110080K, 43% used [0x00000000f2900000,0x00000000f5775c68,0x00000000f9480000)
  to   space 104448K, 0% used [0x00000000f9a00000,0x00000000f9a00000,0x0000000100000000)
 ParOldGen       total 653312K, used 495793K [0x00000000a0000000, 0x00000000c7e00000, 0x00000000e0000000)
  object space 653312K, 75% used [0x00000000a0000000,0x00000000be42c618,0x00000000c7e00000)
 Metaspace       used 73763K, capacity 75394K, committed 77312K, reserved 1116160K
  class space    used 9480K, capacity 9808K, committed 10240K, reserved 1048576K
Event: 2488.514 GC heap after
Heap after GC invocations=41 (full 7):
 PSYoungGen      total 404480K, used 55369K [0x00000000e0000000, 0x00000000ff680000, 0x0000000100000000)
  eden space 309760K, 0% used [0x00000000e0000000,0x00000000e0000000,0x00000000f2e80000)
  from space 94720K, 58% used [0x00000000f9a00000,0x00000000fd012570,0x00000000ff680000)
  to   space 102400K, 0% used [0x00000000f2e80000,0x00000000f2e80000,0x00000000f9280000)
 ParOldGen       total 653312K, used 540202K [0x00000000a0000000, 0x00000000c7e00000, 0x00000000e0000000)
  object space 653312K, 82% used [0x00000000a0000000,0x00000000c0f8a858,0x00000000c7e00000)
 Metaspace       used 73763K, capacity 75394K, committed 77312K, reserved 1116160K
  class space    used 9480K, capacity 9808K, committed 10240K, reserved 1048576K
}
Event: 2489.541 GC heap before
{Heap before GC invocations=42 (full 7):
 PSYoungGen      total 404480K, used 365129K [0x00000000e0000000, 0x00000000ff680000, 0x0000000100000000)
  eden space 309760K, 100% used [0x00000000e0000000,0x00000000f2e80000,0x00000000f2e80000)
  from space 94720K, 58% used [0x00000000f9a00000,0x00000000fd012570,0x00000000ff680000)
  to   space 102400K, 0% used [0x00000000f2e80000,0x00000000f2e80000,0x00000000f9280000)
 ParOldGen       total 653312K, used 540202K [0x00000000a0000000, 0x00000000c7e00000, 0x00000000e0000000)
  object space 653312K, 82% used [0x00000000a0000000,0x00000000c0f8a858,0x00000000c7e00000)
 Metaspace       used 73763K, capacity 75394K, committed 77312K, reserved 1116160K
  class space    used 9480K, capacity 9808K, committed 10240K, reserved 1048576K
Event: 2489.896 GC heap after
Heap after GC invocations=42 (full 7):
 PSYoungGen      total 412160K, used 102378K [0x00000000e0000000, 0x0000000100000000, 0x0000000100000000)
  eden space 309760K, 0% used [0x00000000e0000000,0x00000000e0000000,0x00000000f2e80000)
  from space 102400K, 99% used [0x00000000f2e80000,0x00000000f927a870,0x00000000f9280000)
  to   space 112128K, 0% used [0x00000000f9280000,0x00000000f9280000,0x0000000100000000)
 ParOldGen       total 653312K, used 643768K [0x00000000a0000000, 0x00000000c7e00000, 0x00000000e0000000)
  object space 653312K, 98% used [0x00000000a0000000,0x00000000c74ae2c0,0x00000000c7e00000)
 Metaspace       used 73763K, capacity 75394K, committed 77312K, reserved 1116160K
  class space    used 9480K, capacity 9808K, committed 10240K, reserved 1048576K
}
Event: 2489.896 GC heap before
{Heap before GC invocations=43 (full 8):
 PSYoungGen      total 412160K, used 102378K [0x00000000e0000000, 0x0000000100000000, 0x0000000100000000)
  eden space 309760K, 0% used [0x00000000e0000000,0x00000000e0000000,0x00000000f2e80000)
  from space 102400K, 99% used [0x00000000f2e80000,0x00000000f927a870,0x00000000f9280000)
  to   space 112128K, 0% used [0x00000000f9280000,0x00000000f9280000,0x0000000100000000)
 ParOldGen       total 653312K, used 643768K [0x00000000a0000000, 0x00000000c7e00000, 0x00000000e0000000)
  object space 653312K, 98% used [0x00000000a0000000,0x00000000c74ae2c0,0x00000000c7e00000)
 Metaspace       used 73763K, capacity 75394K, committed 77312K, reserved 1116160K
  class space    used 9480K, capacity 9808K, committed 10240K, reserved 1048576K

