# JRE version: Java(TM) SE Runtime Environment (8.0_111-b14) (build 1.8.0_111-b14)
# Java VM: Java HotSpot(TM) 64-Bit Server VM (25.111-b14 mixed mode linux-amd64 compressed oops)
Heap:
 PSYoungGen      total 414720K, used 0K [0x00000000e0000000, 0x0000000100000000, 0x0000000100000000)
  eden space 305152K, 0% used [0x00000000e0000000,0x00000000e0000000,0x00000000f2a00000)
  from space 109568K, 0% used [0x00000000f2a00000,0x00000000f2a00000,0x00000000f9500000)
  to   space 104448K, 0% used [0x00000000f9a00000,0x00000000f9a00000,0x0000000100000000)
 ParOldGen       total 572416K, used 560234K [0x00000000a0000000, 0x00000000c2f00000, 0x00000000e0000000)
  object space 572416K, 97% used [0x00000000a0000000,0x00000000c231a958,0x00000000c2f00000)
 Metaspace       used 60816K, capacity 62258K, committed 62720K, reserved 1103872K
  class space    used 7994K, capacity 8335K, committed 8448K, reserved 1048576K
GC Heap History (10 events):
Event: 98.591 GC heap after
Heap after GC invocations=40 (full 6):
 PSYoungGen      total 432128K, used 53286K [0x00000000e0000000, 0x0000000100000000, 0x0000000100000000)
  eden space 344064K, 0% used [0x00000000e0000000,0x00000000e0000000,0x00000000f5000000)
  from space 88064K, 60% used [0x00000000faa00000,0x00000000fde098b0,0x0000000100000000)
  to   space 90112K, 0% used [0x00000000f5000000,0x00000000f5000000,0x00000000fa800000)
 ParOldGen       total 384512K, used 367904K [0x00000000a0000000, 0x00000000b7780000, 0x00000000e0000000)
  object space 384512K, 95% used [0x00000000a0000000,0x00000000b67483e8,0x00000000b7780000)
 Metaspace       used 60802K, capacity 62258K, committed 62720K, reserved 1103872K
  class space    used 7993K, capacity 8335K, committed 8448K, reserved 1048576K
}
Event: 98.591 GC heap before
{Heap before GC invocations=41 (full 7):
 PSYoungGen      total 432128K, used 53286K [0x00000000e0000000, 0x0000000100000000, 0x0000000100000000)
  eden space 344064K, 0% used [0x00000000e0000000,0x00000000e0000000,0x00000000f5000000)
  from space 88064K, 60% used [0x00000000faa00000,0x00000000fde098b0,0x0000000100000000)
  to   space 90112K, 0% used [0x00000000f5000000,0x00000000f5000000,0x00000000fa800000)
 ParOldGen       total 384512K, used 367904K [0x00000000a0000000, 0x00000000b7780000, 0x00000000e0000000)
  object space 384512K, 95% used [0x00000000a0000000,0x00000000b67483e8,0x00000000b7780000)
 Metaspace       used 60802K, capacity 62258K, committed 62720K, reserved 1103872K
  class space    used 7993K, capacity 8335K, committed 8448K, reserved 1048576K
Event: 101.960 GC heap after
Heap after GC invocations=41 (full 7):
 PSYoungGen      total 432128K, used 32567K [0x00000000e0000000, 0x0000000100000000, 0x0000000100000000)
  eden space 344064K, 0% used [0x00000000e0000000,0x00000000e0000000,0x00000000f5000000)
  from space 88064K, 36% used [0x00000000faa00000,0x00000000fc9cde70,0x0000000100000000)
  to   space 90112K, 0% used [0x00000000f5000000,0x00000000f5000000,0x00000000fa800000)
 ParOldGen       total 572416K, used 384307K [0x00000000a0000000, 0x00000000c2f00000, 0x00000000e0000000)
  object space 572416K, 67% used [0x00000000a0000000,0x00000000b774ce40,0x00000000c2f00000)
 Metaspace       used 60802K, capacity 62258K, committed 62720K, reserved 1103872K
  class space    used 7993K, capacity 8335K, committed 8448K, reserved 1048576K
}
Event: 103.216 GC heap before
{Heap before GC invocations=42 (full 7):
 PSYoungGen      total 432128K, used 376631K [0x00000000e0000000, 0x0000000100000000, 0x0000000100000000)
  eden space 344064K, 100% used [0x00000000e0000000,0x00000000f5000000,0x00000000f5000000)
  from space 88064K, 36% used [0x00000000faa00000,0x00000000fc9cde70,0x0000000100000000)
  to   space 90112K, 0% used [0x00000000f5000000,0x00000000f5000000,0x00000000fa800000)
 ParOldGen       total 572416K, used 384307K [0x00000000a0000000, 0x00000000c2f00000, 0x00000000e0000000)
  object space 572416K, 67% used [0x00000000a0000000,0x00000000b774ce40,0x00000000c2f00000)
 Metaspace       used 60803K, capacity 62258K, committed 62720K, reserved 1103872K
  class space    used 7993K, capacity 8335K, committed 8448K, reserved 1048576K
Event: 103.558 GC heap after
Heap after GC invocations=42 (full 7):
 PSYoungGen      total 397824K, used 53444K [0x00000000e0000000, 0x0000000100000000, 0x0000000100000000)
  eden space 344064K, 0% used [0x00000000e0000000,0x00000000e0000000,0x00000000f5000000)
  from space 53760K, 99% used [0x00000000f5000000,0x00000000f84312c8,0x00000000f8480000)
  to   space 91648K, 0% used [0x00000000fa680000,0x00000000fa680000,0x0000000100000000)
 ParOldGen       total 572416K, used 414880K [0x00000000a0000000, 0x00000000c2f00000, 0x00000000e0000000)
  object space 572416K, 72% used [0x00000000a0000000,0x00000000b9528140,0x00000000c2f00000)
 Metaspace       used 60803K, capacity 62258K, committed 62720K, reserved 1103872K
  class space    used 7993K, capacity 8335K, committed 8448K, reserved 1048576K
}
Event: 104.792 GC heap before
{Heap before GC invocations=43 (full 7):
 PSYoungGen      total 397824K, used 397508K [0x00000000e0000000, 0x0000000100000000, 0x0000000100000000)
  eden space 344064K, 100% used [0x00000000e0000000,0x00000000f5000000,0x00000000f5000000)
  from space 53760K, 99% used [0x00000000f5000000,0x00000000f84312c8,0x00000000f8480000)
  to   space 91648K, 0% used [0x00000000fa680000,0x00000000fa680000,0x0000000100000000)
 ParOldGen       total 572416K, used 414880K [0x00000000a0000000, 0x00000000c2f00000, 0x00000000e0000000)
  object space 572416K, 72% used [0x00000000a0000000,0x00000000b9528140,0x00000000c2f00000)
 Metaspace       used 60814K, capacity 62258K, committed 62720K, reserved 1103872K
  class space    used 7994K, capacity 8335K, committed 8448K, reserved 1048576K
Event: 105.035 GC heap after
Heap after GC invocations=43 (full 7):
 PSYoungGen      total 396800K, used 91622K [0x00000000e0000000, 0x0000000100000000, 0x0000000100000000)
  eden space 305152K, 0% used [0x00000000e0000000,0x00000000e0000000,0x00000000f2a00000)
  from space 91648K, 99% used [0x00000000fa680000,0x00000000ffff9ad8,0x0000000100000000)
  to   space 109568K, 0% used [0x00000000f2a00000,0x00000000f2a00000,0x00000000f9500000)
 ParOldGen       total 572416K, used 424196K [0x00000000a0000000, 0x00000000c2f00000, 0x00000000e0000000)
  object space 572416K, 74% used [0x00000000a0000000,0x00000000b9e41390,0x00000000c2f00000)
 Metaspace       used 60814K, capacity 62258K, committed 62720K, reserved 1103872K
  class space    used 7994K, capacity 8335K, committed 8448K, reserved 1048576K
}
Event: 106.157 GC heap before
{Heap before GC invocations=44 (full 7):
 PSYoungGen      total 396800K, used 396774K [0x00000000e0000000, 0x0000000100000000, 0x0000000100000000)
  eden space 305152K, 100% used [0x00000000e0000000,0x00000000f2a00000,0x00000000f2a00000)
  from space 91648K, 99% used [0x00000000fa680000,0x00000000ffff9ad8,0x0000000100000000)
  to   space 109568K, 0% used [0x00000000f2a00000,0x00000000f2a00000,0x00000000f9500000)
 ParOldGen       total 572416K, used 424196K [0x00000000a0000000, 0x00000000c2f00000, 0x00000000e0000000)
  object space 572416K, 74% used [0x00000000a0000000,0x00000000b9e41390,0x00000000c2f00000)
 Metaspace       used 60816K, capacity 62258K, committed 62720K, reserved 1103872K
  class space    used 7994K, capacity 8335K, committed 8448K, reserved 1048576K
Event: 106.565 GC heap after
Heap after GC invocations=44 (full 7):
 PSYoungGen      total 414720K, used 47755K [0x00000000e0000000, 0x0000000100000000, 0x0000000100000000)
  eden space 305152K, 0% used [0x00000000e0000000,0x00000000e0000000,0x00000000f2a00000)
  from space 109568K, 43% used [0x00000000f2a00000,0x00000000f58a2e18,0x00000000f9500000)
  to   space 104448K, 0% used [0x00000000f9a00000,0x00000000f9a00000,0x0000000100000000)
 ParOldGen       total 572416K, used 516270K [0x00000000a0000000, 0x00000000c2f00000, 0x00000000e0000000)
  object space 572416K, 90% used [0x00000000a0000000,0x00000000bf82b9b8,0x00000000c2f00000)
 Metaspace       used 60816K, capacity 62258K, committed 62720K, reserved 1103872K
  class space    used 7994K, capacity 8335K, committed 8448K, reserved 1048576K
}
Event: 106.565 GC heap before
{Heap before GC invocations=45 (full 8):
 PSYoungGen      total 414720K, used 47755K [0x00000000e0000000, 0x0000000100000000, 0x0000000100000000)
  eden space 305152K, 0% used [0x00000000e0000000,0x00000000e0000000,0x00000000f2a00000)
  from space 109568K, 43% used [0x00000000f2a00000,0x00000000f58a2e18,0x00000000f9500000)
  to   space 104448K, 0% used [0x00000000f9a00000,0x00000000f9a00000,0x0000000100000000)
 ParOldGen       total 572416K, used 516270K [0x00000000a0000000, 0x00000000c2f00000, 0x00000000e0000000)
  object space 572416K, 90% used [0x00000000a0000000,0x00000000bf82b9b8,0x00000000c2f00000)
 Metaspace       used 60816K, capacity 62258K, committed 62720K, reserved 1103872K
  class space    used 7994K, capacity 8335K, committed 8448K, reserved 1048576K

