# JRE version: Java(TM) SE Runtime Environment (8.0_111-b14) (build 1.8.0_111-b14)
# Java VM: Java HotSpot(TM) 64-Bit Server VM (25.111-b14 mixed mode linux-amd64 compressed oops)
Heap:
 PSYoungGen      total 349696K, used 0K [0x00000000e0000000, 0x0000000100000000, 0x0000000100000000)
  eden space 175104K, 0% used [0x00000000e0000000,0x00000000e0000000,0x00000000eab00000)
  from space 174592K, 0% used [0x00000000eab00000,0x00000000eab00000,0x00000000f5580000)
  to   space 174592K, 0% used [0x00000000f5580000,0x00000000f5580000,0x0000000100000000)
 ParOldGen       total 753152K, used 697124K [0x00000000a0000000, 0x00000000cdf80000, 0x00000000e0000000)
  object space 753152K, 92% used [0x00000000a0000000,0x00000000ca8c9240,0x00000000cdf80000)
 Metaspace       used 52564K, capacity 53886K, committed 54144K, reserved 1095680K
  class space    used 6978K, capacity 7261K, committed 7296K, reserved 1048576K
GC Heap History (10 events):
Event: 59.763 GC heap after
Heap after GC invocations=33 (full 6):
 PSYoungGen      total 413696K, used 47309K [0x00000000e0000000, 0x0000000100000000, 0x0000000100000000)
  eden space 303104K, 0% used [0x00000000e0000000,0x00000000e0000000,0x00000000f2800000)
  from space 110592K, 42% used [0x00000000f2800000,0x00000000f56335f0,0x00000000f9400000)
  to   space 104960K, 0% used [0x00000000f9980000,0x00000000f9980000,0x0000000100000000)
 ParOldGen       total 753152K, used 502357K [0x00000000a0000000, 0x00000000cdf80000, 0x00000000e0000000)
  object space 753152K, 66% used [0x00000000a0000000,0x00000000bea957a0,0x00000000cdf80000)
 Metaspace       used 52563K, capacity 53886K, committed 54144K, reserved 1095680K
  class space    used 6978K, capacity 7261K, committed 7296K, reserved 1048576K
}
Event: 61.112 GC heap before
{Heap before GC invocations=34 (full 6):
 PSYoungGen      total 413696K, used 350413K [0x00000000e0000000, 0x0000000100000000, 0x0000000100000000)
  eden space 303104K, 100% used [0x00000000e0000000,0x00000000f2800000,0x00000000f2800000)
  from space 110592K, 42% used [0x00000000f2800000,0x00000000f56335f0,0x00000000f9400000)
  to   space 104960K, 0% used [0x00000000f9980000,0x00000000f9980000,0x0000000100000000)
 ParOldGen       total 753152K, used 502357K [0x00000000a0000000, 0x00000000cdf80000, 0x00000000e0000000)
  object space 753152K, 66% used [0x00000000a0000000,0x00000000bea957a0,0x00000000cdf80000)
 Metaspace       used 52563K, capacity 53886K, committed 54144K, reserved 1095680K
  class space    used 6978K, capacity 7261K, committed 7296K, reserved 1048576K
Event: 61.445 GC heap after
Heap after GC invocations=34 (full 6):
 PSYoungGen      total 350720K, used 104958K [0x00000000e0000000, 0x0000000100000000, 0x0000000100000000)
  eden space 245760K, 0% used [0x00000000e0000000,0x00000000e0000000,0x00000000ef000000)
  from space 104960K, 99% used [0x00000000f9980000,0x00000000fffffa50,0x0000000100000000)
  to   space 139264K, 0% used [0x00000000ef000000,0x00000000ef000000,0x00000000f7800000)
 ParOldGen       total 753152K, used 552532K [0x00000000a0000000, 0x00000000cdf80000, 0x00000000e0000000)
  object space 753152K, 73% used [0x00000000a0000000,0x00000000c1b95218,0x00000000cdf80000)
 Metaspace       used 52563K, capacity 53886K, committed 54144K, reserved 1095680K
  class space    used 6978K, capacity 7261K, committed 7296K, reserved 1048576K
}
Event: 61.971 GC heap before
{Heap before GC invocations=35 (full 6):
 PSYoungGen      total 350720K, used 350718K [0x00000000e0000000, 0x0000000100000000, 0x0000000100000000)
  eden space 245760K, 100% used [0x00000000e0000000,0x00000000ef000000,0x00000000ef000000)
  from space 104960K, 99% used [0x00000000f9980000,0x00000000fffffa50,0x0000000100000000)
  to   space 139264K, 0% used [0x00000000ef000000,0x00000000ef000000,0x00000000f7800000)
 ParOldGen       total 753152K, used 552532K [0x00000000a0000000, 0x00000000cdf80000, 0x00000000e0000000)
  object space 753152K, 73% used [0x00000000a0000000,0x00000000c1b95218,0x00000000cdf80000)
 Metaspace       used 52563K, capacity 53886K, committed 54144K, reserved 1095680K
  class space    used 6978K, capacity 7261K, committed 7296K, reserved 1048576K
Event: 62.425 GC heap after
Heap after GC invocations=35 (full 6):
 PSYoungGen      total 385024K, used 139234K [0x00000000e0000000, 0x0000000100000000, 0x0000000100000000)
  eden space 245760K, 0% used [0x00000000e0000000,0x00000000e0000000,0x00000000ef000000)
  from space 139264K, 99% used [0x00000000ef000000,0x00000000f77f89d0,0x00000000f7800000)
  to   space 139264K, 0% used [0x00000000f7800000,0x00000000f7800000,0x0000000100000000)
 ParOldGen       total 753152K, used 608192K [0x00000000a0000000, 0x00000000cdf80000, 0x00000000e0000000)
  object space 753152K, 80% used [0x00000000a0000000,0x00000000c51f0218,0x00000000cdf80000)
 Metaspace       used 52563K, capacity 53886K, committed 54144K, reserved 1095680K
  class space    used 6978K, capacity 7261K, committed 7296K, reserved 1048576K
}
Event: 63.673 GC heap before
{Heap before GC invocations=36 (full 6):
 PSYoungGen      total 385024K, used 384994K [0x00000000e0000000, 0x0000000100000000, 0x0000000100000000)
  eden space 245760K, 100% used [0x00000000e0000000,0x00000000ef000000,0x00000000ef000000)
  from space 139264K, 99% used [0x00000000ef000000,0x00000000f77f89d0,0x00000000f7800000)
  to   space 139264K, 0% used [0x00000000f7800000,0x00000000f7800000,0x0000000100000000)
 ParOldGen       total 753152K, used 608192K [0x00000000a0000000, 0x00000000cdf80000, 0x00000000e0000000)
  object space 753152K, 80% used [0x00000000a0000000,0x00000000c51f0218,0x00000000cdf80000)
 Metaspace       used 52564K, capacity 53886K, committed 54144K, reserved 1095680K
  class space    used 6978K, capacity 7261K, committed 7296K, reserved 1048576K
Event: 63.908 GC heap after
Heap after GC invocations=36 (full 6):
 PSYoungGen      total 314368K, used 110430K [0x00000000e0000000, 0x0000000100000000, 0x0000000100000000)
  eden space 175104K, 0% used [0x00000000e0000000,0x00000000e0000000,0x00000000eab00000)
  from space 139264K, 79% used [0x00000000f7800000,0x00000000fe3d7bb0,0x0000000100000000)
  to   space 174592K, 0% used [0x00000000eab00000,0x00000000eab00000,0x00000000f5580000)
 ParOldGen       total 753152K, used 661251K [0x00000000a0000000, 0x00000000cdf80000, 0x00000000e0000000)
  object space 753152K, 87% used [0x00000000a0000000,0x00000000c85c0fe0,0x00000000cdf80000)
 Metaspace       used 52564K, capacity 53886K, committed 54144K, reserved 1095680K
  class space    used 6978K, capacity 7261K, committed 7296K, reserved 1048576K
}
Event: 64.390 GC heap before
{Heap before GC invocations=37 (full 6):
 PSYoungGen      total 314368K, used 285534K [0x00000000e0000000, 0x0000000100000000, 0x0000000100000000)
  eden space 175104K, 100% used [0x00000000e0000000,0x00000000eab00000,0x00000000eab00000)
  from space 139264K, 79% used [0x00000000f7800000,0x00000000fe3d7bb0,0x0000000100000000)
  to   space 174592K, 0% used [0x00000000eab00000,0x00000000eab00000,0x00000000f5580000)
 ParOldGen       total 753152K, used 661251K [0x00000000a0000000, 0x00000000cdf80000, 0x00000000e0000000)
  object space 753152K, 87% used [0x00000000a0000000,0x00000000c85c0fe0,0x00000000cdf80000)
 Metaspace       used 52564K, capacity 53886K, committed 54144K, reserved 1095680K
  class space    used 6978K, capacity 7261K, committed 7296K, reserved 1048576K
Event: 64.652 GC heap after
Heap after GC invocations=37 (full 6):
 PSYoungGen      total 349696K, used 46557K [0x00000000e0000000, 0x0000000100000000, 0x0000000100000000)
  eden space 175104K, 0% used [0x00000000e0000000,0x00000000e0000000,0x00000000eab00000)
  from space 174592K, 26% used [0x00000000eab00000,0x00000000ed877788,0x00000000f5580000)
  to   space 174592K, 0% used [0x00000000f5580000,0x00000000f5580000,0x0000000100000000)
 ParOldGen       total 753152K, used 741350K [0x00000000a0000000, 0x00000000cdf80000, 0x00000000e0000000)
  object space 753152K, 98% used [0x00000000a0000000,0x00000000cd3f9960,0x00000000cdf80000)
 Metaspace       used 52564K, capacity 53886K, committed 54144K, reserved 1095680K
  class space    used 6978K, capacity 7261K, committed 7296K, reserved 1048576K
}
Event: 64.652 GC heap before
{Heap before GC invocations=38 (full 7):
 PSYoungGen      total 349696K, used 46557K [0x00000000e0000000, 0x0000000100000000, 0x0000000100000000)
  eden space 175104K, 0% used [0x00000000e0000000,0x00000000e0000000,0x00000000eab00000)
  from space 174592K, 26% used [0x00000000eab00000,0x00000000ed877788,0x00000000f5580000)
  to   space 174592K, 0% used [0x00000000f5580000,0x00000000f5580000,0x0000000100000000)
 ParOldGen       total 753152K, used 741350K [0x00000000a0000000, 0x00000000cdf80000, 0x00000000e0000000)
  object space 753152K, 98% used [0x00000000a0000000,0x00000000cd3f9960,0x00000000cdf80000)
 Metaspace       used 52564K, capacity 53886K, committed 54144K, reserved 1095680K
  class space    used 6978K, capacity 7261K, committed 7296K, reserved 1048576K

