# JRE version: Java(TM) SE Runtime Environment (8.0_111-b14) (build 1.8.0_111-b14)
# Java VM: Java HotSpot(TM) 64-Bit Server VM (25.111-b14 mixed mode linux-amd64 compressed oops)
Heap:
 PSYoungGen      total 349696K, used 0K [0x00000000e0000000, 0x0000000100000000, 0x0000000100000000)
  eden space 175104K, 0% used [0x00000000e0000000,0x00000000e0000000,0x00000000eab00000)
  from space 174592K, 0% used [0x00000000f5580000,0x00000000f5580000,0x0000000100000000)
  to   space 174592K, 0% used [0x00000000eab00000,0x00000000eab00000,0x00000000f5580000)
 ParOldGen       total 775168K, used 729395K [0x00000000a0000000, 0x00000000cf500000, 0x00000000e0000000)
  object space 775168K, 94% used [0x00000000a0000000,0x00000000cc84ce58,0x00000000cf500000)
 Metaspace       used 52805K, capacity 54116K, committed 54400K, reserved 1095680K
  class space    used 6997K, capacity 7294K, committed 7296K, reserved 1048576K
GC Heap History (10 events):
Event: 68.068 GC heap after
Heap after GC invocations=34 (full 6):
 PSYoungGen      total 348160K, used 54102K [0x00000000e0000000, 0x0000000100000000, 0x0000000100000000)
  eden space 231424K, 0% used [0x00000000e0000000,0x00000000e0000000,0x00000000ee200000)
  from space 116736K, 46% used [0x00000000f8e00000,0x00000000fc2d5b00,0x0000000100000000)
  to   space 146432K, 0% used [0x00000000ee200000,0x00000000ee200000,0x00000000f7100000)
 ParOldGen       total 753664K, used 518125K [0x00000000a0000000, 0x00000000ce000000, 0x00000000e0000000)
  object space 753664K, 68% used [0x00000000a0000000,0x00000000bf9fb7e0,0x00000000ce000000)
 Metaspace       used 52776K, capacity 54116K, committed 54400K, reserved 1095680K
  class space    used 6993K, capacity 7294K, committed 7296K, reserved 1048576K
}
Event: 70.212 GC heap before
{Heap before GC invocations=35 (full 6):
 PSYoungGen      total 348160K, used 285526K [0x00000000e0000000, 0x0000000100000000, 0x0000000100000000)
  eden space 231424K, 100% used [0x00000000e0000000,0x00000000ee200000,0x00000000ee200000)
  from space 116736K, 46% used [0x00000000f8e00000,0x00000000fc2d5b00,0x0000000100000000)
  to   space 146432K, 0% used [0x00000000ee200000,0x00000000ee200000,0x00000000f7100000)
 ParOldGen       total 753664K, used 518125K [0x00000000a0000000, 0x00000000ce000000, 0x00000000e0000000)
  object space 753664K, 68% used [0x00000000a0000000,0x00000000bf9fb7e0,0x00000000ce000000)
 Metaspace       used 52805K, capacity 54116K, committed 54400K, reserved 1095680K
  class space    used 6997K, capacity 7294K, committed 7296K, reserved 1048576K
Event: 70.563 GC heap after
Heap after GC invocations=35 (full 6):
 PSYoungGen      total 344064K, used 112380K [0x00000000e0000000, 0x0000000100000000, 0x0000000100000000)
  eden space 231424K, 0% used [0x00000000e0000000,0x00000000e0000000,0x00000000ee200000)
  from space 112640K, 99% used [0x00000000ee200000,0x00000000f4fbf008,0x00000000f5000000)
  to   space 157696K, 0% used [0x00000000f6600000,0x00000000f6600000,0x0000000100000000)
 ParOldGen       total 753664K, used 555957K [0x00000000a0000000, 0x00000000ce000000, 0x00000000e0000000)
  object space 753664K, 73% used [0x00000000a0000000,0x00000000c1eed5c0,0x00000000ce000000)
 Metaspace       used 52805K, capacity 54116K, committed 54400K, reserved 1095680K
  class space    used 6997K, capacity 7294K, committed 7296K, reserved 1048576K
}
Event: 71.112 GC heap before
{Heap before GC invocations=36 (full 6):
 PSYoungGen      total 344064K, used 343804K [0x00000000e0000000, 0x0000000100000000, 0x0000000100000000)
  eden space 231424K, 100% used [0x00000000e0000000,0x00000000ee200000,0x00000000ee200000)
  from space 112640K, 99% used [0x00000000ee200000,0x00000000f4fbf008,0x00000000f5000000)
  to   space 157696K, 0% used [0x00000000f6600000,0x00000000f6600000,0x0000000100000000)
 ParOldGen       total 753664K, used 555957K [0x00000000a0000000, 0x00000000ce000000, 0x00000000e0000000)
  object space 753664K, 73% used [0x00000000a0000000,0x00000000c1eed5c0,0x00000000ce000000)
 Metaspace       used 52805K, capacity 54116K, committed 54400K, reserved 1095680K
  class space    used 6997K, capacity 7294K, committed 7296K, reserved 1048576K
Event: 71.242 GC heap after
Heap after GC invocations=36 (full 6):
 PSYoungGen      total 332800K, used 157686K [0x00000000e0000000, 0x0000000100000000, 0x0000000100000000)
  eden space 175104K, 0% used [0x00000000e0000000,0x00000000e0000000,0x00000000eab00000)
  from space 157696K, 99% used [0x00000000f6600000,0x00000000ffffd8a8,0x0000000100000000)
  to   space 174592K, 0% used [0x00000000eab00000,0x00000000eab00000,0x00000000f5580000)
 ParOldGen       total 753664K, used 560362K [0x00000000a0000000, 0x00000000ce000000, 0x00000000e0000000)
  object space 753664K, 74% used [0x00000000a0000000,0x00000000c233ab90,0x00000000ce000000)
 Metaspace       used 52805K, capacity 54116K, committed 54400K, reserved 1095680K
  class space    used 6997K, capacity 7294K, committed 7296K, reserved 1048576K
}
Event: 73.045 GC heap before
{Heap before GC invocations=37 (full 6):
 PSYoungGen      total 332800K, used 332790K [0x00000000e0000000, 0x0000000100000000, 0x0000000100000000)
  eden space 175104K, 100% used [0x00000000e0000000,0x00000000eab00000,0x00000000eab00000)
  from space 157696K, 99% used [0x00000000f6600000,0x00000000ffffd8a8,0x0000000100000000)
  to   space 174592K, 0% used [0x00000000eab00000,0x00000000eab00000,0x00000000f5580000)
 ParOldGen       total 753664K, used 560362K [0x00000000a0000000, 0x00000000ce000000, 0x00000000e0000000)
  object space 753664K, 74% used [0x00000000a0000000,0x00000000c233ab90,0x00000000ce000000)
 Metaspace       used 52805K, capacity 54116K, committed 54400K, reserved 1095680K
  class space    used 6997K, capacity 7294K, committed 7296K, reserved 1048576K
Event: 73.266 GC heap after
Heap after GC invocations=37 (full 6):
 PSYoungGen      total 349696K, used 153926K [0x00000000e0000000, 0x0000000100000000, 0x0000000100000000)
  eden space 175104K, 0% used [0x00000000e0000000,0x00000000e0000000,0x00000000eab00000)
  from space 174592K, 88% used [0x00000000eab00000,0x00000000f4151bf8,0x00000000f5580000)
  to   space 174592K, 0% used [0x00000000f5580000,0x00000000f5580000,0x0000000100000000)
 ParOldGen       total 753664K, used 621303K [0x00000000a0000000, 0x00000000ce000000, 0x00000000e0000000)
  object space 753664K, 82% used [0x00000000a0000000,0x00000000c5ebde58,0x00000000ce000000)
 Metaspace       used 52805K, capacity 54116K, committed 54400K, reserved 1095680K
  class space    used 6997K, capacity 7294K, committed 7296K, reserved 1048576K
}
Event: 73.786 GC heap before
{Heap before GC invocations=38 (full 6):
 PSYoungGen      total 349696K, used 329030K [0x00000000e0000000, 0x0000000100000000, 0x0000000100000000)
  eden space 175104K, 100% used [0x00000000e0000000,0x00000000eab00000,0x00000000eab00000)
  from space 174592K, 88% used [0x00000000eab00000,0x00000000f4151bf8,0x00000000f5580000)
  to   space 174592K, 0% used [0x00000000f5580000,0x00000000f5580000,0x0000000100000000)
 ParOldGen       total 753664K, used 621303K [0x00000000a0000000, 0x00000000ce000000, 0x00000000e0000000)
  object space 753664K, 82% used [0x00000000a0000000,0x00000000c5ebde58,0x00000000ce000000)
 Metaspace       used 52805K, capacity 54116K, committed 54400K, reserved 1095680K
  class space    used 6997K, capacity 7294K, committed 7296K, reserved 1048576K
Event: 74.064 GC heap after
Heap after GC invocations=38 (full 6):
 PSYoungGen      total 349696K, used 74102K [0x00000000e0000000, 0x0000000100000000, 0x0000000100000000)
  eden space 175104K, 0% used [0x00000000e0000000,0x00000000e0000000,0x00000000eab00000)
  from space 174592K, 42% used [0x00000000f5580000,0x00000000f9dddb58,0x0000000100000000)
  to   space 174592K, 0% used [0x00000000eab00000,0x00000000eab00000,0x00000000f5580000)
 ParOldGen       total 775168K, used 774251K [0x00000000a0000000, 0x00000000cf500000, 0x00000000e0000000)
  object space 775168K, 99% used [0x00000000a0000000,0x00000000cf41afd8,0x00000000cf500000)
 Metaspace       used 52805K, capacity 54116K, committed 54400K, reserved 1095680K
  class space    used 6997K, capacity 7294K, committed 7296K, reserved 1048576K
}
Event: 74.064 GC heap before
{Heap before GC invocations=39 (full 7):
 PSYoungGen      total 349696K, used 74102K [0x00000000e0000000, 0x0000000100000000, 0x0000000100000000)
  eden space 175104K, 0% used [0x00000000e0000000,0x00000000e0000000,0x00000000eab00000)
  from space 174592K, 42% used [0x00000000f5580000,0x00000000f9dddb58,0x0000000100000000)
  to   space 174592K, 0% used [0x00000000eab00000,0x00000000eab00000,0x00000000f5580000)
 ParOldGen       total 775168K, used 774251K [0x00000000a0000000, 0x00000000cf500000, 0x00000000e0000000)
  object space 775168K, 99% used [0x00000000a0000000,0x00000000cf41afd8,0x00000000cf500000)
 Metaspace       used 52805K, capacity 54116K, committed 54400K, reserved 1095680K
  class space    used 6997K, capacity 7294K, committed 7296K, reserved 1048576K

